  [1m[35m (0.6ms)[0m  [1m[34mSELECT sqlite_version(*)[0m
  [1m[35m (1.9ms)[0m  [1m[35mCREATE TABLE "schema_migrations" ("version" varchar NOT NULL PRIMARY KEY)[0m
  [1m[35m (0.9ms)[0m  [1m[35mCREATE TABLE "ar_internal_metadata" ("key" varchar NOT NULL PRIMARY KEY, "value" varchar, "created_at" datetime NOT NULL, "updated_at" datetime NOT NULL)[0m
  [1m[35m (0.3ms)[0m  [1m[34mSELECT "schema_migrations"."version" FROM "schema_migrations" ORDER BY "schema_migrations"."version" ASC[0m
Migrating to CreateBands (20171122091037)
  [1m[35m (0.2ms)[0m  [1m[36mbegin transaction[0m
  [1m[35m (0.7ms)[0m  [1m[35mCREATE TABLE "bands" ("id" INTEGER PRIMARY KEY AUTOINCREMENT NOT NULL, "name" text, "country" text, "year" text, "members" text, "image" text, "created_at" datetime NOT NULL, "updated_at" datetime NOT NULL)[0m
  [1m[35mSQL (0.3ms)[0m  [1m[32mINSERT INTO "schema_migrations" ("version") VALUES (?)[0m  [["version", "20171122091037"]]
  [1m[35m (0.8ms)[0m  [1m[36mcommit transaction[0m
  [1m[36mActiveRecord::InternalMetadata Load (0.4ms)[0m  [1m[34mSELECT  "ar_internal_metadata".* FROM "ar_internal_metadata" WHERE "ar_internal_metadata"."key" = ? LIMIT ?[0m  [["key", "environment"], ["LIMIT", 1]]
  [1m[35m (0.1ms)[0m  [1m[36mbegin transaction[0m
  [1m[35mSQL (0.6ms)[0m  [1m[32mINSERT INTO "ar_internal_metadata" ("key", "value", "created_at", "updated_at") VALUES (?, ?, ?, ?)[0m  [["key", "environment"], ["value", "development"], ["created_at", "2017-11-22 10:33:39.657822"], ["updated_at", "2017-11-22 10:33:39.657822"]]
  [1m[35m (0.8ms)[0m  [1m[36mcommit transaction[0m
  [1m[35m (0.2ms)[0m  [1m[34mSELECT "schema_migrations"."version" FROM "schema_migrations" ORDER BY "schema_migrations"."version" ASC[0m
  [1m[35m (0.1ms)[0m  [1m[34mSELECT COUNT(*) FROM "bands"[0m
  [1m[35m (0.2ms)[0m  [1m[34mSELECT COUNT(*) FROM "bands"[0m
  [1m[35m (0.1ms)[0m  [1m[34mSELECT "schema_migrations"."version" FROM "schema_migrations" ORDER BY "schema_migrations"."version" ASC[0m
Migrating to CreateAlbums (20171122103644)
  [1m[35m (0.0ms)[0m  [1m[36mbegin transaction[0m
  [1m[35m (0.1ms)[0m  [1m[34mSELECT sqlite_version(*)[0m
  [1m[35m (0.5ms)[0m  [1m[35mCREATE TABLE "albums" ("id" INTEGER PRIMARY KEY AUTOINCREMENT NOT NULL, "name" text, "release_date" date, "image" text, "created_at" datetime NOT NULL, "updated_at" datetime NOT NULL)[0m
  [1m[35mSQL (0.1ms)[0m  [1m[32mINSERT INTO "schema_migrations" ("version") VALUES (?)[0m  [["version", "20171122103644"]]
  [1m[35m (2.1ms)[0m  [1m[36mcommit transaction[0m
  [1m[36mActiveRecord::InternalMetadata Load (0.1ms)[0m  [1m[34mSELECT  "ar_internal_metadata".* FROM "ar_internal_metadata" WHERE "ar_internal_metadata"."key" = ? LIMIT ?[0m  [["key", "environment"], ["LIMIT", 1]]
  [1m[35m (0.1ms)[0m  [1m[36mbegin transaction[0m
  [1m[35m (0.1ms)[0m  [1m[36mcommit transaction[0m
  [1m[35m (0.1ms)[0m  [1m[34mSELECT "schema_migrations"."version" FROM "schema_migrations" ORDER BY "schema_migrations"."version" ASC[0m
  [1m[35m (0.1ms)[0m  [1m[34mSELECT "schema_migrations"."version" FROM "schema_migrations" ORDER BY "schema_migrations"."version" ASC[0m
  [1m[35m (0.1ms)[0m  [1m[34mSELECT "schema_migrations"."version" FROM "schema_migrations" ORDER BY "schema_migrations"."version" ASC[0m
  [1m[36mBand Load (0.2ms)[0m  [1m[34mSELECT "bands".* FROM "bands"[0m
  [1m[35m (0.1ms)[0m  [1m[36mbegin transaction[0m
  [1m[35mSQL (0.6ms)[0m  [1m[32mINSERT INTO "bands" ("name", "country", "year", "members", "image", "created_at", "updated_at") VALUES (?, ?, ?, ?, ?, ?, ?)[0m  [["name", "Radiohead"], ["country", "UK"], ["year", "1985"], ["members", "Thom Yorke, Jonny Greenwood, Ed O'Brien, Colin Greenwood, Philip Selway"], ["image", "https://littlebylisten.files.wordpress.com/2016/06/radiohead-promo.jpg"], ["created_at", "2017-11-22 10:47:45.292070"], ["updated_at", "2017-11-22 10:47:45.292070"]]
  [1m[35m (2.0ms)[0m  [1m[36mcommit transaction[0m
  [1m[36mAlbum Load (0.5ms)[0m  [1m[34mSELECT "albums".* FROM "albums"[0m
  [1m[35m (0.0ms)[0m  [1m[36mbegin transaction[0m
  [1m[35mSQL (0.5ms)[0m  [1m[32mINSERT INTO "albums" ("name", "release_date", "image", "created_at", "updated_at") VALUES (?, ?, ?, ?, ?)[0m  [["name", "In Rainbows"], ["release_date", "2007-10-10"], ["image", "https://images-na.ssl-images-amazon.com/images/I/81KWYrlOt7L._SL1254_.jpg"], ["created_at", "2017-11-22 10:47:45.303503"], ["updated_at", "2017-11-22 10:47:45.303503"]]
  [1m[35m (0.7ms)[0m  [1m[36mcommit transaction[0m
  [1m[36mAlbum Load (1.0ms)[0m  [1m[34mSELECT "albums".* FROM "albums"[0m
  [1m[36mBand Load (0.2ms)[0m  [1m[34mSELECT "bands".* FROM "bands"[0m
  [1m[35m (0.1ms)[0m  [1m[34mSELECT "schema_migrations"."version" FROM "schema_migrations" ORDER BY "schema_migrations"."version" ASC[0m
Started GET "/" for 127.0.0.1 at 2017-11-22 21:50:57 +1100
  [1m[35m (0.2ms)[0m  [1m[34mSELECT "schema_migrations"."version" FROM "schema_migrations" ORDER BY "schema_migrations"."version" ASC[0m
Processing by Rails::WelcomeController#index as HTML
  Rendering /Users/madds/.rvm/gems/ruby-2.4.2/gems/railties-5.1.4/lib/rails/templates/rails/welcome/index.html.erb
  Rendered /Users/madds/.rvm/gems/ruby-2.4.2/gems/railties-5.1.4/lib/rails/templates/rails/welcome/index.html.erb (3.1ms)
Completed 200 OK in 19ms (Views: 8.0ms | ActiveRecord: 0.0ms)


Started GET "/bands" for 127.0.0.1 at 2017-11-22 21:51:15 +1100
Processing by BandsController#index as HTML
  Rendering bands/index.html.erb within layouts/application
  Rendered bands/index.html.erb within layouts/application (0.4ms)
Completed 200 OK in 811ms (Views: 808.6ms | ActiveRecord: 0.0ms)


Started GET "/bands" for 127.0.0.1 at 2017-11-22 21:55:08 +1100
Processing by BandsController#index as HTML
  Rendering bands/index.html.erb within layouts/application
  [1m[36mBand Load (0.2ms)[0m  [1m[34mSELECT "bands".* FROM "bands"[0m
  Rendered bands/index.html.erb within layouts/application (13.8ms)
Completed 200 OK in 38ms (Views: 31.6ms | ActiveRecord: 1.3ms)


Started GET "/bands" for 127.0.0.1 at 2017-11-22 21:55:44 +1100
Processing by BandsController#index as HTML
  Rendering bands/index.html.erb within layouts/application
  [1m[36mBand Load (0.2ms)[0m  [1m[34mSELECT "bands".* FROM "bands"[0m
  Rendered bands/index.html.erb within layouts/application (1.1ms)
Completed 200 OK in 20ms (Views: 17.1ms | ActiveRecord: 0.2ms)


Started GET "/bands" for 127.0.0.1 at 2017-11-22 21:56:13 +1100
Processing by BandsController#index as HTML
  Rendering bands/index.html.erb within layouts/application
  [1m[36mBand Load (0.2ms)[0m  [1m[34mSELECT "bands".* FROM "bands"[0m
  Rendered bands/index.html.erb within layouts/application (1.3ms)
Completed 200 OK in 44ms (Views: 40.4ms | ActiveRecord: 0.2ms)


Started GET "/bands" for 127.0.0.1 at 2017-11-22 21:57:14 +1100
Processing by BandsController#index as HTML
  Rendering bands/index.html.erb within layouts/application
  [1m[36mBand Load (0.2ms)[0m  [1m[34mSELECT "bands".* FROM "bands"[0m
  Rendered bands/index.html.erb within layouts/application (1.2ms)
Completed 200 OK in 39ms (Views: 36.3ms | ActiveRecord: 0.2ms)


Started GET "/bands" for 127.0.0.1 at 2017-11-22 21:58:15 +1100
Processing by BandsController#index as HTML
  Rendering bands/index.html.erb within layouts/application
  [1m[36mBand Load (0.2ms)[0m  [1m[34mSELECT "bands".* FROM "bands"[0m
  Rendered bands/index.html.erb within layouts/application (152.7ms)
Completed 500 Internal Server Error in 162ms (ActiveRecord: 0.2ms)


  
ActionView::Template::Error (undefined local variable or method `band' for #<#<Class:0x00007ff84fed1a58>:0x00007ff84fe20780>
Did you mean?  @bands):
    1: <h1>All of the Bands</h1>
    2: 
    3: <% @bands.each do |b| %>
    4:   <%= link_to image_tag( b.image, :class => "thumb" ), band %>
    5:   <p><%= b.name %></p>
    6: <% end %>
  
app/views/bands/index.html.erb:4:in `block in _app_views_bands_index_html_erb___2543126979729221253_70352234418220'
app/views/bands/index.html.erb:3:in `_app_views_bands_index_html_erb___2543126979729221253_70352234418220'
Started GET "/bands" for 127.0.0.1 at 2017-11-22 21:58:58 +1100
Processing by BandsController#index as HTML
  Rendering bands/index.html.erb within layouts/application
  [1m[36mBand Load (0.2ms)[0m  [1m[34mSELECT "bands".* FROM "bands"[0m
  Rendered bands/index.html.erb within layouts/application (1.8ms)
Completed 200 OK in 22ms (Views: 19.0ms | ActiveRecord: 0.2ms)


Started GET "/bands" for 127.0.0.1 at 2017-11-22 22:02:44 +1100
Processing by BandsController#index as HTML
  Rendering bands/index.html.erb within layouts/application
  [1m[36mBand Load (0.2ms)[0m  [1m[34mSELECT "bands".* FROM "bands"[0m
  Rendered bands/index.html.erb within layouts/application (13.3ms)
Completed 200 OK in 38ms (Views: 33.4ms | ActiveRecord: 1.1ms)


Started GET "/bands/1" for 127.0.0.1 at 2017-11-22 22:02:47 +1100
Processing by BandsController#show as HTML
  Parameters: {"id"=>"1"}
  [1m[36mBand Load (0.3ms)[0m  [1m[34mSELECT  "bands".* FROM "bands" WHERE "bands"."id" = ? LIMIT ?[0m  [["id", 1], ["LIMIT", 1]]
  Rendering bands/show.html.erb within layouts/application
  Rendered bands/show.html.erb within layouts/application (1.6ms)
Completed 200 OK in 50ms (Views: 40.4ms | ActiveRecord: 0.3ms)


Started GET "/bands/1" for 127.0.0.1 at 2017-11-22 22:02:54 +1100
Processing by BandsController#show as HTML
  Parameters: {"id"=>"1"}
  [1m[36mBand Load (0.1ms)[0m  [1m[34mSELECT  "bands".* FROM "bands" WHERE "bands"."id" = ? LIMIT ?[0m  [["id", 1], ["LIMIT", 1]]
  Rendering bands/show.html.erb within layouts/application
  Rendered bands/show.html.erb within layouts/application (0.6ms)
Completed 200 OK in 21ms (Views: 17.1ms | ActiveRecord: 0.1ms)


Started GET "/bands/1" for 127.0.0.1 at 2017-11-22 22:03:04 +1100
Processing by BandsController#show as HTML
  Parameters: {"id"=>"1"}
  [1m[36mBand Load (0.1ms)[0m  [1m[34mSELECT  "bands".* FROM "bands" WHERE "bands"."id" = ? LIMIT ?[0m  [["id", 1], ["LIMIT", 1]]
  Rendering bands/show.html.erb within layouts/application
  Rendered bands/show.html.erb within layouts/application (0.5ms)
Completed 200 OK in 20ms (Views: 16.1ms | ActiveRecord: 0.1ms)


Started GET "/bands/1" for 127.0.0.1 at 2017-11-22 22:03:40 +1100
Processing by BandsController#show as HTML
  Parameters: {"id"=>"1"}
  [1m[36mBand Load (0.1ms)[0m  [1m[34mSELECT  "bands".* FROM "bands" WHERE "bands"."id" = ? LIMIT ?[0m  [["id", 1], ["LIMIT", 1]]
  Rendering bands/show.html.erb within layouts/application
  Rendered bands/show.html.erb within layouts/application (0.6ms)
Completed 200 OK in 38ms (Views: 34.9ms | ActiveRecord: 0.1ms)


  [1m[35m (0.1ms)[0m  [1m[34mSELECT "schema_migrations"."version" FROM "schema_migrations" ORDER BY "schema_migrations"."version" ASC[0m
Started GET "/bands" for 127.0.0.1 at 2017-11-22 22:05:33 +1100
Processing by BandsController#index as HTML
  Rendering bands/index.html.erb within layouts/application
  [1m[36mBand Load (0.1ms)[0m  [1m[34mSELECT "bands".* FROM "bands"[0m
  Rendered bands/index.html.erb within layouts/application (13.3ms)
Completed 200 OK in 89ms (Views: 84.2ms | ActiveRecord: 1.2ms)


Started GET "/bands" for 127.0.0.1 at 2017-11-22 22:05:33 +1100
Processing by BandsController#index as HTML
  Rendering bands/index.html.erb within layouts/application
  [1m[36mBand Load (0.2ms)[0m  [1m[34mSELECT "bands".* FROM "bands"[0m
  Rendered bands/index.html.erb within layouts/application (1.3ms)
Completed 200 OK in 25ms (Views: 20.5ms | ActiveRecord: 0.2ms)


Started GET "/albums" for 127.0.0.1 at 2017-11-22 22:05:37 +1100
Processing by AlbumsController#index as HTML
  Rendering albums/index.html.erb within layouts/application
  Rendered albums/index.html.erb within layouts/application (0.4ms)
Completed 200 OK in 21ms (Views: 18.6ms | ActiveRecord: 0.0ms)


Started GET "/albums" for 127.0.0.1 at 2017-11-22 22:07:41 +1100
Processing by AlbumsController#index as HTML
  Rendering albums/index.html.erb within layouts/application
  Rendered albums/index.html.erb within layouts/application (0.3ms)
Completed 500 Internal Server Error in 204ms (ActiveRecord: 0.0ms)


  
ActionView::Template::Error (undefined local variable or method `bands' for #<#<Class:0x00007ff84fed8380>:0x00007ff84a767f38>
Did you mean?  bands_url):
    10: 
    11:   <body>
    12:     <nav>
    13:       <%= link_to 'All Bands', bands %>
    14:       <%= link_to 'New Band', new_band_path %> |
    15:       <%= link_to 'All Albums', albums %>
    16:       <%= link_to 'New Album', new_album_path %>
  
app/views/layouts/application.html.erb:13:in `_app_views_layouts_application_html_erb___3474815578559185344_70352188940660'
Started GET "/albums" for 127.0.0.1 at 2017-11-22 22:07:50 +1100
Processing by AlbumsController#index as HTML
  Rendering albums/index.html.erb within layouts/application
  Rendered albums/index.html.erb within layouts/application (0.4ms)
Completed 500 Internal Server Error in 245ms (ActiveRecord: 0.0ms)


  
ActionView::Template::Error (undefined local variable or method `albums' for #<#<Class:0x00007ff84fed8380>:0x00007ff84b84d320>
Did you mean?  albums_url):
    12:     <nav>
    13:       <%= link_to 'All Bands', bands_path %>
    14:       <%= link_to 'New Band', new_band_path %> |
    15:       <%= link_to 'All Albums', albums %>
    16:       <%= link_to 'New Album', new_album_path %>
    17:     </nav>
    18:     <%= yield %>
  
app/views/layouts/application.html.erb:15:in `_app_views_layouts_application_html_erb___3474815578559185344_70352197772960'
Started GET "/albums" for 127.0.0.1 at 2017-11-22 22:07:58 +1100
Processing by AlbumsController#index as HTML
  Rendering albums/index.html.erb within layouts/application
  Rendered albums/index.html.erb within layouts/application (0.3ms)
Completed 200 OK in 29ms (Views: 26.6ms | ActiveRecord: 0.0ms)


Started GET "/bands" for 127.0.0.1 at 2017-11-22 22:08:00 +1100
Processing by BandsController#index as HTML
  Rendering bands/index.html.erb within layouts/application
  [1m[36mBand Load (0.2ms)[0m  [1m[34mSELECT "bands".* FROM "bands"[0m
  Rendered bands/index.html.erb within layouts/application (1.7ms)
Completed 200 OK in 31ms (Views: 28.0ms | ActiveRecord: 0.2ms)


Started GET "/bands/new" for 127.0.0.1 at 2017-11-22 22:08:02 +1100
Processing by BandsController#new as HTML
  Rendering bands/new.html.erb within layouts/application
  Rendered bands/new.html.erb within layouts/application (0.3ms)
Completed 200 OK in 30ms (Views: 27.0ms | ActiveRecord: 0.0ms)


Started GET "/albums" for 127.0.0.1 at 2017-11-22 22:08:03 +1100
Processing by AlbumsController#index as HTML
  Rendering albums/index.html.erb within layouts/application
  Rendered albums/index.html.erb within layouts/application (0.5ms)
Completed 200 OK in 32ms (Views: 28.8ms | ActiveRecord: 0.0ms)


Started GET "/albums/new" for 127.0.0.1 at 2017-11-22 22:08:04 +1100
Processing by AlbumsController#new as HTML
  Rendering albums/new.html.erb within layouts/application
  Rendered albums/new.html.erb within layouts/application (0.3ms)
Completed 200 OK in 33ms (Views: 29.6ms | ActiveRecord: 0.0ms)


Started GET "/bands" for 127.0.0.1 at 2017-11-22 22:08:05 +1100
Processing by BandsController#index as HTML
  Rendering bands/index.html.erb within layouts/application
  [1m[36mBand Load (0.8ms)[0m  [1m[34mSELECT "bands".* FROM "bands"[0m
  Rendered bands/index.html.erb within layouts/application (2.4ms)
Completed 200 OK in 48ms (Views: 43.0ms | ActiveRecord: 0.8ms)


Started GET "/albums" for 127.0.0.1 at 2017-11-22 22:11:28 +1100
Processing by AlbumsController#index as HTML
  Rendering albums/index.html.erb within layouts/application
  [1m[36mAlbum Load (0.2ms)[0m  [1m[34mSELECT "albums".* FROM "albums"[0m
  Rendered albums/index.html.erb within layouts/application (16.5ms)
Completed 500 Internal Server Error in 26ms (ActiveRecord: 1.3ms)


  
ActionView::Template::Error (undefined method `date' for #<Album:0x00007ff84e04cbc8>
Did you mean?  update):
    2: 
    3: <% @albums.each do |a| %>
    4:   <%= image_tag( a.image ) %>
    5:   <p><%= a.date.strftime "%A %B %e, %Y" %></p>
    6: <% end %>
  
app/views/albums/index.html.erb:5:in `block in _app_views_albums_index_html_erb___3827662330170026391_70352218882580'
app/views/albums/index.html.erb:3:in `_app_views_albums_index_html_erb___3827662330170026391_70352218882580'
Started GET "/albums" for 127.0.0.1 at 2017-11-22 22:11:36 +1100
Processing by AlbumsController#index as HTML
  Rendering albums/index.html.erb within layouts/application
  [1m[36mAlbum Load (0.2ms)[0m  [1m[34mSELECT "albums".* FROM "albums"[0m
  Rendered albums/index.html.erb within layouts/application (6.7ms)
Completed 500 Internal Server Error in 15ms (ActiveRecord: 0.2ms)


  
ActionView::Template::Error (undefined method `date' for #<Album:0x00007ff84ffa3cd8>
Did you mean?  update):
    2: 
    3: <% @albums.each do |a| %>
    4:   <%= image_tag( a.image ) %>
    5:   <p><%= a.date.strftime("%A %B %e, %Y") %></p>
    6: <% end %>
  
app/views/albums/index.html.erb:5:in `block in _app_views_albums_index_html_erb___3827662330170026391_70352235256060'
app/views/albums/index.html.erb:3:in `_app_views_albums_index_html_erb___3827662330170026391_70352235256060'
Started GET "/albums" for 127.0.0.1 at 2017-11-22 22:12:29 +1100
Processing by AlbumsController#index as HTML
  Rendering albums/index.html.erb within layouts/application
  [1m[36mAlbum Load (0.2ms)[0m  [1m[34mSELECT "albums".* FROM "albums"[0m
  Rendered albums/index.html.erb within layouts/application (1.1ms)
Completed 200 OK in 21ms (Views: 17.9ms | ActiveRecord: 0.2ms)


Started GET "/albums" for 127.0.0.1 at 2017-11-22 22:12:41 +1100
Processing by AlbumsController#index as HTML
  Rendering albums/index.html.erb within layouts/application
  [1m[36mAlbum Load (0.2ms)[0m  [1m[34mSELECT "albums".* FROM "albums"[0m
  Rendered albums/index.html.erb within layouts/application (1.1ms)
Completed 200 OK in 22ms (Views: 18.9ms | ActiveRecord: 0.2ms)


Started GET "/albums" for 127.0.0.1 at 2017-11-22 22:13:14 +1100
Processing by AlbumsController#index as HTML
  Rendering albums/index.html.erb within layouts/application
  [1m[36mAlbum Load (0.2ms)[0m  [1m[34mSELECT "albums".* FROM "albums"[0m
  Rendered albums/index.html.erb within layouts/application (1.4ms)
Completed 200 OK in 29ms (Views: 26.5ms | ActiveRecord: 0.2ms)


Started GET "/albums" for 127.0.0.1 at 2017-11-22 22:13:46 +1100
Processing by AlbumsController#index as HTML
  Rendering albums/index.html.erb within layouts/application
  [1m[36mAlbum Load (0.2ms)[0m  [1m[34mSELECT "albums".* FROM "albums"[0m
  Rendered albums/index.html.erb within layouts/application (1.7ms)
Completed 200 OK in 23ms (Views: 19.8ms | ActiveRecord: 0.2ms)


Started GET "/albums/1" for 127.0.0.1 at 2017-11-22 22:13:51 +1100
Processing by AlbumsController#show as HTML
  Parameters: {"id"=>"1"}
  Rendering albums/show.html.erb within layouts/application
  Rendered albums/show.html.erb within layouts/application (0.5ms)
Completed 200 OK in 29ms (Views: 26.0ms | ActiveRecord: 0.0ms)


Started GET "/albums/1" for 127.0.0.1 at 2017-11-22 22:15:03 +1100
Processing by AlbumsController#show as HTML
  Parameters: {"id"=>"1"}
  [1m[36mAlbum Load (0.1ms)[0m  [1m[34mSELECT  "albums".* FROM "albums" WHERE "albums"."id" = ? LIMIT ?[0m  [["id", 1], ["LIMIT", 1]]
  Rendering albums/show.html.erb within layouts/application
  Rendered albums/show.html.erb within layouts/application (0.5ms)
Completed 200 OK in 36ms (Views: 25.0ms | ActiveRecord: 0.9ms)


Started GET "/albums/1" for 127.0.0.1 at 2017-11-22 22:15:38 +1100
Processing by AlbumsController#show as HTML
  Parameters: {"id"=>"1"}
  [1m[36mAlbum Load (0.1ms)[0m  [1m[34mSELECT  "albums".* FROM "albums" WHERE "albums"."id" = ? LIMIT ?[0m  [["id", 1], ["LIMIT", 1]]
  Rendering albums/show.html.erb within layouts/application
  Rendered albums/show.html.erb within layouts/application (0.5ms)
Completed 200 OK in 51ms (Views: 47.6ms | ActiveRecord: 0.1ms)


Started GET "/albums/1" for 127.0.0.1 at 2017-11-22 22:16:22 +1100
Processing by AlbumsController#show as HTML
  Parameters: {"id"=>"1"}
  [1m[36mAlbum Load (0.1ms)[0m  [1m[34mSELECT  "albums".* FROM "albums" WHERE "albums"."id" = ? LIMIT ?[0m  [["id", 1], ["LIMIT", 1]]
  Rendering albums/show.html.erb within layouts/application
  Rendered albums/show.html.erb within layouts/application (0.5ms)
Completed 200 OK in 23ms (Views: 20.0ms | ActiveRecord: 0.1ms)


