  [1m[35m (0.5ms)[0m  [1m[34mSELECT COUNT(*) FROM "oceans"[0m
  [1m[35m (16.8ms)[0m  [1m[34mSELECT sqlite_version(*)[0m
  [1m[35m (14.7ms)[0m  [1m[35mCREATE TABLE "schema_migrations" ("version" varchar NOT NULL PRIMARY KEY)[0m
  [1m[35m (16.0ms)[0m  [1m[35mCREATE TABLE "ar_internal_metadata" ("key" varchar NOT NULL PRIMARY KEY, "value" varchar, "created_at" datetime NOT NULL, "updated_at" datetime NOT NULL)[0m
  [1m[35m (0.2ms)[0m  [1m[34mSELECT "schema_migrations"."version" FROM "schema_migrations" ORDER BY "schema_migrations"."version" ASC[0m
  [1m[36mOcean Load (26.4ms)[0m  [1m[34mSELECT "oceans".* FROM "oceans"[0m
  [1m[35m (0.1ms)[0m  [1m[36mbegin transaction[0m
  [1m[35mSQL (9.4ms)[0m  [1m[32mINSERT INTO "oceans" ("name", "area", "depth") VALUES (?, ?, ?)[0m  [["name", "Arctic"], ["area", 14056000.0], ["depth", 1038.0]]
  [1m[35m (16.0ms)[0m  [1m[36mcommit transaction[0m
  [1m[35m (0.1ms)[0m  [1m[36mbegin transaction[0m
  [1m[35mSQL (20.1ms)[0m  [1m[32mINSERT INTO "oceans" ("name", "area", "depth") VALUES (?, ?, ?)[0m  [["name", "Atlantic"], ["area", 106460000.0], ["depth", 3646.0]]
  [1m[35m (1.0ms)[0m  [1m[36mcommit transaction[0m
  [1m[35m (0.1ms)[0m  [1m[36mbegin transaction[0m
  [1m[35mSQL (0.4ms)[0m  [1m[32mINSERT INTO "oceans" ("name", "area", "depth") VALUES (?, ?, ?)[0m  [["name", "Pacific"], ["area", 161800000.0], ["depth", 4280.0]]
  [1m[35m (22.7ms)[0m  [1m[36mcommit transaction[0m
  [1m[35m (0.1ms)[0m  [1m[36mbegin transaction[0m
  [1m[35mSQL (0.4ms)[0m  [1m[32mINSERT INTO "oceans" ("name", "area", "depth") VALUES (?, ?, ?)[0m  [["name", "Indian"], ["area", 70560000.0], ["depth", 3890.0]]
  [1m[35m (1.0ms)[0m  [1m[36mcommit transaction[0m
  [1m[35m (0.1ms)[0m  [1m[36mbegin transaction[0m
  [1m[35mSQL (0.5ms)[0m  [1m[32mINSERT INTO "oceans" ("name", "area", "depth") VALUES (?, ?, ?)[0m  [["name", "Antarctic"], ["area", 20330000.0], ["depth", 4500.0]]
  [1m[35m (0.9ms)[0m  [1m[36mcommit transaction[0m
Started GET "/" for 127.0.0.1 at 2017-11-21 22:38:37 +1100
Processing by OceansController#index as HTML
  Rendering oceans/index.html.erb within layouts/application
  Rendered oceans/index.html.erb within layouts/application (2.7ms)
Completed 200 OK in 1349ms (Views: 482.9ms)


Started GET "/index" for 127.0.0.1 at 2017-11-21 22:38:47 +1100
  
ActionController::RoutingError (No route matches [GET] "/index"):
  
actionpack (5.1.4) lib/action_dispatch/middleware/debug_exceptions.rb:63:in `call'
web-console (3.5.1) lib/web_console/middleware.rb:135:in `call_app'
web-console (3.5.1) lib/web_console/middleware.rb:28:in `block in call'
web-console (3.5.1) lib/web_console/middleware.rb:18:in `catch'
web-console (3.5.1) lib/web_console/middleware.rb:18:in `call'
actionpack (5.1.4) lib/action_dispatch/middleware/show_exceptions.rb:31:in `call'
railties (5.1.4) lib/rails/rack/logger.rb:36:in `call_app'
railties (5.1.4) lib/rails/rack/logger.rb:24:in `block in call'
activesupport (5.1.4) lib/active_support/tagged_logging.rb:69:in `block in tagged'
activesupport (5.1.4) lib/active_support/tagged_logging.rb:26:in `tagged'
activesupport (5.1.4) lib/active_support/tagged_logging.rb:69:in `tagged'
railties (5.1.4) lib/rails/rack/logger.rb:24:in `call'
sprockets-rails (3.2.1) lib/sprockets/rails/quiet_assets.rb:13:in `call'
actionpack (5.1.4) lib/action_dispatch/middleware/remote_ip.rb:79:in `call'
actionpack (5.1.4) lib/action_dispatch/middleware/request_id.rb:25:in `call'
rack (2.0.3) lib/rack/method_override.rb:22:in `call'
rack (2.0.3) lib/rack/runtime.rb:22:in `call'
activesupport (5.1.4) lib/active_support/cache/strategy/local_cache_middleware.rb:27:in `call'
actionpack (5.1.4) lib/action_dispatch/middleware/executor.rb:12:in `call'
actionpack (5.1.4) lib/action_dispatch/middleware/static.rb:125:in `call'
rack (2.0.3) lib/rack/sendfile.rb:111:in `call'
railties (5.1.4) lib/rails/engine.rb:522:in `call'
puma (3.11.0) lib/puma/configuration.rb:225:in `call'
puma (3.11.0) lib/puma/server.rb:624:in `handle_request'
puma (3.11.0) lib/puma/server.rb:438:in `process_client'
puma (3.11.0) lib/puma/server.rb:302:in `block in run'
puma (3.11.0) lib/puma/thread_pool.rb:120:in `block in spawn_thread'
Started GET "/rails/info/routes" for 127.0.0.1 at 2017-11-21 22:50:57 +1100
Processing by Rails::InfoController#routes as HTML
  Rendering /Users/sheren/.rvm/gems/ruby-2.4.2/gems/railties-5.1.4/lib/rails/templates/rails/info/routes.html.erb within layouts/application
  Rendered collection of /Users/sheren/.rvm/gems/ruby-2.4.2/gems/actionpack-5.1.4/lib/action_dispatch/middleware/templates/routes/_route.html.erb [3 times] (7.1ms)
  Rendered /Users/sheren/.rvm/gems/ruby-2.4.2/gems/actionpack-5.1.4/lib/action_dispatch/middleware/templates/routes/_table.html.erb (2.3ms)
  Rendered /Users/sheren/.rvm/gems/ruby-2.4.2/gems/railties-5.1.4/lib/rails/templates/rails/info/routes.html.erb within layouts/application (30.4ms)
Completed 200 OK in 93ms (Views: 43.7ms)


Started GET "/" for 127.0.0.1 at 2017-11-21 22:51:03 +1100
Processing by OceansController#index as HTML
  Rendering oceans/index.html.erb within layouts/application
  Rendered oceans/index.html.erb within layouts/application (14.6ms)
Completed 500 Internal Server Error in 39ms


  
SyntaxError (/Users/sheren/Projects/WDi24-Homework/sheren_to/week_05/day_02/hydrosphere/app/views/oceans/index.html.erb:6: syntax error, unexpected keyword_end
ze;@output_buffer.append=( end );@output_buffer.safe_append=
                              ^
/Users/sheren/Projects/WDi24-Homework/sheren_to/week_05/day_02/hydrosphere/app/views/oceans/index.html.erb:11: syntax error, unexpected keyword_ensure, expecting ')'
          ensure
                ^
/Users/sheren/Projects/WDi24-Homework/sheren_to/week_05/day_02/hydrosphere/app/views/oceans/index.html.erb:13: syntax error, unexpected keyword_end, expecting ')'
          end
             ^):
  
app/views/oceans/index.html.erb:6: syntax error, unexpected keyword_end
app/views/oceans/index.html.erb:11: syntax error, unexpected keyword_ensure, expecting ')'
app/views/oceans/index.html.erb:13: syntax error, unexpected keyword_end, expecting ')'
Started GET "/" for 127.0.0.1 at 2017-11-21 22:51:46 +1100
Processing by OceansController#index as HTML
  Rendering oceans/index.html.erb within layouts/application
  Rendered oceans/index.html.erb within layouts/application (7.8ms)
Completed 500 Internal Server Error in 26ms


  
ActionView::Template::Error (undefined method `each' for nil:NilClass):
    1: 
    2: <h2>sail the seven seas..</h2>
    3: 
    4: <% @oceans.each do |ocean| %>
    5:   <p><%= link_to ocean.name, ocean_path(ocean.id) %></p>
    6: <% end %>
    7: 
  
app/views/oceans/index.html.erb:4:in `_app_views_oceans_index_html_erb__3832145974024080612_70337209229260'
Started GET "/" for 127.0.0.1 at 2017-11-21 22:53:56 +1100
Processing by OceansController#index as HTML
  Rendering oceans/index.html.erb within layouts/application
  [1m[36mOcean Load (2.3ms)[0m  [1m[34mSELECT "oceans".* FROM "oceans"[0m
  Rendered oceans/index.html.erb within layouts/application (191.1ms)
Completed 500 Internal Server Error in 347ms (ActiveRecord: 3.8ms)


  
ActionView::Template::Error (undefined method `ocean_path' for #<#<Class:0x00007ff14ef1ddc0>:0x00007ff14ef1c1a0>
Did you mean?  oceans_path):
    2: <h2>sail the seven seas..</h2>
    3: 
    4: <% @oceans.each do |ocean| %>
    5:   <p><%= link_to ocean.name, ocean_path(ocean.id) %></p>
    6: <% end %>
    7: 
    8: <a href="https://www.livescience.com/27663-seven-seas.html"> Some more info</a>
  
app/views/oceans/index.html.erb:5:in `block in _app_views_oceans_index_html_erb__3832145974024080612_70337194160940'
app/views/oceans/index.html.erb:4:in `_app_views_oceans_index_html_erb__3832145974024080612_70337194160940'
Started GET "/new" for 127.0.0.1 at 2017-11-21 22:58:50 +1100
  
ActionController::RoutingError (No route matches [GET] "/new"):
  
actionpack (5.1.4) lib/action_dispatch/middleware/debug_exceptions.rb:63:in `call'
web-console (3.5.1) lib/web_console/middleware.rb:135:in `call_app'
web-console (3.5.1) lib/web_console/middleware.rb:28:in `block in call'
web-console (3.5.1) lib/web_console/middleware.rb:18:in `catch'
web-console (3.5.1) lib/web_console/middleware.rb:18:in `call'
actionpack (5.1.4) lib/action_dispatch/middleware/show_exceptions.rb:31:in `call'
railties (5.1.4) lib/rails/rack/logger.rb:36:in `call_app'
railties (5.1.4) lib/rails/rack/logger.rb:24:in `block in call'
activesupport (5.1.4) lib/active_support/tagged_logging.rb:69:in `block in tagged'
activesupport (5.1.4) lib/active_support/tagged_logging.rb:26:in `tagged'
activesupport (5.1.4) lib/active_support/tagged_logging.rb:69:in `tagged'
railties (5.1.4) lib/rails/rack/logger.rb:24:in `call'
sprockets-rails (3.2.1) lib/sprockets/rails/quiet_assets.rb:13:in `call'
actionpack (5.1.4) lib/action_dispatch/middleware/remote_ip.rb:79:in `call'
actionpack (5.1.4) lib/action_dispatch/middleware/request_id.rb:25:in `call'
rack (2.0.3) lib/rack/method_override.rb:22:in `call'
rack (2.0.3) lib/rack/runtime.rb:22:in `call'
activesupport (5.1.4) lib/active_support/cache/strategy/local_cache_middleware.rb:27:in `call'
actionpack (5.1.4) lib/action_dispatch/middleware/executor.rb:12:in `call'
actionpack (5.1.4) lib/action_dispatch/middleware/static.rb:125:in `call'
rack (2.0.3) lib/rack/sendfile.rb:111:in `call'
railties (5.1.4) lib/rails/engine.rb:522:in `call'
puma (3.11.0) lib/puma/configuration.rb:225:in `call'
puma (3.11.0) lib/puma/server.rb:624:in `handle_request'
puma (3.11.0) lib/puma/server.rb:438:in `process_client'
puma (3.11.0) lib/puma/server.rb:302:in `block in run'
puma (3.11.0) lib/puma/thread_pool.rb:120:in `block in spawn_thread'
Started GET "/new" for 127.0.0.1 at 2017-11-21 23:05:22 +1100
  
ActionController::RoutingError (No route matches [GET] "/new"):
  
actionpack (5.1.4) lib/action_dispatch/middleware/debug_exceptions.rb:63:in `call'
web-console (3.5.1) lib/web_console/middleware.rb:135:in `call_app'
web-console (3.5.1) lib/web_console/middleware.rb:28:in `block in call'
web-console (3.5.1) lib/web_console/middleware.rb:18:in `catch'
web-console (3.5.1) lib/web_console/middleware.rb:18:in `call'
actionpack (5.1.4) lib/action_dispatch/middleware/show_exceptions.rb:31:in `call'
railties (5.1.4) lib/rails/rack/logger.rb:36:in `call_app'
railties (5.1.4) lib/rails/rack/logger.rb:24:in `block in call'
activesupport (5.1.4) lib/active_support/tagged_logging.rb:69:in `block in tagged'
activesupport (5.1.4) lib/active_support/tagged_logging.rb:26:in `tagged'
activesupport (5.1.4) lib/active_support/tagged_logging.rb:69:in `tagged'
railties (5.1.4) lib/rails/rack/logger.rb:24:in `call'
sprockets-rails (3.2.1) lib/sprockets/rails/quiet_assets.rb:13:in `call'
actionpack (5.1.4) lib/action_dispatch/middleware/remote_ip.rb:79:in `call'
actionpack (5.1.4) lib/action_dispatch/middleware/request_id.rb:25:in `call'
rack (2.0.3) lib/rack/method_override.rb:22:in `call'
rack (2.0.3) lib/rack/runtime.rb:22:in `call'
activesupport (5.1.4) lib/active_support/cache/strategy/local_cache_middleware.rb:27:in `call'
actionpack (5.1.4) lib/action_dispatch/middleware/executor.rb:12:in `call'
actionpack (5.1.4) lib/action_dispatch/middleware/static.rb:125:in `call'
rack (2.0.3) lib/rack/sendfile.rb:111:in `call'
railties (5.1.4) lib/rails/engine.rb:522:in `call'
puma (3.11.0) lib/puma/configuration.rb:225:in `call'
puma (3.11.0) lib/puma/server.rb:624:in `handle_request'
puma (3.11.0) lib/puma/server.rb:438:in `process_client'
puma (3.11.0) lib/puma/server.rb:302:in `block in run'
puma (3.11.0) lib/puma/thread_pool.rb:120:in `block in spawn_thread'
Started GET "/new" for 127.0.0.1 at 2017-11-22 04:10:50 +1100
  
ActionController::RoutingError (No route matches [GET] "/new"):
  
actionpack (5.1.4) lib/action_dispatch/middleware/debug_exceptions.rb:63:in `call'
web-console (3.5.1) lib/web_console/middleware.rb:135:in `call_app'
web-console (3.5.1) lib/web_console/middleware.rb:28:in `block in call'
web-console (3.5.1) lib/web_console/middleware.rb:18:in `catch'
web-console (3.5.1) lib/web_console/middleware.rb:18:in `call'
actionpack (5.1.4) lib/action_dispatch/middleware/show_exceptions.rb:31:in `call'
railties (5.1.4) lib/rails/rack/logger.rb:36:in `call_app'
railties (5.1.4) lib/rails/rack/logger.rb:24:in `block in call'
activesupport (5.1.4) lib/active_support/tagged_logging.rb:69:in `block in tagged'
activesupport (5.1.4) lib/active_support/tagged_logging.rb:26:in `tagged'
activesupport (5.1.4) lib/active_support/tagged_logging.rb:69:in `tagged'
railties (5.1.4) lib/rails/rack/logger.rb:24:in `call'
sprockets-rails (3.2.1) lib/sprockets/rails/quiet_assets.rb:13:in `call'
actionpack (5.1.4) lib/action_dispatch/middleware/remote_ip.rb:79:in `call'
actionpack (5.1.4) lib/action_dispatch/middleware/request_id.rb:25:in `call'
rack (2.0.3) lib/rack/method_override.rb:22:in `call'
rack (2.0.3) lib/rack/runtime.rb:22:in `call'
activesupport (5.1.4) lib/active_support/cache/strategy/local_cache_middleware.rb:27:in `call'
actionpack (5.1.4) lib/action_dispatch/middleware/executor.rb:12:in `call'
actionpack (5.1.4) lib/action_dispatch/middleware/static.rb:125:in `call'
rack (2.0.3) lib/rack/sendfile.rb:111:in `call'
railties (5.1.4) lib/rails/engine.rb:522:in `call'
puma (3.11.0) lib/puma/configuration.rb:225:in `call'
puma (3.11.0) lib/puma/server.rb:624:in `handle_request'
puma (3.11.0) lib/puma/server.rb:438:in `process_client'
puma (3.11.0) lib/puma/server.rb:302:in `block in run'
puma (3.11.0) lib/puma/thread_pool.rb:120:in `block in spawn_thread'
Started GET "/" for 127.0.0.1 at 2017-11-22 04:10:56 +1100
Processing by OceansController#index as HTML
  Rendering oceans/index.html.erb within layouts/application
  [1m[36mOcean Load (0.7ms)[0m  [1m[34mSELECT "oceans".* FROM "oceans"[0m
  Rendered oceans/index.html.erb within layouts/application (155.0ms)
Completed 500 Internal Server Error in 220ms (ActiveRecord: 2.9ms)


  
ActionView::Template::Error (undefined method `ocean_path' for #<#<Class:0x00007ff150d53ce0>:0x00007ff150d52110>
Did you mean?  oceans_path):
    2: <h2>sail the seven seas..</h2>
    3: 
    4: <% @oceans.each do |ocean| %>
    5:   <p><%= link_to ocean.name, ocean_path(ocean.id) %></p>
    6: <% end %>
    7: 
    8: <a href="https://www.livescience.com/27663-seven-seas.html"> Some more info</a>
  
app/views/oceans/index.html.erb:5:in `block in _app_views_oceans_index_html_erb__3832145974024080612_70337210008460'
app/views/oceans/index.html.erb:4:in `_app_views_oceans_index_html_erb__3832145974024080612_70337210008460'
Started GET "/" for 127.0.0.1 at 2017-11-22 04:25:36 +1100
  
SyntaxError (/Users/sheren/Projects/WDi24-Homework/sheren_to/week_05/day_02/hydrosphere/config/routes.rb:7: syntax error, unexpected ':', expecting keyword_end
oceans/:id' => 'oceans#show' :as => 'ocean'
                              ^):
  
config/routes.rb:7: syntax error, unexpected ':', expecting keyword_end
Started GET "/" for 127.0.0.1 at 2017-11-22 04:27:05 +1100
Processing by OceansController#index as HTML
  Rendering oceans/index.html.erb within layouts/application
  [1m[36mOcean Load (0.4ms)[0m  [1m[34mSELECT "oceans".* FROM "oceans"[0m
  Rendered oceans/index.html.erb within layouts/application (37.9ms)
Completed 200 OK in 279ms (Views: 249.3ms | ActiveRecord: 2.2ms)


Started GET "/oceans/1" for 127.0.0.1 at 2017-11-22 04:27:09 +1100
Processing by OceansController#show as HTML
  Parameters: {"id"=>"1"}
  [1m[36mOcean Load (0.9ms)[0m  [1m[34mSELECT  "oceans".* FROM "oceans" WHERE "oceans"."id" = ? LIMIT ?[0m  [["id", 1], ["LIMIT", 1]]
  Rendering oceans/show.html.erb within layouts/application
  Rendered oceans/show.html.erb within layouts/application (2.4ms)
Completed 500 Internal Server Error in 63ms (ActiveRecord: 0.9ms)


  
SyntaxError (/Users/sheren/Projects/WDi24-Homework/sheren_to/week_05/day_02/hydrosphere/app/views/oceans/show.html.erb:10: syntax error, unexpected tSTRING_BEG, expecting keyword_do or '{' or '('
_path(@ocean.id), :method =>c'delete' );
                              ^):
  
app/views/oceans/show.html.erb:10: syntax error, unexpected tSTRING_BEG, expecting keyword_do or '{' or '('
Started GET "/oceans/1" for 127.0.0.1 at 2017-11-22 04:34:39 +1100
Processing by OceansController#show as HTML
  Parameters: {"id"=>"1"}
  [1m[36mOcean Load (0.9ms)[0m  [1m[34mSELECT  "oceans".* FROM "oceans" WHERE "oceans"."id" = ? LIMIT ?[0m  [["id", 1], ["LIMIT", 1]]
  Rendering oceans/show.html.erb within layouts/application
  Rendered oceans/show.html.erb within layouts/application (2.9ms)
Completed 500 Internal Server Error in 26ms (ActiveRecord: 0.9ms)


  
SyntaxError (/Users/sheren/Projects/WDi24-Homework/sheren_to/week_05/day_02/hydrosphere/app/views/oceans/show.html.erb:10: syntax error, unexpected tSTRING_BEG, expecting keyword_do or '{' or '('
_path(@ocean.id), :method =>c'delete' );
                              ^):
  
app/views/oceans/show.html.erb:10: syntax error, unexpected tSTRING_BEG, expecting keyword_do or '{' or '('
Started GET "/" for 127.0.0.1 at 2017-11-22 04:34:43 +1100
Processing by OceansController#index as HTML
  Rendering oceans/index.html.erb within layouts/application
  [1m[36mOcean Load (0.4ms)[0m  [1m[34mSELECT "oceans".* FROM "oceans"[0m
  Rendered oceans/index.html.erb within layouts/application (3.9ms)
Completed 200 OK in 215ms (Views: 171.7ms | ActiveRecord: 0.4ms)


Started GET "/" for 127.0.0.1 at 2017-11-22 04:34:53 +1100
Processing by OceansController#index as HTML
  Rendering oceans/index.html.erb within layouts/application
  [1m[36mOcean Load (0.3ms)[0m  [1m[34mSELECT "oceans".* FROM "oceans"[0m
  Rendered oceans/index.html.erb within layouts/application (3.5ms)
Completed 200 OK in 29ms (Views: 26.2ms | ActiveRecord: 0.3ms)


Started GET "/oceans/2" for 127.0.0.1 at 2017-11-22 04:34:55 +1100
Processing by OceansController#show as HTML
  Parameters: {"id"=>"2"}
  [1m[36mOcean Load (0.2ms)[0m  [1m[34mSELECT  "oceans".* FROM "oceans" WHERE "oceans"."id" = ? LIMIT ?[0m  [["id", 2], ["LIMIT", 1]]
  Rendering oceans/show.html.erb within layouts/application
  Rendered oceans/show.html.erb within layouts/application (0.8ms)
Completed 500 Internal Server Error in 11ms (ActiveRecord: 0.2ms)


  
SyntaxError (/Users/sheren/Projects/WDi24-Homework/sheren_to/week_05/day_02/hydrosphere/app/views/oceans/show.html.erb:10: syntax error, unexpected tSTRING_BEG, expecting keyword_do or '{' or '('
_path(@ocean.id), :method =>c'delete' );
                              ^):
  
app/views/oceans/show.html.erb:10: syntax error, unexpected tSTRING_BEG, expecting keyword_do or '{' or '('
Started GET "/" for 127.0.0.1 at 2017-11-22 04:35:20 +1100
Processing by OceansController#index as HTML
  Rendering oceans/index.html.erb within layouts/application
  [1m[36mOcean Load (0.5ms)[0m  [1m[34mSELECT "oceans".* FROM "oceans"[0m
  Rendered oceans/index.html.erb within layouts/application (2.3ms)
Completed 200 OK in 22ms (Views: 19.2ms | ActiveRecord: 0.5ms)


Started GET "/" for 127.0.0.1 at 2017-11-22 04:36:59 +1100
Processing by OceansController#index as HTML
  Rendering oceans/index.html.erb within layouts/application
  [1m[36mOcean Load (0.3ms)[0m  [1m[34mSELECT "oceans".* FROM "oceans"[0m
  Rendered oceans/index.html.erb within layouts/application (2.1ms)
Completed 200 OK in 102ms (Views: 86.5ms | ActiveRecord: 0.3ms)


Started GET "/oceans/1" for 127.0.0.1 at 2017-11-22 04:37:01 +1100
Processing by OceansController#show as HTML
  Parameters: {"id"=>"1"}
  [1m[36mOcean Load (0.3ms)[0m  [1m[34mSELECT  "oceans".* FROM "oceans" WHERE "oceans"."id" = ? LIMIT ?[0m  [["id", 1], ["LIMIT", 1]]
  Rendering oceans/show.html.erb within layouts/application
  Rendered oceans/show.html.erb within layouts/application (2.7ms)
Completed 200 OK in 29ms (Views: 24.2ms | ActiveRecord: 0.3ms)


Started GET "/oceans/2" for 127.0.0.1 at 2017-11-22 04:37:04 +1100
Processing by OceansController#show as HTML
  Parameters: {"id"=>"2"}
  [1m[36mOcean Load (0.2ms)[0m  [1m[34mSELECT  "oceans".* FROM "oceans" WHERE "oceans"."id" = ? LIMIT ?[0m  [["id", 2], ["LIMIT", 1]]
  Rendering oceans/show.html.erb within layouts/application
  Rendered oceans/show.html.erb within layouts/application (1.9ms)
Completed 200 OK in 28ms (Views: 24.2ms | ActiveRecord: 0.2ms)


Started GET "/oceans/3" for 127.0.0.1 at 2017-11-22 04:37:06 +1100
Processing by OceansController#show as HTML
  Parameters: {"id"=>"3"}
  [1m[36mOcean Load (0.2ms)[0m  [1m[34mSELECT  "oceans".* FROM "oceans" WHERE "oceans"."id" = ? LIMIT ?[0m  [["id", 3], ["LIMIT", 1]]
  Rendering oceans/show.html.erb within layouts/application
  Rendered oceans/show.html.erb within layouts/application (1.0ms)
Completed 200 OK in 22ms (Views: 17.6ms | ActiveRecord: 0.2ms)


Started GET "/oceans/4" for 127.0.0.1 at 2017-11-22 04:37:09 +1100
Processing by OceansController#show as HTML
  Parameters: {"id"=>"4"}
  [1m[36mOcean Load (0.2ms)[0m  [1m[34mSELECT  "oceans".* FROM "oceans" WHERE "oceans"."id" = ? LIMIT ?[0m  [["id", 4], ["LIMIT", 1]]
  Rendering oceans/show.html.erb within layouts/application
  Rendered oceans/show.html.erb within layouts/application (1.0ms)
Completed 200 OK in 22ms (Views: 17.6ms | ActiveRecord: 0.2ms)


Started GET "/oceans/5" for 127.0.0.1 at 2017-11-22 04:37:12 +1100
Processing by OceansController#show as HTML
  Parameters: {"id"=>"5"}
  [1m[36mOcean Load (0.1ms)[0m  [1m[34mSELECT  "oceans".* FROM "oceans" WHERE "oceans"."id" = ? LIMIT ?[0m  [["id", 5], ["LIMIT", 1]]
  Rendering oceans/show.html.erb within layouts/application
  Rendered oceans/show.html.erb within layouts/application (2.2ms)
Completed 200 OK in 29ms (Views: 25.1ms | ActiveRecord: 0.1ms)


Started GET "/oceans/new" for 127.0.0.1 at 2017-11-22 04:37:15 +1100
Processing by OceansController#new as HTML
  Rendering oceans/new.html.erb within layouts/application
  Rendered oceans/new.html.erb within layouts/application (0.4ms)
Completed 200 OK in 69ms (Views: 15.9ms | ActiveRecord: 0.0ms)


Started GET "/oceans/1" for 127.0.0.1 at 2017-11-22 04:58:38 +1100
Processing by OceansController#show as HTML
  Parameters: {"id"=>"1"}
  [1m[36mOcean Load (0.5ms)[0m  [1m[34mSELECT  "oceans".* FROM "oceans" WHERE "oceans"."id" = ? LIMIT ?[0m  [["id", 1], ["LIMIT", 1]]
  Rendering oceans/show.html.erb within layouts/application
  Rendered oceans/show.html.erb within layouts/application (4.1ms)
Completed 200 OK in 330ms (Views: 321.7ms | ActiveRecord: 0.5ms)


Started GET "/" for 127.0.0.1 at 2017-11-22 05:05:32 +1100
Processing by OceansController#index as HTML
  Rendering oceans/index.html.erb within layouts/application
  [1m[36mOcean Load (1.0ms)[0m  [1m[34mSELECT "oceans".* FROM "oceans"[0m
  Rendered oceans/index.html.erb within layouts/application (11.4ms)
Completed 200 OK in 427ms (Views: 409.2ms | ActiveRecord: 1.0ms)


Started GET "/" for 127.0.0.1 at 2017-11-22 05:05:32 +1100
Processing by OceansController#index as HTML
  Rendering oceans/index.html.erb within layouts/application
  [1m[36mOcean Load (0.4ms)[0m  [1m[34mSELECT "oceans".* FROM "oceans"[0m
  Rendered oceans/index.html.erb within layouts/application (2.5ms)
Completed 200 OK in 37ms (Views: 32.9ms | ActiveRecord: 0.4ms)


Started GET "/oceans/1" for 127.0.0.1 at 2017-11-22 05:07:47 +1100
Processing by OceansController#show as HTML
  Parameters: {"id"=>"1"}
  [1m[36mOcean Load (0.2ms)[0m  [1m[34mSELECT  "oceans".* FROM "oceans" WHERE "oceans"."id" = ? LIMIT ?[0m  [["id", 1], ["LIMIT", 1]]
  Rendering oceans/show.html.erb within layouts/application
  Rendered oceans/show.html.erb within layouts/application (3.2ms)
Completed 200 OK in 229ms (Views: 211.6ms | ActiveRecord: 0.2ms)


Started GET "/oceans/1" for 127.0.0.1 at 2017-11-22 05:07:47 +1100
Processing by OceansController#show as HTML
  Parameters: {"id"=>"1"}
  [1m[36mOcean Load (0.2ms)[0m  [1m[34mSELECT  "oceans".* FROM "oceans" WHERE "oceans"."id" = ? LIMIT ?[0m  [["id", 1], ["LIMIT", 1]]
  Rendering oceans/show.html.erb within layouts/application
  Rendered oceans/show.html.erb within layouts/application (1.9ms)
Completed 200 OK in 46ms (Views: 40.9ms | ActiveRecord: 0.2ms)


Started GET "/" for 127.0.0.1 at 2017-11-22 05:08:00 +1100
Processing by OceansController#index as HTML
  Rendering oceans/index.html.erb within layouts/application
  [1m[36mOcean Load (0.3ms)[0m  [1m[34mSELECT "oceans".* FROM "oceans"[0m
  Rendered oceans/index.html.erb within layouts/application (2.3ms)
Completed 200 OK in 69ms (Views: 25.4ms | ActiveRecord: 0.3ms)


Started GET "/oceans/new" for 127.0.0.1 at 2017-11-22 05:10:16 +1100
Processing by OceansController#new as HTML
  Rendering oceans/new.html.erb within layouts/application
  Rendered oceans/new.html.erb within layouts/application (2.2ms)
Completed 200 OK in 270ms (Views: 255.5ms | ActiveRecord: 0.0ms)


Started POST "/oceans" for 127.0.0.1 at 2017-11-22 05:11:22 +1100
Processing by OceansController#create as HTML
  Parameters: {"name"=>"Arctic2", "image"=>"http://www.cbc.ca/kidscbc2/content/the_feed/wts_arctic_antarctic.jpg", "area"=>"1", "depth"=>"2"}
  [1m[35m (0.4ms)[0m  [1m[36mbegin transaction[0m
  [1m[35mSQL (9.7ms)[0m  [1m[32mINSERT INTO "oceans" ("name", "image", "area", "depth") VALUES (?, ?, ?, ?)[0m  [["name", "Arctic2"], ["image", "http://www.cbc.ca/kidscbc2/content/the_feed/wts_arctic_antarctic.jpg"], ["area", 1.0], ["depth", 2.0]]
  [1m[35m (1.9ms)[0m  [1m[36mcommit transaction[0m
Redirected to http://localhost:3000/oceans
Completed 302 Found in 22ms (ActiveRecord: 12.1ms)


Started GET "/oceans" for 127.0.0.1 at 2017-11-22 05:11:22 +1100
Processing by OceansController#index as HTML
  Rendering oceans/index.html.erb within layouts/application
  [1m[36mOcean Load (0.4ms)[0m  [1m[34mSELECT "oceans".* FROM "oceans"[0m
  Rendered oceans/index.html.erb within layouts/application (3.4ms)
Completed 200 OK in 64ms (Views: 39.9ms | ActiveRecord: 0.4ms)


Started GET "/oceans/6" for 127.0.0.1 at 2017-11-22 05:11:25 +1100
Processing by OceansController#show as HTML
  Parameters: {"id"=>"6"}
  [1m[36mOcean Load (0.2ms)[0m  [1m[34mSELECT  "oceans".* FROM "oceans" WHERE "oceans"."id" = ? LIMIT ?[0m  [["id", 6], ["LIMIT", 1]]
  Rendering oceans/show.html.erb within layouts/application
  Rendered oceans/show.html.erb within layouts/application (2.3ms)
Completed 200 OK in 33ms (Views: 29.4ms | ActiveRecord: 0.2ms)


Started GET "/oceans/6" for 127.0.0.1 at 2017-11-22 05:12:21 +1100
Processing by OceansController#show as HTML
  Parameters: {"id"=>"6"}
  [1m[36mOcean Load (0.2ms)[0m  [1m[34mSELECT  "oceans".* FROM "oceans" WHERE "oceans"."id" = ? LIMIT ?[0m  [["id", 6], ["LIMIT", 1]]
  Rendering oceans/show.html.erb within layouts/application
  Rendered oceans/show.html.erb within layouts/application (3.2ms)
Completed 200 OK in 196ms (Views: 189.7ms | ActiveRecord: 0.2ms)


Started GET "/oceans" for 127.0.0.1 at 2017-11-22 05:13:18 +1100
Processing by OceansController#index as HTML
  Rendering oceans/index.html.erb within layouts/application
  [1m[36mOcean Load (0.3ms)[0m  [1m[34mSELECT "oceans".* FROM "oceans"[0m
  Rendered oceans/index.html.erb within layouts/application (2.8ms)
Completed 200 OK in 296ms (Views: 280.3ms | ActiveRecord: 0.3ms)


Started GET "/oceans" for 127.0.0.1 at 2017-11-22 05:13:19 +1100
Processing by OceansController#index as HTML
  Rendering oceans/index.html.erb within layouts/application
  [1m[36mOcean Load (0.3ms)[0m  [1m[34mSELECT "oceans".* FROM "oceans"[0m
  Rendered oceans/index.html.erb within layouts/application (3.4ms)
Completed 200 OK in 54ms (Views: 49.4ms | ActiveRecord: 0.3ms)


Started GET "/oceans/6" for 127.0.0.1 at 2017-11-22 05:13:21 +1100
Processing by OceansController#show as HTML
  Parameters: {"id"=>"6"}
  [1m[36mOcean Load (0.2ms)[0m  [1m[34mSELECT  "oceans".* FROM "oceans" WHERE "oceans"."id" = ? LIMIT ?[0m  [["id", 6], ["LIMIT", 1]]
  Rendering oceans/show.html.erb within layouts/application
  Rendered oceans/show.html.erb within layouts/application (2.1ms)
Completed 200 OK in 39ms (Views: 33.7ms | ActiveRecord: 0.2ms)


Started GET "/oceans/6" for 127.0.0.1 at 2017-11-22 05:14:07 +1100
Processing by OceansController#show as HTML
  Parameters: {"id"=>"6"}
  [1m[36mOcean Load (4.7ms)[0m  [1m[34mSELECT  "oceans".* FROM "oceans" WHERE "oceans"."id" = ? LIMIT ?[0m  [["id", 6], ["LIMIT", 1]]
  Rendering oceans/show.html.erb within layouts/application
  Rendered oceans/show.html.erb within layouts/application (15.6ms)
Completed 200 OK in 299ms (Views: 270.1ms | ActiveRecord: 4.7ms)


Started GET "/oceans/6" for 127.0.0.1 at 2017-11-22 05:15:03 +1100
Processing by OceansController#show as HTML
  Parameters: {"id"=>"6"}
  [1m[36mOcean Load (0.2ms)[0m  [1m[34mSELECT  "oceans".* FROM "oceans" WHERE "oceans"."id" = ? LIMIT ?[0m  [["id", 6], ["LIMIT", 1]]
  Rendering oceans/show.html.erb within layouts/application
  Rendered oceans/show.html.erb within layouts/application (2.8ms)
Completed 200 OK in 217ms (Views: 212.0ms | ActiveRecord: 0.2ms)


Started GET "/oceans" for 127.0.0.1 at 2017-11-22 05:15:11 +1100
Processing by OceansController#index as HTML
  Rendering oceans/index.html.erb within layouts/application
  [1m[36mOcean Load (0.4ms)[0m  [1m[34mSELECT "oceans".* FROM "oceans"[0m
  Rendered oceans/index.html.erb within layouts/application (5.3ms)
Completed 200 OK in 164ms (Views: 78.3ms | ActiveRecord: 0.4ms)


Started GET "/oceans/new" for 127.0.0.1 at 2017-11-22 05:15:15 +1100
Processing by OceansController#new as HTML
  Rendering oceans/new.html.erb within layouts/application
  Rendered oceans/new.html.erb within layouts/application (1.0ms)
Completed 200 OK in 47ms (Views: 27.8ms | ActiveRecord: 0.0ms)


Started GET "/oceans" for 127.0.0.1 at 2017-11-22 05:15:49 +1100
Processing by OceansController#index as HTML
  Rendering oceans/index.html.erb within layouts/application
  [1m[36mOcean Load (0.4ms)[0m  [1m[34mSELECT "oceans".* FROM "oceans"[0m
  Rendered oceans/index.html.erb within layouts/application (2.5ms)
Completed 200 OK in 30ms (Views: 25.6ms | ActiveRecord: 0.4ms)


Started GET "/oceans" for 127.0.0.1 at 2017-11-22 05:15:56 +1100
Processing by OceansController#index as HTML
  Rendering oceans/index.html.erb within layouts/application
  [1m[36mOcean Load (0.2ms)[0m  [1m[34mSELECT "oceans".* FROM "oceans"[0m
  Rendered oceans/index.html.erb within layouts/application (1.9ms)
Completed 200 OK in 90ms (Views: 87.0ms | ActiveRecord: 0.2ms)


Started GET "/oceans" for 127.0.0.1 at 2017-11-22 05:17:14 +1100
Processing by OceansController#index as HTML
  Rendering oceans/index.html.erb within layouts/application
  [1m[36mOcean Load (0.2ms)[0m  [1m[34mSELECT "oceans".* FROM "oceans"[0m
  Rendered oceans/index.html.erb within layouts/application (586.8ms)
Completed 200 OK in 706ms (Views: 701.5ms | ActiveRecord: 0.2ms)


Started GET "/oceans" for 127.0.0.1 at 2017-11-22 05:20:17 +1100
Processing by OceansController#index as HTML
  Rendering oceans/index.html.erb within layouts/application
  Rendered oceans/index.html.erb within layouts/application (2.7ms)
Completed 500 Internal Server Error in 28ms (ActiveRecord: 0.0ms)


  
SyntaxError (/Users/sheren/Projects/WDi24-Homework/sheren_to/week_05/day_02/hydrosphere/app/views/oceans/index.html.erb:8: syntax error, unexpected ',', expecting ')'
pend=( image_tag ("ocean.jpg", :class => 'home'));@output_bu
                              ^
/Users/sheren/Projects/WDi24-Homework/sheren_to/week_05/day_02/hydrosphere/app/views/oceans/index.html.erb:8: syntax error, unexpected ')', expecting keyword_end
ocean.jpg", :class => 'home'));@output_buffer.safe_append='
                              ^):
  
app/views/oceans/index.html.erb:8: syntax error, unexpected ',', expecting ')'
app/views/oceans/index.html.erb:8: syntax error, unexpected ')', expecting keyword_end
Started GET "/oceans" for 127.0.0.1 at 2017-11-22 05:22:45 +1100
Processing by OceansController#index as HTML
  Rendering oceans/index.html.erb within layouts/application
  Rendered oceans/index.html.erb within layouts/application (1.9ms)
Completed 500 Internal Server Error in 25ms (ActiveRecord: 0.0ms)


  
SyntaxError (/Users/sheren/Projects/WDi24-Homework/sheren_to/week_05/day_02/hydrosphere/app/views/oceans/index.html.erb:8: syntax error, unexpected tSTRING_BEG, expecting ')'
mage_tag "ocean.jpg", :class="home" );@output_buffer.safe_ap
                              ^):
  
app/views/oceans/index.html.erb:8: syntax error, unexpected tSTRING_BEG, expecting ')'
Started GET "/" for 127.0.0.1 at 2017-11-22 05:22:49 +1100
Processing by OceansController#index as HTML
  Rendering oceans/index.html.erb within layouts/application
  Rendered oceans/index.html.erb within layouts/application (0.9ms)
Completed 500 Internal Server Error in 9ms (ActiveRecord: 0.0ms)


  
SyntaxError (/Users/sheren/Projects/WDi24-Homework/sheren_to/week_05/day_02/hydrosphere/app/views/oceans/index.html.erb:8: syntax error, unexpected tSTRING_BEG, expecting ')'
mage_tag "ocean.jpg", :class="home" );@output_buffer.safe_ap
                              ^):
  
app/views/oceans/index.html.erb:8: syntax error, unexpected tSTRING_BEG, expecting ')'
Started GET "/oceans/new" for 127.0.0.1 at 2017-11-22 05:23:05 +1100
Processing by OceansController#new as HTML
  Rendering oceans/new.html.erb within layouts/application
  Rendered oceans/new.html.erb within layouts/application (1.1ms)
Completed 200 OK in 201ms (Views: 174.0ms | ActiveRecord: 0.0ms)


Started GET "/" for 127.0.0.1 at 2017-11-22 05:23:07 +1100
Processing by OceansController#index as HTML
  Rendering oceans/index.html.erb within layouts/application
  Rendered oceans/index.html.erb within layouts/application (0.9ms)
Completed 500 Internal Server Error in 13ms (ActiveRecord: 0.0ms)


  
SyntaxError (/Users/sheren/Projects/WDi24-Homework/sheren_to/week_05/day_02/hydrosphere/app/views/oceans/index.html.erb:8: syntax error, unexpected '='
 image_tag "ocean.jpg", class="home" );@output_buffer.safe_a
                              ^):
  
app/views/oceans/index.html.erb:8: syntax error, unexpected '='
Started GET "/" for 127.0.0.1 at 2017-11-22 05:23:42 +1100
Processing by OceansController#index as HTML
  Rendering oceans/index.html.erb within layouts/application
  [1m[36mOcean Load (0.5ms)[0m  [1m[34mSELECT "oceans".* FROM "oceans"[0m
  Rendered oceans/index.html.erb within layouts/application (12.8ms)
Completed 200 OK in 190ms (Views: 186.0ms | ActiveRecord: 0.5ms)


Started GET "/" for 127.0.0.1 at 2017-11-22 05:24:24 +1100
Processing by OceansController#index as HTML
  Rendering oceans/index.html.erb within layouts/application
  [1m[36mOcean Load (0.3ms)[0m  [1m[34mSELECT "oceans".* FROM "oceans"[0m
  Rendered oceans/index.html.erb within layouts/application (11.9ms)
Completed 200 OK in 167ms (Views: 163.3ms | ActiveRecord: 0.3ms)


Started GET "/" for 127.0.0.1 at 2017-11-22 05:25:20 +1100
Processing by OceansController#index as HTML
  Rendering oceans/index.html.erb within layouts/application
  [1m[36mOcean Load (0.6ms)[0m  [1m[34mSELECT "oceans".* FROM "oceans"[0m
  Rendered oceans/index.html.erb within layouts/application (34.8ms)
Completed 200 OK in 349ms (Views: 342.8ms | ActiveRecord: 0.6ms)


Started GET "/" for 127.0.0.1 at 2017-11-22 05:25:35 +1100
Processing by OceansController#index as HTML
  Rendering oceans/index.html.erb within layouts/application
  [1m[36mOcean Load (0.3ms)[0m  [1m[34mSELECT "oceans".* FROM "oceans"[0m
  Rendered oceans/index.html.erb within layouts/application (23.3ms)
Completed 200 OK in 233ms (Views: 230.4ms | ActiveRecord: 0.3ms)


Started GET "/" for 127.0.0.1 at 2017-11-22 05:31:53 +1100
Processing by OceansController#index as HTML
  Rendering oceans/index.html.erb within layouts/application
  [1m[36mOcean Load (1.2ms)[0m  [1m[34mSELECT "oceans".* FROM "oceans"[0m
  Rendered oceans/index.html.erb within layouts/application (38.3ms)
Completed 200 OK in 270ms (Views: 260.3ms | ActiveRecord: 1.2ms)


Started GET "/" for 127.0.0.1 at 2017-11-22 05:32:22 +1100
Processing by OceansController#index as HTML
  Rendering oceans/index.html.erb within layouts/application
  [1m[36mOcean Load (0.2ms)[0m  [1m[34mSELECT "oceans".* FROM "oceans"[0m
  Rendered oceans/index.html.erb within layouts/application (12.4ms)
Completed 200 OK in 318ms (Views: 313.6ms | ActiveRecord: 0.2ms)


Started GET "/" for 127.0.0.1 at 2017-11-22 05:32:26 +1100
Processing by OceansController#index as HTML
  Rendering oceans/index.html.erb within layouts/application
  [1m[36mOcean Load (0.5ms)[0m  [1m[34mSELECT "oceans".* FROM "oceans"[0m
  Rendered oceans/index.html.erb within layouts/application (4.3ms)
Completed 200 OK in 30ms (Views: 26.6ms | ActiveRecord: 0.5ms)


Started GET "/" for 127.0.0.1 at 2017-11-22 05:32:51 +1100
Processing by OceansController#index as HTML
  Rendering oceans/index.html.erb within layouts/application
  [1m[36mOcean Load (0.4ms)[0m  [1m[34mSELECT "oceans".* FROM "oceans"[0m
  Rendered oceans/index.html.erb within layouts/application (22.0ms)
Completed 200 OK in 305ms (Views: 301.5ms | ActiveRecord: 0.4ms)


Started GET "/" for 127.0.0.1 at 2017-11-22 05:32:52 +1100
Processing by OceansController#index as HTML
  Rendering oceans/index.html.erb within layouts/application
  [1m[36mOcean Load (0.2ms)[0m  [1m[34mSELECT "oceans".* FROM "oceans"[0m
  Rendered oceans/index.html.erb within layouts/application (3.6ms)
Completed 200 OK in 31ms (Views: 27.6ms | ActiveRecord: 0.2ms)


Started GET "/" for 127.0.0.1 at 2017-11-22 05:32:59 +1100
Processing by OceansController#index as HTML
  Rendering oceans/index.html.erb within layouts/application
  [1m[36mOcean Load (0.3ms)[0m  [1m[34mSELECT "oceans".* FROM "oceans"[0m
  Rendered oceans/index.html.erb within layouts/application (4.2ms)
Completed 200 OK in 48ms (Views: 44.5ms | ActiveRecord: 0.3ms)


Started GET "/" for 127.0.0.1 at 2017-11-22 05:33:58 +1100
Processing by OceansController#index as HTML
  Rendering oceans/index.html.erb within layouts/application
  [1m[36mOcean Load (0.5ms)[0m  [1m[34mSELECT "oceans".* FROM "oceans"[0m
  Rendered oceans/index.html.erb within layouts/application (11.9ms)
Completed 200 OK in 183ms (Views: 179.2ms | ActiveRecord: 0.5ms)


Started GET "/" for 127.0.0.1 at 2017-11-22 05:34:20 +1100
Processing by OceansController#index as HTML
  Rendering oceans/index.html.erb within layouts/application
  [1m[36mOcean Load (0.2ms)[0m  [1m[34mSELECT "oceans".* FROM "oceans"[0m
  Rendered oceans/index.html.erb within layouts/application (11.9ms)
Completed 200 OK in 270ms (Views: 267.3ms | ActiveRecord: 0.2ms)


Started GET "/oceans/6" for 127.0.0.1 at 2017-11-22 05:34:43 +1100
Processing by OceansController#show as HTML
  Parameters: {"id"=>"6"}
  [1m[36mOcean Load (0.3ms)[0m  [1m[34mSELECT  "oceans".* FROM "oceans" WHERE "oceans"."id" = ? LIMIT ?[0m  [["id", 6], ["LIMIT", 1]]
  Rendering oceans/show.html.erb within layouts/application
  Rendered oceans/show.html.erb within layouts/application (3.0ms)
Completed 200 OK in 238ms (Views: 232.4ms | ActiveRecord: 0.3ms)


Started GET "/oceans/6" for 127.0.0.1 at 2017-11-22 05:34:43 +1100
Processing by OceansController#show as HTML
  Parameters: {"id"=>"6"}
  [1m[36mOcean Load (0.2ms)[0m  [1m[34mSELECT  "oceans".* FROM "oceans" WHERE "oceans"."id" = ? LIMIT ?[0m  [["id", 6], ["LIMIT", 1]]
  Rendering oceans/show.html.erb within layouts/application
  Rendered oceans/show.html.erb within layouts/application (1.2ms)
Completed 200 OK in 27ms (Views: 22.1ms | ActiveRecord: 0.2ms)


Started GET "/" for 127.0.0.1 at 2017-11-22 05:34:56 +1100
Processing by OceansController#index as HTML
  Rendering oceans/index.html.erb within layouts/application
  [1m[36mOcean Load (0.3ms)[0m  [1m[34mSELECT "oceans".* FROM "oceans"[0m
  Rendered oceans/index.html.erb within layouts/application (40.2ms)
Completed 200 OK in 71ms (Views: 67.8ms | ActiveRecord: 0.3ms)


Started GET "/" for 127.0.0.1 at 2017-11-22 05:44:19 +1100
Processing by OceansController#index as HTML
  Rendering oceans/index.html.erb within layouts/application
  [1m[36mOcean Load (1.1ms)[0m  [1m[34mSELECT "oceans".* FROM "oceans"[0m
  Rendered oceans/index.html.erb within layouts/application (37.5ms)
Completed 200 OK in 226ms (Views: 205.1ms | ActiveRecord: 1.1ms)


Started GET "/" for 127.0.0.1 at 2017-11-22 05:45:06 +1100
Processing by OceansController#index as HTML
  Rendering oceans/index.html.erb within layouts/application
  [1m[36mOcean Load (0.4ms)[0m  [1m[34mSELECT "oceans".* FROM "oceans"[0m
  Rendered oceans/index.html.erb within layouts/application (23.3ms)
Completed 200 OK in 250ms (Views: 245.7ms | ActiveRecord: 0.4ms)


Started GET "/" for 127.0.0.1 at 2017-11-22 05:45:11 +1100
Processing by OceansController#index as HTML
  Rendering oceans/index.html.erb within layouts/application
  [1m[36mOcean Load (0.2ms)[0m  [1m[34mSELECT "oceans".* FROM "oceans"[0m
  Rendered oceans/index.html.erb within layouts/application (3.6ms)
Completed 200 OK in 31ms (Views: 28.1ms | ActiveRecord: 0.2ms)


Started GET "/" for 127.0.0.1 at 2017-11-22 05:45:13 +1100
Processing by OceansController#index as HTML
  Rendering oceans/index.html.erb within layouts/application
  [1m[36mOcean Load (0.3ms)[0m  [1m[34mSELECT "oceans".* FROM "oceans"[0m
  Rendered oceans/index.html.erb within layouts/application (3.6ms)
Completed 200 OK in 36ms (Views: 32.8ms | ActiveRecord: 0.3ms)


Started GET "/" for 127.0.0.1 at 2017-11-22 07:08:26 +1100
Processing by OceansController#index as HTML
  Rendering oceans/index.html.erb within layouts/application
  [1m[36mOcean Load (1.0ms)[0m  [1m[34mSELECT "oceans".* FROM "oceans"[0m
  Rendered oceans/index.html.erb within layouts/application (36.2ms)
Completed 200 OK in 237ms (Views: 225.1ms | ActiveRecord: 1.0ms)


Started GET "/" for 127.0.0.1 at 2017-11-22 07:09:09 +1100
Processing by OceansController#index as HTML
  Rendering oceans/index.html.erb within layouts/application
  [1m[36mOcean Load (0.2ms)[0m  [1m[34mSELECT "oceans".* FROM "oceans"[0m
  Rendered oceans/index.html.erb within layouts/application (12.3ms)
Completed 200 OK in 184ms (Views: 176.1ms | ActiveRecord: 0.2ms)


Started GET "/" for 127.0.0.1 at 2017-11-22 07:09:38 +1100
Processing by OceansController#index as HTML
  Rendering oceans/index.html.erb within layouts/application
  [1m[36mOcean Load (0.3ms)[0m  [1m[34mSELECT "oceans".* FROM "oceans"[0m
  Rendered oceans/index.html.erb within layouts/application (10.9ms)
Completed 200 OK in 170ms (Views: 165.0ms | ActiveRecord: 0.3ms)


Started GET "/" for 127.0.0.1 at 2017-11-22 07:09:46 +1100
Processing by OceansController#index as HTML
  Rendering oceans/index.html.erb within layouts/application
  [1m[36mOcean Load (0.2ms)[0m  [1m[34mSELECT "oceans".* FROM "oceans"[0m
  Rendered oceans/index.html.erb within layouts/application (3.6ms)
Completed 200 OK in 129ms (Views: 120.5ms | ActiveRecord: 0.2ms)


Started GET "/" for 127.0.0.1 at 2017-11-22 07:10:27 +1100
Processing by OceansController#index as HTML
  Rendering oceans/index.html.erb within layouts/application
  [1m[36mOcean Load (0.3ms)[0m  [1m[34mSELECT "oceans".* FROM "oceans"[0m
  Rendered oceans/index.html.erb within layouts/application (22.9ms)
Completed 200 OK in 261ms (Views: 256.6ms | ActiveRecord: 0.3ms)


Started GET "/oceans/6" for 127.0.0.1 at 2017-11-22 07:16:48 +1100
Processing by OceansController#show as HTML
  Parameters: {"id"=>"6"}
  [1m[36mOcean Load (0.9ms)[0m  [1m[34mSELECT  "oceans".* FROM "oceans" WHERE "oceans"."id" = ? LIMIT ?[0m  [["id", 6], ["LIMIT", 1]]
  Rendering oceans/show.html.erb within layouts/application
  Rendered oceans/show.html.erb within layouts/application (12.8ms)
Completed 200 OK in 224ms (Views: 208.1ms | ActiveRecord: 0.9ms)


Started GET "/oceans/6" for 127.0.0.1 at 2017-11-22 07:17:18 +1100
Processing by OceansController#show as HTML
  Parameters: {"id"=>"6"}
  [1m[36mOcean Load (0.3ms)[0m  [1m[34mSELECT  "oceans".* FROM "oceans" WHERE "oceans"."id" = ? LIMIT ?[0m  [["id", 6], ["LIMIT", 1]]
  Rendering oceans/show.html.erb within layouts/application
  Rendered oceans/show.html.erb within layouts/application (3.4ms)
Completed 200 OK in 216ms (Views: 209.9ms | ActiveRecord: 0.3ms)


Started GET "/oceans/6" for 127.0.0.1 at 2017-11-22 07:17:24 +1100
Processing by OceansController#show as HTML
  Parameters: {"id"=>"6"}
  [1m[36mOcean Load (0.2ms)[0m  [1m[34mSELECT  "oceans".* FROM "oceans" WHERE "oceans"."id" = ? LIMIT ?[0m  [["id", 6], ["LIMIT", 1]]
  Rendering oceans/show.html.erb within layouts/application
  Rendered oceans/show.html.erb within layouts/application (1.2ms)
Completed 200 OK in 26ms (Views: 22.2ms | ActiveRecord: 0.2ms)


Started GET "/oceans/6" for 127.0.0.1 at 2017-11-22 07:17:49 +1100
Processing by OceansController#show as HTML
  Parameters: {"id"=>"6"}
  [1m[36mOcean Load (0.2ms)[0m  [1m[34mSELECT  "oceans".* FROM "oceans" WHERE "oceans"."id" = ? LIMIT ?[0m  [["id", 6], ["LIMIT", 1]]
  Rendering oceans/show.html.erb within layouts/application
  Rendered oceans/show.html.erb within layouts/application (1.7ms)
Completed 200 OK in 220ms (Views: 214.7ms | ActiveRecord: 0.2ms)


Started GET "/oceans/6" for 127.0.0.1 at 2017-11-22 07:18:06 +1100
Processing by OceansController#show as HTML
  Parameters: {"id"=>"6"}
  [1m[36mOcean Load (0.2ms)[0m  [1m[34mSELECT  "oceans".* FROM "oceans" WHERE "oceans"."id" = ? LIMIT ?[0m  [["id", 6], ["LIMIT", 1]]
  Rendering oceans/show.html.erb within layouts/application
  Rendered oceans/show.html.erb within layouts/application (2.0ms)
Completed 200 OK in 151ms (Views: 145.0ms | ActiveRecord: 0.2ms)


Started GET "/oceans/6" for 127.0.0.1 at 2017-11-22 07:18:24 +1100
Processing by OceansController#show as HTML
  Parameters: {"id"=>"6"}
  [1m[36mOcean Load (0.3ms)[0m  [1m[34mSELECT  "oceans".* FROM "oceans" WHERE "oceans"."id" = ? LIMIT ?[0m  [["id", 6], ["LIMIT", 1]]
  Rendering oceans/show.html.erb within layouts/application
  Rendered oceans/show.html.erb within layouts/application (1.5ms)
Completed 200 OK in 130ms (Views: 126.1ms | ActiveRecord: 0.3ms)


Started GET "/oceans/6" for 127.0.0.1 at 2017-11-22 07:18:26 +1100
Processing by OceansController#show as HTML
  Parameters: {"id"=>"6"}
  [1m[36mOcean Load (0.1ms)[0m  [1m[34mSELECT  "oceans".* FROM "oceans" WHERE "oceans"."id" = ? LIMIT ?[0m  [["id", 6], ["LIMIT", 1]]
  Rendering oceans/show.html.erb within layouts/application
  Rendered oceans/show.html.erb within layouts/application (1.6ms)
Completed 200 OK in 45ms (Views: 41.0ms | ActiveRecord: 0.1ms)


Started GET "/oceans/6" for 127.0.0.1 at 2017-11-22 07:18:37 +1100
Processing by OceansController#show as HTML
  Parameters: {"id"=>"6"}
  [1m[36mOcean Load (0.2ms)[0m  [1m[34mSELECT  "oceans".* FROM "oceans" WHERE "oceans"."id" = ? LIMIT ?[0m  [["id", 6], ["LIMIT", 1]]
  Rendering oceans/show.html.erb within layouts/application
  Rendered oceans/show.html.erb within layouts/application (2.3ms)
Completed 200 OK in 183ms (Views: 177.8ms | ActiveRecord: 0.2ms)


Started GET "/oceans/6" for 127.0.0.1 at 2017-11-22 07:23:45 +1100
Processing by OceansController#show as HTML
  Parameters: {"id"=>"6"}
  [1m[36mOcean Load (0.8ms)[0m  [1m[34mSELECT  "oceans".* FROM "oceans" WHERE "oceans"."id" = ? LIMIT ?[0m  [["id", 6], ["LIMIT", 1]]
  Rendering oceans/show.html.erb within layouts/application
  Rendered oceans/show.html.erb within layouts/application (7.2ms)
Completed 200 OK in 226ms (Views: 210.7ms | ActiveRecord: 0.8ms)


Started GET "/oceans/6" for 127.0.0.1 at 2017-11-22 07:24:03 +1100
Processing by OceansController#show as HTML
  Parameters: {"id"=>"6"}
  [1m[36mOcean Load (0.2ms)[0m  [1m[34mSELECT  "oceans".* FROM "oceans" WHERE "oceans"."id" = ? LIMIT ?[0m  [["id", 6], ["LIMIT", 1]]
  Rendering oceans/show.html.erb within layouts/application
  Rendered oceans/show.html.erb within layouts/application (1.9ms)
Completed 200 OK in 217ms (Views: 213.3ms | ActiveRecord: 0.2ms)


Started GET "/oceans/6" for 127.0.0.1 at 2017-11-22 07:24:27 +1100
Processing by OceansController#show as HTML
  Parameters: {"id"=>"6"}
  [1m[36mOcean Load (0.2ms)[0m  [1m[34mSELECT  "oceans".* FROM "oceans" WHERE "oceans"."id" = ? LIMIT ?[0m  [["id", 6], ["LIMIT", 1]]
  Rendering oceans/show.html.erb within layouts/application
  Rendered oceans/show.html.erb within layouts/application (2.7ms)
Completed 200 OK in 47ms (Views: 43.1ms | ActiveRecord: 0.2ms)


Started GET "/oceans/6" for 127.0.0.1 at 2017-11-22 07:24:35 +1100
Processing by OceansController#show as HTML
  Parameters: {"id"=>"6"}
  [1m[36mOcean Load (0.2ms)[0m  [1m[34mSELECT  "oceans".* FROM "oceans" WHERE "oceans"."id" = ? LIMIT ?[0m  [["id", 6], ["LIMIT", 1]]
  Rendering oceans/show.html.erb within layouts/application
  Rendered oceans/show.html.erb within layouts/application (1.4ms)
Completed 200 OK in 71ms (Views: 62.2ms | ActiveRecord: 0.2ms)


Started GET "/oceans/6" for 127.0.0.1 at 2017-11-22 07:24:47 +1100
Processing by OceansController#show as HTML
  Parameters: {"id"=>"6"}
  [1m[36mOcean Load (0.3ms)[0m  [1m[34mSELECT  "oceans".* FROM "oceans" WHERE "oceans"."id" = ? LIMIT ?[0m  [["id", 6], ["LIMIT", 1]]
  Rendering oceans/show.html.erb within layouts/application
  Rendered oceans/show.html.erb within layouts/application (5.0ms)
Completed 200 OK in 151ms (Views: 145.8ms | ActiveRecord: 0.3ms)


Started GET "/oceans/6/edit" for 127.0.0.1 at 2017-11-22 07:25:19 +1100
Processing by OceansController#edit as HTML
  Parameters: {"id"=>"6"}
  [1m[36mOcean Load (0.2ms)[0m  [1m[34mSELECT  "oceans".* FROM "oceans" WHERE "oceans"."id" = ? LIMIT ?[0m  [["id", 6], ["LIMIT", 1]]
  Rendering oceans/edit.html.erb within layouts/application
  Rendered oceans/edit.html.erb within layouts/application (1.2ms)
Completed 200 OK in 36ms (Views: 22.6ms | ActiveRecord: 0.2ms)


Started POST "/oceans/6" for 127.0.0.1 at 2017-11-22 07:25:36 +1100
Processing by OceansController#update as HTML
  Parameters: {"name"=>"Arctic2", "image"=>"http://www.cbc.ca/kidscbc2/content/the_feed/wts_arctic_antarctic.jpg", "area"=>"123456789", "depth"=>"5678", "id"=>"6"}
  [1m[36mOcean Load (0.1ms)[0m  [1m[34mSELECT  "oceans".* FROM "oceans" WHERE "oceans"."id" = ? LIMIT ?[0m  [["id", 6], ["LIMIT", 1]]
  [1m[35m (0.2ms)[0m  [1m[36mbegin transaction[0m
  [1m[35mSQL (0.4ms)[0m  [1m[33mUPDATE "oceans" SET "area" = ?, "depth" = ? WHERE "oceans"."id" = ?[0m  [["area", 123456789.0], ["depth", 5678.0], ["id", 6]]
  [1m[35m (190.1ms)[0m  [1m[36mcommit transaction[0m
No template found for OceansController#update, rendering head :no_content
Completed 204 No Content in 325ms (ActiveRecord: 191.0ms)


Started POST "/oceans/6" for 127.0.0.1 at 2017-11-22 07:25:42 +1100
Processing by OceansController#update as HTML
  Parameters: {"name"=>"Arctic2", "image"=>"http://www.cbc.ca/kidscbc2/content/the_feed/wts_arctic_antarctic.jpg", "area"=>"123456789", "depth"=>"5678", "id"=>"6"}
  [1m[36mOcean Load (0.2ms)[0m  [1m[34mSELECT  "oceans".* FROM "oceans" WHERE "oceans"."id" = ? LIMIT ?[0m  [["id", 6], ["LIMIT", 1]]
  [1m[35m (0.1ms)[0m  [1m[36mbegin transaction[0m
  [1m[35m (0.1ms)[0m  [1m[36mcommit transaction[0m
No template found for OceansController#update, rendering head :no_content
Completed 204 No Content in 85ms (ActiveRecord: 0.3ms)


Started GET "/" for 127.0.0.1 at 2017-11-22 07:25:45 +1100
Processing by OceansController#index as HTML
  Rendering oceans/index.html.erb within layouts/application
  [1m[36mOcean Load (0.2ms)[0m  [1m[34mSELECT "oceans".* FROM "oceans"[0m
  Rendered oceans/index.html.erb within layouts/application (16.5ms)
Completed 200 OK in 48ms (Views: 44.1ms | ActiveRecord: 0.2ms)


Started GET "/oceans/6" for 127.0.0.1 at 2017-11-22 07:25:47 +1100
Processing by OceansController#show as HTML
  Parameters: {"id"=>"6"}
  [1m[36mOcean Load (0.2ms)[0m  [1m[34mSELECT  "oceans".* FROM "oceans" WHERE "oceans"."id" = ? LIMIT ?[0m  [["id", 6], ["LIMIT", 1]]
  Rendering oceans/show.html.erb within layouts/application
  Rendered oceans/show.html.erb within layouts/application (1.5ms)
Completed 200 OK in 37ms (Views: 31.1ms | ActiveRecord: 0.2ms)


Started GET "/oceans/6" for 127.0.0.1 at 2017-11-22 08:13:24 +1100
Processing by OceansController#show as HTML
  Parameters: {"id"=>"6"}
  [1m[36mOcean Load (0.3ms)[0m  [1m[34mSELECT  "oceans".* FROM "oceans" WHERE "oceans"."id" = ? LIMIT ?[0m  [["id", 6], ["LIMIT", 1]]
  [1m[36mOcean Load (0.2ms)[0m  [1m[34mSELECT  "oceans".* FROM "oceans" WHERE "oceans"."id" = ? LIMIT ?[0m  [["id", nil], ["LIMIT", 1]]
Completed 404 Not Found in 63ms (ActiveRecord: 2.5ms)


  
ActiveRecord::RecordNotFound (Couldn't find Ocean with 'id'=):
  
app/controllers/oceans_controller.rb:23:in `show'
Started GET "/oceans/" for 127.0.0.1 at 2017-11-22 08:13:37 +1100
Processing by OceansController#index as HTML
  Rendering oceans/index.html.erb within layouts/application
  [1m[36mOcean Load (0.5ms)[0m  [1m[34mSELECT "oceans".* FROM "oceans"[0m
  Rendered oceans/index.html.erb within layouts/application (23.5ms)
Completed 200 OK in 221ms (Views: 187.8ms | ActiveRecord: 0.5ms)


Started GET "/oceans/1" for 127.0.0.1 at 2017-11-22 08:13:55 +1100
Processing by OceansController#show as HTML
  Parameters: {"id"=>"1"}
  [1m[36mOcean Load (0.2ms)[0m  [1m[34mSELECT  "oceans".* FROM "oceans" WHERE "oceans"."id" = ? LIMIT ?[0m  [["id", 1], ["LIMIT", 1]]
  [1m[36mOcean Load (0.1ms)[0m  [1m[34mSELECT  "oceans".* FROM "oceans" WHERE "oceans"."id" = ? LIMIT ?[0m  [["id", nil], ["LIMIT", 1]]
Completed 404 Not Found in 3ms (ActiveRecord: 0.3ms)


  
ActiveRecord::RecordNotFound (Couldn't find Ocean with 'id'=):
  
app/controllers/oceans_controller.rb:23:in `show'
Started GET "/oceans/" for 127.0.0.1 at 2017-11-22 08:13:57 +1100
Processing by OceansController#index as HTML
  Rendering oceans/index.html.erb within layouts/application
  [1m[36mOcean Load (0.2ms)[0m  [1m[34mSELECT "oceans".* FROM "oceans"[0m
  Rendered oceans/index.html.erb within layouts/application (4.5ms)
Completed 200 OK in 34ms (Views: 30.4ms | ActiveRecord: 0.2ms)


Started GET "/oceans/1" for 127.0.0.1 at 2017-11-22 08:14:30 +1100
Processing by OceansController#show as HTML
  Parameters: {"id"=>"1"}
  [1m[36mOcean Load (0.2ms)[0m  [1m[34mSELECT  "oceans".* FROM "oceans" WHERE "oceans"."id" = ? LIMIT ?[0m  [["id", 1], ["LIMIT", 1]]
  [1m[36mOcean Load (0.1ms)[0m  [1m[34mSELECT  "oceans".* FROM "oceans" WHERE "oceans"."id" = ? LIMIT ?[0m  [["id", nil], ["LIMIT", 1]]
Completed 404 Not Found in 3ms (ActiveRecord: 0.3ms)


  
ActiveRecord::RecordNotFound (Couldn't find Ocean with 'id'=):
  
app/controllers/oceans_controller.rb:23:in `show'
Started GET "/oceans/1" for 127.0.0.1 at 2017-11-22 09:00:39 +1100
Processing by OceansController#show as HTML
  Parameters: {"id"=>"1"}
  [1m[36mOcean Load (0.2ms)[0m  [1m[34mSELECT  "oceans".* FROM "oceans" WHERE "oceans"."id" = ? LIMIT ?[0m  [["id", 1], ["LIMIT", 1]]
  Rendering oceans/show.html.erb within layouts/application
  Rendered oceans/show.html.erb within layouts/application (39.4ms)
Completed 500 Internal Server Error in 105ms (ActiveRecord: 2.3ms)


  
ActionView::Template::Error (undefined method `each' for #<Ocean:0x00007ff150a8a5b8>):
     6:   <% @images.each do |image| %>
     7:   <%= image_tag "antarctic/#{image.split('/').last}" %>
     8:   <% end %>
     9:   <!-- <% @ocean.each do |ocean| %>
    10:     <%= image_tag(@ocean.image) %>
    11:   <% end %> -->
    12: 
  
app/views/oceans/show.html.erb:9:in `_app_views_oceans_show_html_erb__2537757624831289672_70337208534200'
