  [1m[35m (0.1ms)[0m  [1m[34mSELECT COUNT(*) FROM "planets"[0m
  [1m[35m (0.1ms)[0m  [1m[34mSELECT sqlite_version(*)[0m
  [1m[35m (1.3ms)[0m  [1m[35mCREATE TABLE "schema_migrations" ("version" varchar NOT NULL PRIMARY KEY)[0m
  [1m[35m (1.1ms)[0m  [1m[35mCREATE TABLE "ar_internal_metadata" ("key" varchar NOT NULL PRIMARY KEY, "value" varchar, "created_at" datetime NOT NULL, "updated_at" datetime NOT NULL)[0m
  [1m[35m (0.1ms)[0m  [1m[34mSELECT "schema_migrations"."version" FROM "schema_migrations" ORDER BY "schema_migrations"."version" ASC[0m
  [1m[35m (0.0ms)[0m  [1m[36mbegin transaction[0m
  [1m[35mSQL (0.9ms)[0m  [1m[32mINSERT INTO "planets" ("name", "orbit", "moons") VALUES (?, ?, ?)[0m  [["name", "Earth"], ["orbit", 1.0], ["moons", 1]]
  [1m[35m (1.1ms)[0m  [1m[36mcommit transaction[0m
  [1m[35m (0.0ms)[0m  [1m[36mbegin transaction[0m
  [1m[35mSQL (0.3ms)[0m  [1m[32mINSERT INTO "planets" ("name", "orbit", "moons") VALUES (?, ?, ?)[0m  [["name", "Mars"], ["orbit", 1.5], ["moons", 2]]
  [1m[35m (0.7ms)[0m  [1m[36mcommit transaction[0m
  [1m[35m (0.0ms)[0m  [1m[36mbegin transaction[0m
  [1m[35mSQL (0.2ms)[0m  [1m[32mINSERT INTO "planets" ("name", "orbit", "moons") VALUES (?, ?, ?)[0m  [["name", "Venus"], ["orbit", 0.5], ["moons", 0]]
  [1m[35m (0.6ms)[0m  [1m[36mcommit transaction[0m
  [1m[35m (0.0ms)[0m  [1m[36mbegin transaction[0m
  [1m[35mSQL (0.3ms)[0m  [1m[32mINSERT INTO "planets" ("name", "orbit", "moons") VALUES (?, ?, ?)[0m  [["name", "Jupiter"], ["orbit", 10.5], ["moons", 22]]
  [1m[35m (0.7ms)[0m  [1m[36mcommit transaction[0m
  [1m[36mPlanet Load (0.6ms)[0m  [1m[34mSELECT "planets".* FROM "planets"[0m
Started GET "/" for 127.0.0.1 at 2017-11-21 12:09:25 +1100
Processing by Rails::WelcomeController#index as HTML
  Rendering /Users/john/.rvm/gems/ruby-2.4.2/gems/railties-5.1.4/lib/rails/templates/rails/welcome/index.html.erb
  Rendered /Users/john/.rvm/gems/ruby-2.4.2/gems/railties-5.1.4/lib/rails/templates/rails/welcome/index.html.erb (2.7ms)
Completed 200 OK in 148ms (Views: 7.8ms)


Started GET "/planets" for 127.0.0.1 at 2017-11-21 12:09:30 +1100
  
ActionController::RoutingError (uninitialized constant PlanetsController):
  
activesupport (5.1.4) lib/active_support/inflector/methods.rb:269:in `const_get'
activesupport (5.1.4) lib/active_support/inflector/methods.rb:269:in `block in constantize'
activesupport (5.1.4) lib/active_support/inflector/methods.rb:267:in `each'
activesupport (5.1.4) lib/active_support/inflector/methods.rb:267:in `inject'
activesupport (5.1.4) lib/active_support/inflector/methods.rb:267:in `constantize'
actionpack (5.1.4) lib/action_dispatch/http/request.rb:85:in `controller_class_for'
actionpack (5.1.4) lib/action_dispatch/http/request.rb:78:in `controller_class'
actionpack (5.1.4) lib/action_dispatch/routing/route_set.rb:43:in `controller'
actionpack (5.1.4) lib/action_dispatch/routing/route_set.rb:29:in `serve'
actionpack (5.1.4) lib/action_dispatch/journey/router.rb:50:in `block in serve'
actionpack (5.1.4) lib/action_dispatch/journey/router.rb:33:in `each'
actionpack (5.1.4) lib/action_dispatch/journey/router.rb:33:in `serve'
actionpack (5.1.4) lib/action_dispatch/routing/route_set.rb:834:in `call'
rack (2.0.3) lib/rack/etag.rb:25:in `call'
rack (2.0.3) lib/rack/conditional_get.rb:25:in `call'
rack (2.0.3) lib/rack/head.rb:12:in `call'
rack (2.0.3) lib/rack/session/abstract/id.rb:232:in `context'
rack (2.0.3) lib/rack/session/abstract/id.rb:226:in `call'
actionpack (5.1.4) lib/action_dispatch/middleware/cookies.rb:613:in `call'
activerecord (5.1.4) lib/active_record/migration.rb:556:in `call'
actionpack (5.1.4) lib/action_dispatch/middleware/callbacks.rb:26:in `block in call'
activesupport (5.1.4) lib/active_support/callbacks.rb:97:in `run_callbacks'
actionpack (5.1.4) lib/action_dispatch/middleware/callbacks.rb:24:in `call'
actionpack (5.1.4) lib/action_dispatch/middleware/executor.rb:12:in `call'
actionpack (5.1.4) lib/action_dispatch/middleware/debug_exceptions.rb:59:in `call'
web-console (3.5.1) lib/web_console/middleware.rb:135:in `call_app'
web-console (3.5.1) lib/web_console/middleware.rb:28:in `block in call'
web-console (3.5.1) lib/web_console/middleware.rb:18:in `catch'
web-console (3.5.1) lib/web_console/middleware.rb:18:in `call'
actionpack (5.1.4) lib/action_dispatch/middleware/show_exceptions.rb:31:in `call'
railties (5.1.4) lib/rails/rack/logger.rb:36:in `call_app'
railties (5.1.4) lib/rails/rack/logger.rb:24:in `block in call'
activesupport (5.1.4) lib/active_support/tagged_logging.rb:69:in `block in tagged'
activesupport (5.1.4) lib/active_support/tagged_logging.rb:26:in `tagged'
activesupport (5.1.4) lib/active_support/tagged_logging.rb:69:in `tagged'
railties (5.1.4) lib/rails/rack/logger.rb:24:in `call'
sprockets-rails (3.2.1) lib/sprockets/rails/quiet_assets.rb:13:in `call'
actionpack (5.1.4) lib/action_dispatch/middleware/remote_ip.rb:79:in `call'
actionpack (5.1.4) lib/action_dispatch/middleware/request_id.rb:25:in `call'
rack (2.0.3) lib/rack/method_override.rb:22:in `call'
rack (2.0.3) lib/rack/runtime.rb:22:in `call'
activesupport (5.1.4) lib/active_support/cache/strategy/local_cache_middleware.rb:27:in `call'
actionpack (5.1.4) lib/action_dispatch/middleware/executor.rb:12:in `call'
actionpack (5.1.4) lib/action_dispatch/middleware/static.rb:125:in `call'
rack (2.0.3) lib/rack/sendfile.rb:111:in `call'
railties (5.1.4) lib/rails/engine.rb:522:in `call'
puma (3.11.0) lib/puma/configuration.rb:225:in `call'
puma (3.11.0) lib/puma/server.rb:624:in `handle_request'
puma (3.11.0) lib/puma/server.rb:438:in `process_client'
puma (3.11.0) lib/puma/server.rb:302:in `block in run'
puma (3.11.0) lib/puma/thread_pool.rb:120:in `block in spawn_thread'
Started GET "/planets" for 127.0.0.1 at 2017-11-21 12:14:50 +1100
Processing by PlanetsController#index as HTML
  Rendering planets/index.html.erb within layouts/application
  Rendered planets/index.html.erb within layouts/application (1.3ms)
Completed 200 OK in 409ms (Views: 271.4ms)


Started GET "/planets" for 127.0.0.1 at 2017-11-21 12:17:48 +1100
Processing by PlanetsController#index as HTML
  Rendering planets/index.html.erb within layouts/application
  [1m[36mPlanet Load (0.9ms)[0m  [1m[34mSELECT "planets".* FROM "planets"[0m
  Rendered planets/index.html.erb within layouts/application (11.7ms)
Completed 200 OK in 59ms (Views: 25.9ms | ActiveRecord: 1.7ms)


Started GET "/rails/info/routes" for 127.0.0.1 at 2017-11-21 12:20:18 +1100
Processing by Rails::InfoController#routes as HTML
  Rendering /Users/john/.rvm/gems/ruby-2.4.2/gems/railties-5.1.4/lib/rails/templates/rails/info/routes.html.erb within layouts/application
  Rendered collection of /Users/john/.rvm/gems/ruby-2.4.2/gems/actionpack-5.1.4/lib/action_dispatch/middleware/templates/routes/_route.html.erb [3 times] (1.7ms)
  Rendered /Users/john/.rvm/gems/ruby-2.4.2/gems/actionpack-5.1.4/lib/action_dispatch/middleware/templates/routes/_table.html.erb (4.5ms)
  Rendered /Users/john/.rvm/gems/ruby-2.4.2/gems/railties-5.1.4/lib/rails/templates/rails/info/routes.html.erb within layouts/application (11.3ms)
Completed 200 OK in 25ms (Views: 20.2ms)


Started GET "/planets/new" for 127.0.0.1 at 2017-11-21 12:22:14 +1100
Processing by PlanetsController#new as HTML
  Rendering planets/new.html.erb within layouts/application
  Rendered planets/new.html.erb within layouts/application (0.3ms)
Completed 200 OK in 17ms (Views: 14.9ms)


Started GET "/planets/new" for 127.0.0.1 at 2017-11-21 12:27:20 +1100
Processing by PlanetsController#new as HTML
  Rendering planets/new.html.erb within layouts/application
  Rendered planets/new.html.erb within layouts/application (0.3ms)
Completed 200 OK in 20ms (Views: 16.4ms)


Started POST "/planets" for 127.0.0.1 at 2017-11-21 12:32:04 +1100
  
SyntaxError (/Users/john/Projects/WDi24-Homework/john_coote/week_05/day_02/solar_system/app/controllers/planets_controller.rb:12: syntax error, unexpected end-of-input, expecting keyword_end):
  
app/controllers/planets_controller.rb:12: syntax error, unexpected end-of-input, expecting keyword_end
Started POST "/planets" for 127.0.0.1 at 2017-11-21 12:32:20 +1100
Processing by PlanetsController#create as HTML
  Parameters: {"name"=>"Bob", "image"=>"", "orbit"=>"", "diameter"=>"", "mass"=>"", "moons"=>"7"}
Completed 500 Internal Server Error in 1ms


  
RuntimeError (<ActionController::Parameters {"name"=>"Bob", "image"=>"", "orbit"=>"", "diameter"=>"", "mass"=>"", "moons"=>"7", "controller"=>"planets", "action"=>"create"} permitted: false>):
  
app/controllers/planets_controller.rb:11:in `create'
Started GET "/planets/new" for 127.0.0.1 at 2017-11-21 12:32:23 +1100
Processing by PlanetsController#new as HTML
  Rendering planets/new.html.erb within layouts/application
  Rendered planets/new.html.erb within layouts/application (0.5ms)
Completed 200 OK in 19ms (Views: 16.6ms)


Started POST "/planets" for 127.0.0.1 at 2017-11-21 12:32:33 +1100
Processing by PlanetsController#create as HTML
  Parameters: {"name"=>"bob", "image"=>"", "orbit"=>"", "diameter"=>"", "mass"=>"", "moons"=>"7"}
Completed 500 Internal Server Error in 1ms


  
RuntimeError (<ActionController::Parameters {"name"=>"bob", "image"=>"", "orbit"=>"", "diameter"=>"", "mass"=>"", "moons"=>"7", "controller"=>"planets", "action"=>"create"} permitted: false>):
  
app/controllers/planets_controller.rb:11:in `create'
Started PUT "/__web_console/repl_sessions/4fe4bc680ab5683ce6cd69dc77408647" for 127.0.0.1 at 2017-11-21 12:33:13 +1100
Started PUT "/__web_console/repl_sessions/4fe4bc680ab5683ce6cd69dc77408647" for 127.0.0.1 at 2017-11-21 12:33:20 +1100
Started PUT "/__web_console/repl_sessions/4fe4bc680ab5683ce6cd69dc77408647" for 127.0.0.1 at 2017-11-21 12:33:26 +1100
Started GET "/planets" for 127.0.0.1 at 2017-11-21 12:35:31 +1100
Processing by PlanetsController#index as HTML
  Rendering planets/index.html.erb within layouts/application
  [1m[36mPlanet Load (0.2ms)[0m  [1m[34mSELECT "planets".* FROM "planets"[0m
  Rendered planets/index.html.erb within layouts/application (8.2ms)
Completed 200 OK in 27ms (Views: 22.6ms | ActiveRecord: 1.1ms)


Started GET "/planets/new" for 127.0.0.1 at 2017-11-21 12:36:02 +1100
Processing by PlanetsController#new as HTML
  Rendering planets/new.html.erb within layouts/application
  Rendered planets/new.html.erb within layouts/application (0.3ms)
Completed 200 OK in 18ms (Views: 15.7ms)


Started POST "/planets" for 127.0.0.1 at 2017-11-21 12:36:30 +1100
Processing by PlanetsController#create as HTML
  Parameters: {"name"=>"Saturn", "image"=>"", "orbit"=>"1", "diameter"=>"2", "mass"=>"3", "moons"=>"4"}
  [1m[35m (0.1ms)[0m  [1m[36mbegin transaction[0m
  [1m[35mSQL (0.6ms)[0m  [1m[32mINSERT INTO "planets" ("name", "image", "orbit", "diameter", "mass", "moons") VALUES (?, ?, ?, ?, ?, ?)[0m  [["name", "Saturn"], ["image", ""], ["orbit", 1.0], ["diameter", 2.0], ["mass", 3.0], ["moons", 4]]
  [1m[35m (6.1ms)[0m  [1m[36mcommit transaction[0m
Redirected to http://localhost:3000/planets
Completed 302 Found in 19ms (ActiveRecord: 7.8ms)


Started GET "/planets" for 127.0.0.1 at 2017-11-21 12:36:31 +1100
Processing by PlanetsController#index as HTML
  Rendering planets/index.html.erb within layouts/application
  [1m[36mPlanet Load (0.2ms)[0m  [1m[34mSELECT "planets".* FROM "planets"[0m
  Rendered planets/index.html.erb within layouts/application (2.4ms)
Completed 200 OK in 21ms (Views: 17.2ms | ActiveRecord: 0.2ms)


  [1m[36mPlanet Load (0.3ms)[0m  [1m[34mSELECT  "planets".* FROM "planets" ORDER BY "planets"."id" DESC LIMIT ?[0m  [["LIMIT", 1]]
Started GET "/planets/1" for 127.0.0.1 at 2017-11-21 12:40:51 +1100
  
SyntaxError (/Users/john/Projects/WDi24-Homework/john_coote/week_05/day_02/solar_system/config/routes.rb:11: syntax error, unexpected ':'
nets/:id' => 'planets#show', : as => planet
                              ^):
  
config/routes.rb:11: syntax error, unexpected ':'
Started GET "/planets/4" for 127.0.0.1 at 2017-11-21 12:41:39 +1100
  
NameError (undefined local variable or method `planet' for #<ActionDispatch::Routing::Mapper:0x00007fdd37a4a080>):
  
config/routes.rb:11:in `block in <top (required)>'
config/routes.rb:1:in `<top (required)>'
Started GET "/planets/1" for 127.0.0.1 at 2017-11-21 12:41:49 +1100
  
ActionController::RoutingError (No route matches [GET] "/planets/1"):
  
actionpack (5.1.4) lib/action_dispatch/middleware/debug_exceptions.rb:63:in `call'
web-console (3.5.1) lib/web_console/middleware.rb:135:in `call_app'
web-console (3.5.1) lib/web_console/middleware.rb:28:in `block in call'
web-console (3.5.1) lib/web_console/middleware.rb:18:in `catch'
web-console (3.5.1) lib/web_console/middleware.rb:18:in `call'
actionpack (5.1.4) lib/action_dispatch/middleware/show_exceptions.rb:31:in `call'
railties (5.1.4) lib/rails/rack/logger.rb:36:in `call_app'
railties (5.1.4) lib/rails/rack/logger.rb:24:in `block in call'
activesupport (5.1.4) lib/active_support/tagged_logging.rb:69:in `block in tagged'
activesupport (5.1.4) lib/active_support/tagged_logging.rb:26:in `tagged'
activesupport (5.1.4) lib/active_support/tagged_logging.rb:69:in `tagged'
railties (5.1.4) lib/rails/rack/logger.rb:24:in `call'
sprockets-rails (3.2.1) lib/sprockets/rails/quiet_assets.rb:13:in `call'
actionpack (5.1.4) lib/action_dispatch/middleware/remote_ip.rb:79:in `call'
actionpack (5.1.4) lib/action_dispatch/middleware/request_id.rb:25:in `call'
rack (2.0.3) lib/rack/method_override.rb:22:in `call'
rack (2.0.3) lib/rack/runtime.rb:22:in `call'
activesupport (5.1.4) lib/active_support/cache/strategy/local_cache_middleware.rb:27:in `call'
actionpack (5.1.4) lib/action_dispatch/middleware/executor.rb:12:in `call'
actionpack (5.1.4) lib/action_dispatch/middleware/static.rb:125:in `call'
rack (2.0.3) lib/rack/sendfile.rb:111:in `call'
railties (5.1.4) lib/rails/engine.rb:522:in `call'
puma (3.11.0) lib/puma/configuration.rb:225:in `call'
puma (3.11.0) lib/puma/server.rb:624:in `handle_request'
puma (3.11.0) lib/puma/server.rb:438:in `process_client'
puma (3.11.0) lib/puma/server.rb:302:in `block in run'
puma (3.11.0) lib/puma/thread_pool.rb:120:in `block in spawn_thread'
Started GET "/planets/2" for 127.0.0.1 at 2017-11-21 12:42:00 +1100
  
ActionController::RoutingError (No route matches [GET] "/planets/2"):
  
actionpack (5.1.4) lib/action_dispatch/middleware/debug_exceptions.rb:63:in `call'
web-console (3.5.1) lib/web_console/middleware.rb:135:in `call_app'
web-console (3.5.1) lib/web_console/middleware.rb:28:in `block in call'
web-console (3.5.1) lib/web_console/middleware.rb:18:in `catch'
web-console (3.5.1) lib/web_console/middleware.rb:18:in `call'
actionpack (5.1.4) lib/action_dispatch/middleware/show_exceptions.rb:31:in `call'
railties (5.1.4) lib/rails/rack/logger.rb:36:in `call_app'
railties (5.1.4) lib/rails/rack/logger.rb:24:in `block in call'
activesupport (5.1.4) lib/active_support/tagged_logging.rb:69:in `block in tagged'
activesupport (5.1.4) lib/active_support/tagged_logging.rb:26:in `tagged'
activesupport (5.1.4) lib/active_support/tagged_logging.rb:69:in `tagged'
railties (5.1.4) lib/rails/rack/logger.rb:24:in `call'
sprockets-rails (3.2.1) lib/sprockets/rails/quiet_assets.rb:13:in `call'
actionpack (5.1.4) lib/action_dispatch/middleware/remote_ip.rb:79:in `call'
actionpack (5.1.4) lib/action_dispatch/middleware/request_id.rb:25:in `call'
rack (2.0.3) lib/rack/method_override.rb:22:in `call'
rack (2.0.3) lib/rack/runtime.rb:22:in `call'
activesupport (5.1.4) lib/active_support/cache/strategy/local_cache_middleware.rb:27:in `call'
actionpack (5.1.4) lib/action_dispatch/middleware/executor.rb:12:in `call'
actionpack (5.1.4) lib/action_dispatch/middleware/static.rb:125:in `call'
rack (2.0.3) lib/rack/sendfile.rb:111:in `call'
railties (5.1.4) lib/rails/engine.rb:522:in `call'
puma (3.11.0) lib/puma/configuration.rb:225:in `call'
puma (3.11.0) lib/puma/server.rb:624:in `handle_request'
puma (3.11.0) lib/puma/server.rb:438:in `process_client'
puma (3.11.0) lib/puma/server.rb:302:in `block in run'
puma (3.11.0) lib/puma/thread_pool.rb:120:in `block in spawn_thread'
Started GET "/planets/2" for 127.0.0.1 at 2017-11-21 12:42:28 +1100
Processing by PlanetsController#show as HTML
  Parameters: {"id"=>"2"}
  Rendering planets/show.html.erb within layouts/application
  Rendered planets/show.html.erb within layouts/application (0.3ms)
Completed 200 OK in 18ms (Views: 15.5ms)


Started GET "/planets" for 127.0.0.1 at 2017-11-21 12:44:19 +1100
Processing by PlanetsController#index as HTML
  Rendering planets/index.html.erb within layouts/application
  [1m[36mPlanet Load (0.2ms)[0m  [1m[34mSELECT "planets".* FROM "planets"[0m
  Rendered planets/index.html.erb within layouts/application (9.0ms)
Completed 200 OK in 27ms (Views: 23.8ms | ActiveRecord: 1.0ms)


Started GET "/planets/1" for 127.0.0.1 at 2017-11-21 12:44:20 +1100
Processing by PlanetsController#show as HTML
  Parameters: {"id"=>"1"}
  [1m[36mPlanet Load (0.3ms)[0m  [1m[34mSELECT  "planets".* FROM "planets" WHERE "planets"."id" = ? LIMIT ?[0m  [["id", 1], ["LIMIT", 1]]
  Rendering planets/show.html.erb within layouts/application
  Rendered planets/show.html.erb within layouts/application (1.0ms)
Completed 200 OK in 31ms (Views: 19.0ms | ActiveRecord: 0.3ms)


Started GET "/planets/3" for 127.0.0.1 at 2017-11-21 12:44:22 +1100
Processing by PlanetsController#show as HTML
  Parameters: {"id"=>"3"}
  [1m[36mPlanet Load (0.1ms)[0m  [1m[34mSELECT  "planets".* FROM "planets" WHERE "planets"."id" = ? LIMIT ?[0m  [["id", 3], ["LIMIT", 1]]
  Rendering planets/show.html.erb within layouts/application
  Rendered planets/show.html.erb within layouts/application (0.4ms)
Completed 200 OK in 23ms (Views: 20.0ms | ActiveRecord: 0.1ms)


Started GET "/planets/1" for 127.0.0.1 at 2017-11-21 12:45:39 +1100
Processing by PlanetsController#show as HTML
  Parameters: {"id"=>"1"}
  [1m[36mPlanet Load (0.1ms)[0m  [1m[34mSELECT  "planets".* FROM "planets" WHERE "planets"."id" = ? LIMIT ?[0m  [["id", 1], ["LIMIT", 1]]
  Rendering planets/show.html.erb within layouts/application
  Rendered planets/show.html.erb within layouts/application (0.4ms)
Completed 200 OK in 21ms (Views: 17.5ms | ActiveRecord: 0.1ms)


Started GET "/planets/1" for 127.0.0.1 at 2017-11-21 12:48:25 +1100
Processing by PlanetsController#show as HTML
  Parameters: {"id"=>"1"}
  [1m[36mPlanet Load (0.1ms)[0m  [1m[34mSELECT  "planets".* FROM "planets" WHERE "planets"."id" = ? LIMIT ?[0m  [["id", 1], ["LIMIT", 1]]
  Rendering planets/show.html.erb within layouts/application
  Rendered planets/show.html.erb within layouts/application (176.4ms)
Completed 500 Internal Server Error in 185ms (ActiveRecord: 0.1ms)


  
ActionView::Template::Error (undefined local variable or method `planet' for #<#<Class:0x00007fdd3456ce08>:0x00007fdd343533d8>
Did you mean?  @planet):
    3: 
    4: <%= image_tag @planet.image unless @planet.image.blank?%>
    5: 
    6: <p>Orvbit: <%= planet.orbit %></p>
    7: <p>Orvbit: <%= planet.diameter %></p>
    8: <p>Orvbit: <%= planet.mass %></p>
    9: <p>Orvbit: <%= planet.moons %></p>
  
app/views/planets/show.html.erb:6:in `_app_views_planets_show_html_erb___3120430660700688740_70294020202220'
Started GET "/planets/1" for 127.0.0.1 at 2017-11-21 12:49:41 +1100
Processing by PlanetsController#show as HTML
  Parameters: {"id"=>"1"}
  [1m[36mPlanet Load (0.1ms)[0m  [1m[34mSELECT  "planets".* FROM "planets" WHERE "planets"."id" = ? LIMIT ?[0m  [["id", 1], ["LIMIT", 1]]
  Rendering planets/show.html.erb within layouts/application
  Rendered planets/show.html.erb within layouts/application (0.5ms)
Completed 200 OK in 17ms (Views: 13.5ms | ActiveRecord: 0.1ms)


Started GET "/" for 127.0.0.1 at 2017-11-21 14:49:47 +1100
Processing by PlanetsController#index as HTML
  Rendering planets/index.html.erb within layouts/application
  [1m[36mPlanet Load (1.5ms)[0m  [1m[34mSELECT "planets".* FROM "planets"[0m
  Rendered planets/index.html.erb within layouts/application (14.9ms)
Completed 200 OK in 415ms (Views: 187.5ms | ActiveRecord: 2.2ms)


Started GET "/planets/1" for 127.0.0.1 at 2017-11-21 14:57:41 +1100
Processing by PlanetsController#show as HTML
  Parameters: {"id"=>"1"}
  [1m[36mPlanet Load (0.4ms)[0m  [1m[34mSELECT  "planets".* FROM "planets" WHERE "planets"."id" = ? LIMIT ?[0m  [["id", 1], ["LIMIT", 1]]
  Rendering planets/show.html.erb within layouts/application
  Rendered planets/show.html.erb within layouts/application (0.9ms)
Completed 500 Internal Server Error in 131ms (ActiveRecord: 1.0ms)


  
ActionView::Template::Error (undefined method `to' for #<#<Class:0x00007fa12f1a79d0>:0x00007fa12f403b20>
Did you mean?  t):
    11:   <body>
    12: 
    13:   <nav>
    14:     <%= link to 'All Planets', root_path %>
    15:     <%= link_to 'New Planets', planets_new_path %>
    16:     
    17: 
  
app/views/layouts/application.html.erb:14:in `_app_views_layouts_application_html_erb___4510681847391293016_70165129593640'
Started GET "/planets/1" for 127.0.0.1 at 2017-11-21 14:59:06 +1100
Processing by PlanetsController#show as HTML
  Parameters: {"id"=>"1"}
  [1m[36mPlanet Load (0.2ms)[0m  [1m[34mSELECT  "planets".* FROM "planets" WHERE "planets"."id" = ? LIMIT ?[0m  [["id", 1], ["LIMIT", 1]]
  Rendering planets/show.html.erb within layouts/application
  Rendered planets/show.html.erb within layouts/application (0.8ms)
Completed 200 OK in 19ms (Views: 15.8ms | ActiveRecord: 0.2ms)


Started GET "/" for 127.0.0.1 at 2017-11-21 14:59:14 +1100
Processing by PlanetsController#index as HTML
  Rendering planets/index.html.erb within layouts/application
  [1m[36mPlanet Load (0.2ms)[0m  [1m[34mSELECT "planets".* FROM "planets"[0m
  Rendered planets/index.html.erb within layouts/application (2.1ms)
Completed 200 OK in 31ms (Views: 27.7ms | ActiveRecord: 0.2ms)


Started GET "/planets/5" for 127.0.0.1 at 2017-11-21 15:01:02 +1100
Processing by PlanetsController#show as HTML
  Parameters: {"id"=>"5"}
  [1m[36mPlanet Load (0.1ms)[0m  [1m[34mSELECT  "planets".* FROM "planets" WHERE "planets"."id" = ? LIMIT ?[0m  [["id", 5], ["LIMIT", 1]]
  Rendering planets/show.html.erb within layouts/application
  Rendered planets/show.html.erb within layouts/application (1.2ms)
Completed 200 OK in 22ms (Views: 18.4ms | ActiveRecord: 0.1ms)


Started DELETE "/planets/5" for 127.0.0.1 at 2017-11-21 15:01:05 +1100
  
AbstractController::ActionNotFound (The action 'destroy' could not be found for PlanetsController):
  
actionpack (5.1.4) lib/abstract_controller/base.rb:119:in `process'
actionview (5.1.4) lib/action_view/rendering.rb:30:in `process'
actionpack (5.1.4) lib/action_controller/metal.rb:189:in `dispatch'
actionpack (5.1.4) lib/action_controller/metal.rb:253:in `dispatch'
actionpack (5.1.4) lib/action_dispatch/routing/route_set.rb:49:in `dispatch'
actionpack (5.1.4) lib/action_dispatch/routing/route_set.rb:31:in `serve'
actionpack (5.1.4) lib/action_dispatch/journey/router.rb:50:in `block in serve'
actionpack (5.1.4) lib/action_dispatch/journey/router.rb:33:in `each'
actionpack (5.1.4) lib/action_dispatch/journey/router.rb:33:in `serve'
actionpack (5.1.4) lib/action_dispatch/routing/route_set.rb:834:in `call'
rack (2.0.3) lib/rack/etag.rb:25:in `call'
rack (2.0.3) lib/rack/conditional_get.rb:38:in `call'
rack (2.0.3) lib/rack/head.rb:12:in `call'
rack (2.0.3) lib/rack/session/abstract/id.rb:232:in `context'
rack (2.0.3) lib/rack/session/abstract/id.rb:226:in `call'
actionpack (5.1.4) lib/action_dispatch/middleware/cookies.rb:613:in `call'
activerecord (5.1.4) lib/active_record/migration.rb:556:in `call'
actionpack (5.1.4) lib/action_dispatch/middleware/callbacks.rb:26:in `block in call'
activesupport (5.1.4) lib/active_support/callbacks.rb:97:in `run_callbacks'
actionpack (5.1.4) lib/action_dispatch/middleware/callbacks.rb:24:in `call'
actionpack (5.1.4) lib/action_dispatch/middleware/executor.rb:12:in `call'
actionpack (5.1.4) lib/action_dispatch/middleware/debug_exceptions.rb:59:in `call'
web-console (3.5.1) lib/web_console/middleware.rb:135:in `call_app'
web-console (3.5.1) lib/web_console/middleware.rb:28:in `block in call'
web-console (3.5.1) lib/web_console/middleware.rb:18:in `catch'
web-console (3.5.1) lib/web_console/middleware.rb:18:in `call'
actionpack (5.1.4) lib/action_dispatch/middleware/show_exceptions.rb:31:in `call'
railties (5.1.4) lib/rails/rack/logger.rb:36:in `call_app'
railties (5.1.4) lib/rails/rack/logger.rb:24:in `block in call'
activesupport (5.1.4) lib/active_support/tagged_logging.rb:69:in `block in tagged'
activesupport (5.1.4) lib/active_support/tagged_logging.rb:26:in `tagged'
activesupport (5.1.4) lib/active_support/tagged_logging.rb:69:in `tagged'
railties (5.1.4) lib/rails/rack/logger.rb:24:in `call'
sprockets-rails (3.2.1) lib/sprockets/rails/quiet_assets.rb:13:in `call'
actionpack (5.1.4) lib/action_dispatch/middleware/remote_ip.rb:79:in `call'
actionpack (5.1.4) lib/action_dispatch/middleware/request_id.rb:25:in `call'
rack (2.0.3) lib/rack/method_override.rb:22:in `call'
rack (2.0.3) lib/rack/runtime.rb:22:in `call'
activesupport (5.1.4) lib/active_support/cache/strategy/local_cache_middleware.rb:27:in `call'
actionpack (5.1.4) lib/action_dispatch/middleware/executor.rb:12:in `call'
actionpack (5.1.4) lib/action_dispatch/middleware/static.rb:125:in `call'
rack (2.0.3) lib/rack/sendfile.rb:111:in `call'
railties (5.1.4) lib/rails/engine.rb:522:in `call'
puma (3.11.0) lib/puma/configuration.rb:225:in `call'
puma (3.11.0) lib/puma/server.rb:624:in `handle_request'
puma (3.11.0) lib/puma/server.rb:438:in `process_client'
puma (3.11.0) lib/puma/server.rb:302:in `block in run'
puma (3.11.0) lib/puma/thread_pool.rb:120:in `block in spawn_thread'
Started DELETE "/planets/5" for 127.0.0.1 at 2017-11-21 15:04:15 +1100
  
AbstractController::ActionNotFound (The action 'destroy' could not be found for PlanetsController):
  
actionpack (5.1.4) lib/abstract_controller/base.rb:119:in `process'
actionview (5.1.4) lib/action_view/rendering.rb:30:in `process'
actionpack (5.1.4) lib/action_controller/metal.rb:189:in `dispatch'
actionpack (5.1.4) lib/action_controller/metal.rb:253:in `dispatch'
actionpack (5.1.4) lib/action_dispatch/routing/route_set.rb:49:in `dispatch'
actionpack (5.1.4) lib/action_dispatch/routing/route_set.rb:31:in `serve'
actionpack (5.1.4) lib/action_dispatch/journey/router.rb:50:in `block in serve'
actionpack (5.1.4) lib/action_dispatch/journey/router.rb:33:in `each'
actionpack (5.1.4) lib/action_dispatch/journey/router.rb:33:in `serve'
actionpack (5.1.4) lib/action_dispatch/routing/route_set.rb:834:in `call'
rack (2.0.3) lib/rack/etag.rb:25:in `call'
rack (2.0.3) lib/rack/conditional_get.rb:38:in `call'
rack (2.0.3) lib/rack/head.rb:12:in `call'
rack (2.0.3) lib/rack/session/abstract/id.rb:232:in `context'
rack (2.0.3) lib/rack/session/abstract/id.rb:226:in `call'
actionpack (5.1.4) lib/action_dispatch/middleware/cookies.rb:613:in `call'
activerecord (5.1.4) lib/active_record/migration.rb:556:in `call'
actionpack (5.1.4) lib/action_dispatch/middleware/callbacks.rb:26:in `block in call'
activesupport (5.1.4) lib/active_support/callbacks.rb:97:in `run_callbacks'
actionpack (5.1.4) lib/action_dispatch/middleware/callbacks.rb:24:in `call'
actionpack (5.1.4) lib/action_dispatch/middleware/executor.rb:12:in `call'
actionpack (5.1.4) lib/action_dispatch/middleware/debug_exceptions.rb:59:in `call'
web-console (3.5.1) lib/web_console/middleware.rb:135:in `call_app'
web-console (3.5.1) lib/web_console/middleware.rb:28:in `block in call'
web-console (3.5.1) lib/web_console/middleware.rb:18:in `catch'
web-console (3.5.1) lib/web_console/middleware.rb:18:in `call'
actionpack (5.1.4) lib/action_dispatch/middleware/show_exceptions.rb:31:in `call'
railties (5.1.4) lib/rails/rack/logger.rb:36:in `call_app'
railties (5.1.4) lib/rails/rack/logger.rb:24:in `block in call'
activesupport (5.1.4) lib/active_support/tagged_logging.rb:69:in `block in tagged'
activesupport (5.1.4) lib/active_support/tagged_logging.rb:26:in `tagged'
activesupport (5.1.4) lib/active_support/tagged_logging.rb:69:in `tagged'
railties (5.1.4) lib/rails/rack/logger.rb:24:in `call'
sprockets-rails (3.2.1) lib/sprockets/rails/quiet_assets.rb:13:in `call'
actionpack (5.1.4) lib/action_dispatch/middleware/remote_ip.rb:79:in `call'
actionpack (5.1.4) lib/action_dispatch/middleware/request_id.rb:25:in `call'
rack (2.0.3) lib/rack/method_override.rb:22:in `call'
rack (2.0.3) lib/rack/runtime.rb:22:in `call'
activesupport (5.1.4) lib/active_support/cache/strategy/local_cache_middleware.rb:27:in `call'
actionpack (5.1.4) lib/action_dispatch/middleware/executor.rb:12:in `call'
actionpack (5.1.4) lib/action_dispatch/middleware/static.rb:125:in `call'
rack (2.0.3) lib/rack/sendfile.rb:111:in `call'
railties (5.1.4) lib/rails/engine.rb:522:in `call'
puma (3.11.0) lib/puma/configuration.rb:225:in `call'
puma (3.11.0) lib/puma/server.rb:624:in `handle_request'
puma (3.11.0) lib/puma/server.rb:438:in `process_client'
puma (3.11.0) lib/puma/server.rb:302:in `block in run'
puma (3.11.0) lib/puma/thread_pool.rb:120:in `block in spawn_thread'
Started DELETE "/planets/5" for 127.0.0.1 at 2017-11-21 15:04:25 +1100
Processing by PlanetsController#destroy as HTML
  Parameters: {"authenticity_token"=>"DpN28QeLXShDvgOwwHWZhgtnEjX/aiPT8L7biuNfNMytU7749qcN9nAu891dKWxYsrkE9viPhzQWmempGlE5hQ==", "id"=>"5"}
  [1m[36mPlanet Load (0.1ms)[0m  [1m[34mSELECT  "planets".* FROM "planets" WHERE "planets"."id" = ? LIMIT ?[0m  [["id", 5], ["LIMIT", 1]]
  [1m[35m (0.1ms)[0m  [1m[36mbegin transaction[0m
  [1m[35mSQL (0.4ms)[0m  [1m[31mDELETE FROM "planets" WHERE "planets"."id" = ?[0m  [["id", 5]]
  [1m[35m (6.5ms)[0m  [1m[36mcommit transaction[0m
Redirected to http://localhost:3000/planets
Completed 302 Found in 31ms (ActiveRecord: 8.2ms)


Started GET "/planets" for 127.0.0.1 at 2017-11-21 15:04:25 +1100
Processing by PlanetsController#index as HTML
  Rendering planets/index.html.erb within layouts/application
  [1m[36mPlanet Load (0.2ms)[0m  [1m[34mSELECT "planets".* FROM "planets"[0m
  Rendered planets/index.html.erb within layouts/application (1.5ms)
Completed 200 OK in 22ms (Views: 19.3ms | ActiveRecord: 0.2ms)


Started GET "/planets/1" for 127.0.0.1 at 2017-11-21 15:04:26 +1100
Processing by PlanetsController#show as HTML
  Parameters: {"id"=>"1"}
  [1m[36mPlanet Load (0.1ms)[0m  [1m[34mSELECT  "planets".* FROM "planets" WHERE "planets"."id" = ? LIMIT ?[0m  [["id", 1], ["LIMIT", 1]]
  Rendering planets/show.html.erb within layouts/application
  Rendered planets/show.html.erb within layouts/application (1.3ms)
Completed 200 OK in 24ms (Views: 20.3ms | ActiveRecord: 0.1ms)


Started DELETE "/planets/1" for 127.0.0.1 at 2017-11-21 15:04:28 +1100
Processing by PlanetsController#destroy as HTML
  Parameters: {"authenticity_token"=>"II0cFD9W+ZZvXKsNHE3+NGJuVB/2Gx305qPx3Z97OtUk+6B3GwOTN8aQF+M+Pto0Q2cUQxefB/2Cl81ZxUXlOw==", "id"=>"1"}
  [1m[36mPlanet Load (0.1ms)[0m  [1m[34mSELECT  "planets".* FROM "planets" WHERE "planets"."id" = ? LIMIT ?[0m  [["id", 1], ["LIMIT", 1]]
  [1m[35m (0.0ms)[0m  [1m[36mbegin transaction[0m
  [1m[35mSQL (0.3ms)[0m  [1m[31mDELETE FROM "planets" WHERE "planets"."id" = ?[0m  [["id", 1]]
  [1m[35m (6.2ms)[0m  [1m[36mcommit transaction[0m
Redirected to http://localhost:3000/planets
Completed 302 Found in 9ms (ActiveRecord: 6.7ms)


Started GET "/planets" for 127.0.0.1 at 2017-11-21 15:04:28 +1100
Processing by PlanetsController#index as HTML
  Rendering planets/index.html.erb within layouts/application
  [1m[36mPlanet Load (0.2ms)[0m  [1m[34mSELECT "planets".* FROM "planets"[0m
  Rendered planets/index.html.erb within layouts/application (1.5ms)
Completed 200 OK in 23ms (Views: 19.1ms | ActiveRecord: 0.2ms)


Started GET "/" for 127.0.0.1 at 2017-11-21 15:07:53 +1100
Processing by PlanetsController#index as HTML
  Rendering planets/index.html.erb within layouts/application
  [1m[36mPlanet Load (0.1ms)[0m  [1m[34mSELECT "planets".* FROM "planets"[0m
  Rendered planets/index.html.erb within layouts/application (8.4ms)
Completed 200 OK in 28ms (Views: 24.6ms | ActiveRecord: 0.9ms)


Started GET "/planets" for 127.0.0.1 at 2017-11-21 15:08:50 +1100
Processing by PlanetsController#index as HTML
  Rendering planets/index.html.erb within layouts/application
  [1m[36mPlanet Load (0.2ms)[0m  [1m[34mSELECT "planets".* FROM "planets"[0m
  Rendered planets/index.html.erb within layouts/application (1.4ms)
Completed 200 OK in 19ms (Views: 16.0ms | ActiveRecord: 0.2ms)


Started GET "/planets/4" for 127.0.0.1 at 2017-11-21 15:08:51 +1100
Processing by PlanetsController#show as HTML
  Parameters: {"id"=>"4"}
  [1m[36mPlanet Load (0.2ms)[0m  [1m[34mSELECT  "planets".* FROM "planets" WHERE "planets"."id" = ? LIMIT ?[0m  [["id", 4], ["LIMIT", 1]]
  Rendering planets/show.html.erb within layouts/application
  Rendered planets/show.html.erb within layouts/application (1.4ms)
Completed 200 OK in 24ms (Views: 19.7ms | ActiveRecord: 0.2ms)


Started GET "/planets4/edit" for 127.0.0.1 at 2017-11-21 15:08:53 +1100
  
ActionController::RoutingError (No route matches [GET] "/planets4/edit"):
  
actionpack (5.1.4) lib/action_dispatch/middleware/debug_exceptions.rb:63:in `call'
web-console (3.5.1) lib/web_console/middleware.rb:135:in `call_app'
web-console (3.5.1) lib/web_console/middleware.rb:28:in `block in call'
web-console (3.5.1) lib/web_console/middleware.rb:18:in `catch'
web-console (3.5.1) lib/web_console/middleware.rb:18:in `call'
actionpack (5.1.4) lib/action_dispatch/middleware/show_exceptions.rb:31:in `call'
railties (5.1.4) lib/rails/rack/logger.rb:36:in `call_app'
railties (5.1.4) lib/rails/rack/logger.rb:24:in `block in call'
activesupport (5.1.4) lib/active_support/tagged_logging.rb:69:in `block in tagged'
activesupport (5.1.4) lib/active_support/tagged_logging.rb:26:in `tagged'
activesupport (5.1.4) lib/active_support/tagged_logging.rb:69:in `tagged'
railties (5.1.4) lib/rails/rack/logger.rb:24:in `call'
sprockets-rails (3.2.1) lib/sprockets/rails/quiet_assets.rb:13:in `call'
actionpack (5.1.4) lib/action_dispatch/middleware/remote_ip.rb:79:in `call'
actionpack (5.1.4) lib/action_dispatch/middleware/request_id.rb:25:in `call'
rack (2.0.3) lib/rack/method_override.rb:22:in `call'
rack (2.0.3) lib/rack/runtime.rb:22:in `call'
activesupport (5.1.4) lib/active_support/cache/strategy/local_cache_middleware.rb:27:in `call'
actionpack (5.1.4) lib/action_dispatch/middleware/executor.rb:12:in `call'
actionpack (5.1.4) lib/action_dispatch/middleware/static.rb:125:in `call'
rack (2.0.3) lib/rack/sendfile.rb:111:in `call'
railties (5.1.4) lib/rails/engine.rb:522:in `call'
puma (3.11.0) lib/puma/configuration.rb:225:in `call'
puma (3.11.0) lib/puma/server.rb:624:in `handle_request'
puma (3.11.0) lib/puma/server.rb:438:in `process_client'
puma (3.11.0) lib/puma/server.rb:302:in `block in run'
puma (3.11.0) lib/puma/thread_pool.rb:120:in `block in spawn_thread'
Started GET "/planets/4" for 127.0.0.1 at 2017-11-21 15:08:58 +1100
Processing by PlanetsController#show as HTML
  Parameters: {"id"=>"4"}
  [1m[36mPlanet Load (0.2ms)[0m  [1m[34mSELECT  "planets".* FROM "planets" WHERE "planets"."id" = ? LIMIT ?[0m  [["id", 4], ["LIMIT", 1]]
  Rendering planets/show.html.erb within layouts/application
  Rendered planets/show.html.erb within layouts/application (1.1ms)
Completed 200 OK in 23ms (Views: 19.4ms | ActiveRecord: 0.2ms)


Started GET "/planets4/edit" for 127.0.0.1 at 2017-11-21 15:13:43 +1100
  
ActionController::RoutingError (No route matches [GET] "/planets4/edit"):
  
actionpack (5.1.4) lib/action_dispatch/middleware/debug_exceptions.rb:63:in `call'
web-console (3.5.1) lib/web_console/middleware.rb:135:in `call_app'
web-console (3.5.1) lib/web_console/middleware.rb:28:in `block in call'
web-console (3.5.1) lib/web_console/middleware.rb:18:in `catch'
web-console (3.5.1) lib/web_console/middleware.rb:18:in `call'
actionpack (5.1.4) lib/action_dispatch/middleware/show_exceptions.rb:31:in `call'
railties (5.1.4) lib/rails/rack/logger.rb:36:in `call_app'
railties (5.1.4) lib/rails/rack/logger.rb:24:in `block in call'
activesupport (5.1.4) lib/active_support/tagged_logging.rb:69:in `block in tagged'
activesupport (5.1.4) lib/active_support/tagged_logging.rb:26:in `tagged'
activesupport (5.1.4) lib/active_support/tagged_logging.rb:69:in `tagged'
railties (5.1.4) lib/rails/rack/logger.rb:24:in `call'
sprockets-rails (3.2.1) lib/sprockets/rails/quiet_assets.rb:13:in `call'
actionpack (5.1.4) lib/action_dispatch/middleware/remote_ip.rb:79:in `call'
actionpack (5.1.4) lib/action_dispatch/middleware/request_id.rb:25:in `call'
rack (2.0.3) lib/rack/method_override.rb:22:in `call'
rack (2.0.3) lib/rack/runtime.rb:22:in `call'
activesupport (5.1.4) lib/active_support/cache/strategy/local_cache_middleware.rb:27:in `call'
actionpack (5.1.4) lib/action_dispatch/middleware/executor.rb:12:in `call'
actionpack (5.1.4) lib/action_dispatch/middleware/static.rb:125:in `call'
rack (2.0.3) lib/rack/sendfile.rb:111:in `call'
railties (5.1.4) lib/rails/engine.rb:522:in `call'
puma (3.11.0) lib/puma/configuration.rb:225:in `call'
puma (3.11.0) lib/puma/server.rb:624:in `handle_request'
puma (3.11.0) lib/puma/server.rb:438:in `process_client'
puma (3.11.0) lib/puma/server.rb:302:in `block in run'
puma (3.11.0) lib/puma/thread_pool.rb:120:in `block in spawn_thread'
Started GET "/planets/4" for 127.0.0.1 at 2017-11-21 15:19:09 +1100
Processing by PlanetsController#show as HTML
  Parameters: {"id"=>"4"}
  [1m[36mPlanet Load (0.1ms)[0m  [1m[34mSELECT  "planets".* FROM "planets" WHERE "planets"."id" = ? LIMIT ?[0m  [["id", 4], ["LIMIT", 1]]
  Rendering planets/show.html.erb within layouts/application
  Rendered planets/show.html.erb within layouts/application (1.0ms)
Completed 200 OK in 34ms (Views: 22.8ms | ActiveRecord: 0.8ms)


Started GET "/planets4/edit" for 127.0.0.1 at 2017-11-21 15:19:59 +1100
  
ActionController::RoutingError (No route matches [GET] "/planets4/edit"):
  
actionpack (5.1.4) lib/action_dispatch/middleware/debug_exceptions.rb:63:in `call'
web-console (3.5.1) lib/web_console/middleware.rb:135:in `call_app'
web-console (3.5.1) lib/web_console/middleware.rb:28:in `block in call'
web-console (3.5.1) lib/web_console/middleware.rb:18:in `catch'
web-console (3.5.1) lib/web_console/middleware.rb:18:in `call'
actionpack (5.1.4) lib/action_dispatch/middleware/show_exceptions.rb:31:in `call'
railties (5.1.4) lib/rails/rack/logger.rb:36:in `call_app'
railties (5.1.4) lib/rails/rack/logger.rb:24:in `block in call'
activesupport (5.1.4) lib/active_support/tagged_logging.rb:69:in `block in tagged'
activesupport (5.1.4) lib/active_support/tagged_logging.rb:26:in `tagged'
activesupport (5.1.4) lib/active_support/tagged_logging.rb:69:in `tagged'
railties (5.1.4) lib/rails/rack/logger.rb:24:in `call'
sprockets-rails (3.2.1) lib/sprockets/rails/quiet_assets.rb:13:in `call'
actionpack (5.1.4) lib/action_dispatch/middleware/remote_ip.rb:79:in `call'
actionpack (5.1.4) lib/action_dispatch/middleware/request_id.rb:25:in `call'
rack (2.0.3) lib/rack/method_override.rb:22:in `call'
rack (2.0.3) lib/rack/runtime.rb:22:in `call'
activesupport (5.1.4) lib/active_support/cache/strategy/local_cache_middleware.rb:27:in `call'
actionpack (5.1.4) lib/action_dispatch/middleware/executor.rb:12:in `call'
actionpack (5.1.4) lib/action_dispatch/middleware/static.rb:125:in `call'
rack (2.0.3) lib/rack/sendfile.rb:111:in `call'
railties (5.1.4) lib/rails/engine.rb:522:in `call'
puma (3.11.0) lib/puma/configuration.rb:225:in `call'
puma (3.11.0) lib/puma/server.rb:624:in `handle_request'
puma (3.11.0) lib/puma/server.rb:438:in `process_client'
puma (3.11.0) lib/puma/server.rb:302:in `block in run'
puma (3.11.0) lib/puma/thread_pool.rb:120:in `block in spawn_thread'
Started GET "/planets/4" for 127.0.0.1 at 2017-11-21 15:29:44 +1100
Processing by PlanetsController#show as HTML
  Parameters: {"id"=>"4"}
  [1m[36mPlanet Load (0.2ms)[0m  [1m[34mSELECT  "planets".* FROM "planets" WHERE "planets"."id" = ? LIMIT ?[0m  [["id", 4], ["LIMIT", 1]]
  Rendering planets/show.html.erb within layouts/application
  Rendered planets/show.html.erb within layouts/application (1.2ms)
Completed 200 OK in 29ms (Views: 16.9ms | ActiveRecord: 0.9ms)


Started GET "/planets/4" for 127.0.0.1 at 2017-11-21 15:29:46 +1100
Processing by PlanetsController#show as HTML
  Parameters: {"id"=>"4"}
  [1m[36mPlanet Load (0.1ms)[0m  [1m[34mSELECT  "planets".* FROM "planets" WHERE "planets"."id" = ? LIMIT ?[0m  [["id", 4], ["LIMIT", 1]]
  Rendering planets/show.html.erb within layouts/application
  Rendered planets/show.html.erb within layouts/application (1.1ms)
Completed 200 OK in 21ms (Views: 17.8ms | ActiveRecord: 0.1ms)


Started GET "/planets/4/edit" for 127.0.0.1 at 2017-11-21 15:29:48 +1100
  
ActionController::RoutingError (No route matches [GET] "/planets/4/edit"):
  
actionpack (5.1.4) lib/action_dispatch/middleware/debug_exceptions.rb:63:in `call'
web-console (3.5.1) lib/web_console/middleware.rb:135:in `call_app'
web-console (3.5.1) lib/web_console/middleware.rb:28:in `block in call'
web-console (3.5.1) lib/web_console/middleware.rb:18:in `catch'
web-console (3.5.1) lib/web_console/middleware.rb:18:in `call'
actionpack (5.1.4) lib/action_dispatch/middleware/show_exceptions.rb:31:in `call'
railties (5.1.4) lib/rails/rack/logger.rb:36:in `call_app'
railties (5.1.4) lib/rails/rack/logger.rb:24:in `block in call'
activesupport (5.1.4) lib/active_support/tagged_logging.rb:69:in `block in tagged'
activesupport (5.1.4) lib/active_support/tagged_logging.rb:26:in `tagged'
activesupport (5.1.4) lib/active_support/tagged_logging.rb:69:in `tagged'
railties (5.1.4) lib/rails/rack/logger.rb:24:in `call'
sprockets-rails (3.2.1) lib/sprockets/rails/quiet_assets.rb:13:in `call'
actionpack (5.1.4) lib/action_dispatch/middleware/remote_ip.rb:79:in `call'
actionpack (5.1.4) lib/action_dispatch/middleware/request_id.rb:25:in `call'
rack (2.0.3) lib/rack/method_override.rb:22:in `call'
rack (2.0.3) lib/rack/runtime.rb:22:in `call'
activesupport (5.1.4) lib/active_support/cache/strategy/local_cache_middleware.rb:27:in `call'
actionpack (5.1.4) lib/action_dispatch/middleware/executor.rb:12:in `call'
actionpack (5.1.4) lib/action_dispatch/middleware/static.rb:125:in `call'
rack (2.0.3) lib/rack/sendfile.rb:111:in `call'
railties (5.1.4) lib/rails/engine.rb:522:in `call'
puma (3.11.0) lib/puma/configuration.rb:225:in `call'
puma (3.11.0) lib/puma/server.rb:624:in `handle_request'
puma (3.11.0) lib/puma/server.rb:438:in `process_client'
puma (3.11.0) lib/puma/server.rb:302:in `block in run'
puma (3.11.0) lib/puma/thread_pool.rb:120:in `block in spawn_thread'
Started GET "/planets/4" for 127.0.0.1 at 2017-11-21 15:31:39 +1100
Processing by PlanetsController#show as HTML
  Parameters: {"id"=>"4"}
  [1m[36mPlanet Load (0.1ms)[0m  [1m[34mSELECT  "planets".* FROM "planets" WHERE "planets"."id" = ? LIMIT ?[0m  [["id", 4], ["LIMIT", 1]]
  Rendering planets/show.html.erb within layouts/application
  Rendered planets/show.html.erb within layouts/application (1.2ms)
Completed 200 OK in 30ms (Views: 17.6ms | ActiveRecord: 0.9ms)


Started GET "/planets/4/edit" for 127.0.0.1 at 2017-11-21 15:31:41 +1100
Processing by PlanetsController#edit as HTML
  Parameters: {"id"=>"4"}
  [1m[36mPlanet Load (0.2ms)[0m  [1m[34mSELECT  "planets".* FROM "planets" WHERE "planets"."id" = ? LIMIT ?[0m  [["id", 4], ["LIMIT", 1]]
  Rendering planets/edit.html.erb within layouts/application
  Rendered planets/edit.html.erb within layouts/application (0.6ms)
Completed 200 OK in 23ms (Views: 19.1ms | ActiveRecord: 0.2ms)


Started POST "/planets/4" for 127.0.0.1 at 2017-11-21 15:31:56 +1100
Processing by PlanetsController#update as HTML
  Parameters: {"name"=>"Jupiter", "image"=>"", "orbit"=>"10.5", "diameter"=>"", "mass"=>"", "moons"=>"227", "id"=>"4"}
  [1m[36mPlanet Load (0.1ms)[0m  [1m[34mSELECT  "planets".* FROM "planets" WHERE "planets"."id" = ? LIMIT ?[0m  [["id", 4], ["LIMIT", 1]]
  [1m[35m (0.1ms)[0m  [1m[36mbegin transaction[0m
  [1m[35mSQL (0.3ms)[0m  [1m[33mUPDATE "planets" SET "image" = ? WHERE "planets"."id" = ?[0m  [["image", ""], ["id", 4]]
  [1m[35m (6.4ms)[0m  [1m[36mcommit transaction[0m
Redirected to http://localhost:3000/planets/4
Completed 302 Found in 10ms (ActiveRecord: 6.9ms)


Started GET "/planets/4" for 127.0.0.1 at 2017-11-21 15:31:56 +1100
Processing by PlanetsController#show as HTML
  Parameters: {"id"=>"4"}
  [1m[36mPlanet Load (0.1ms)[0m  [1m[34mSELECT  "planets".* FROM "planets" WHERE "planets"."id" = ? LIMIT ?[0m  [["id", 4], ["LIMIT", 1]]
  Rendering planets/show.html.erb within layouts/application
  Rendered planets/show.html.erb within layouts/application (1.0ms)
Completed 200 OK in 21ms (Views: 18.2ms | ActiveRecord: 0.1ms)


Started GET "/planets/4/edit" for 127.0.0.1 at 2017-11-21 15:32:02 +1100
Processing by PlanetsController#edit as HTML
  Parameters: {"id"=>"4"}
  [1m[36mPlanet Load (0.1ms)[0m  [1m[34mSELECT  "planets".* FROM "planets" WHERE "planets"."id" = ? LIMIT ?[0m  [["id", 4], ["LIMIT", 1]]
  Rendering planets/edit.html.erb within layouts/application
  Rendered planets/edit.html.erb within layouts/application (0.7ms)
Completed 200 OK in 25ms (Views: 21.2ms | ActiveRecord: 0.1ms)


