  [1m[35m (0.1ms)[0m  [1m[34mSELECT sqlite_version(*)[0m
  [1m[35m (6.6ms)[0m  [1m[35mCREATE TABLE "schema_migrations" ("version" varchar NOT NULL PRIMARY KEY)[0m
  [1m[35m (1.3ms)[0m  [1m[35mCREATE TABLE "ar_internal_metadata" ("key" varchar NOT NULL PRIMARY KEY, "value" varchar, "created_at" datetime NOT NULL, "updated_at" datetime NOT NULL)[0m
  [1m[35m (0.2ms)[0m  [1m[34mSELECT "schema_migrations"."version" FROM "schema_migrations" ORDER BY "schema_migrations"."version" ASC[0m
Migrating to CreateCountries (20171122095809)
  [1m[35m (0.1ms)[0m  [1m[36mbegin transaction[0m
  [1m[35m (0.5ms)[0m  [1m[35mCREATE TABLE "countries" ("id" INTEGER PRIMARY KEY AUTOINCREMENT NOT NULL, "name" text, "population" integer, "food" text, "image" text, "created_at" datetime NOT NULL, "updated_at" datetime NOT NULL)[0m
  [1m[35mSQL (0.2ms)[0m  [1m[32mINSERT INTO "schema_migrations" ("version") VALUES (?)[0m  [["version", "20171122095809"]]
  [1m[35m (1.3ms)[0m  [1m[36mcommit transaction[0m
Migrating to CreateCities (20171122095814)
  [1m[35m (0.1ms)[0m  [1m[36mbegin transaction[0m
  [1m[35m (0.4ms)[0m  [1m[35mCREATE TABLE "cities" ("id" INTEGER PRIMARY KEY AUTOINCREMENT NOT NULL, "name" text, "population" integer, "image" text, "created_at" datetime NOT NULL, "updated_at" datetime NOT NULL)[0m
  [1m[35mSQL (0.2ms)[0m  [1m[32mINSERT INTO "schema_migrations" ("version") VALUES (?)[0m  [["version", "20171122095814"]]
  [1m[35m (1.0ms)[0m  [1m[36mcommit transaction[0m
  [1m[36mActiveRecord::InternalMetadata Load (0.1ms)[0m  [1m[34mSELECT  "ar_internal_metadata".* FROM "ar_internal_metadata" WHERE "ar_internal_metadata"."key" = ? LIMIT ?[0m  [["key", "environment"], ["LIMIT", 1]]
  [1m[35m (0.1ms)[0m  [1m[36mbegin transaction[0m
  [1m[35mSQL (0.4ms)[0m  [1m[32mINSERT INTO "ar_internal_metadata" ("key", "value", "created_at", "updated_at") VALUES (?, ?, ?, ?)[0m  [["key", "environment"], ["value", "development"], ["created_at", "2017-11-22 09:59:55.623763"], ["updated_at", "2017-11-22 09:59:55.623763"]]
  [1m[35m (1.0ms)[0m  [1m[36mcommit transaction[0m
  [1m[35m (0.1ms)[0m  [1m[34mSELECT "schema_migrations"."version" FROM "schema_migrations" ORDER BY "schema_migrations"."version" ASC[0m
  [1m[35m (0.1ms)[0m  [1m[34mSELECT "schema_migrations"."version" FROM "schema_migrations" ORDER BY "schema_migrations"."version" ASC[0m
  [1m[35m (0.1ms)[0m  [1m[34mSELECT "schema_migrations"."version" FROM "schema_migrations" ORDER BY "schema_migrations"."version" ASC[0m
  [1m[36mCountry Load (0.1ms)[0m  [1m[34mSELECT "countries".* FROM "countries"[0m
  [1m[35m (0.0ms)[0m  [1m[36mbegin transaction[0m
  [1m[35mSQL (0.4ms)[0m  [1m[32mINSERT INTO "countries" ("name", "population", "created_at", "updated_at") VALUES (?, ?, ?, ?)[0m  [["name", "Australia"], ["population", 200], ["created_at", "2017-11-22 10:03:35.541886"], ["updated_at", "2017-11-22 10:03:35.541886"]]
  [1m[35m (6.4ms)[0m  [1m[36mcommit transaction[0m
  [1m[35m (0.1ms)[0m  [1m[36mbegin transaction[0m
  [1m[35mSQL (0.4ms)[0m  [1m[32mINSERT INTO "countries" ("name", "population", "created_at", "updated_at") VALUES (?, ?, ?, ?)[0m  [["name", "England"], ["population", 200], ["created_at", "2017-11-22 10:03:35.550239"], ["updated_at", "2017-11-22 10:03:35.550239"]]
  [1m[35m (0.8ms)[0m  [1m[36mcommit transaction[0m
  [1m[36mCity Load (0.2ms)[0m  [1m[34mSELECT "cities".* FROM "cities"[0m
  [1m[35m (0.1ms)[0m  [1m[36mbegin transaction[0m
  [1m[35mSQL (0.5ms)[0m  [1m[32mINSERT INTO "cities" ("name", "population", "created_at", "updated_at") VALUES (?, ?, ?, ?)[0m  [["name", "London"], ["population", 250], ["created_at", "2017-11-22 10:03:35.561104"], ["updated_at", "2017-11-22 10:03:35.561104"]]
  [1m[35m (0.7ms)[0m  [1m[36mcommit transaction[0m
  [1m[35m (0.0ms)[0m  [1m[36mbegin transaction[0m
  [1m[35mSQL (0.3ms)[0m  [1m[32mINSERT INTO "cities" ("name", "population", "created_at", "updated_at") VALUES (?, ?, ?, ?)[0m  [["name", "Sydney"], ["population", 220], ["created_at", "2017-11-22 10:03:35.563728"], ["updated_at", "2017-11-22 10:03:35.563728"]]
  [1m[35m (0.7ms)[0m  [1m[36mcommit transaction[0m
  [1m[36mCity Load (0.2ms)[0m  [1m[34mSELECT  "cities".* FROM "cities" ORDER BY "cities"."id" ASC LIMIT ?[0m  [["LIMIT", 1]]
  [1m[36mCountry Load (0.2ms)[0m  [1m[34mSELECT  "countries".* FROM "countries" ORDER BY "countries"."id" ASC LIMIT ?[0m  [["LIMIT", 1]]
  [1m[35m (0.1ms)[0m  [1m[34mSELECT "schema_migrations"."version" FROM "schema_migrations" ORDER BY "schema_migrations"."version" ASC[0m
Started GET "/" for 127.0.0.1 at 2017-11-22 21:53:26 +1100
  [1m[35m (0.2ms)[0m  [1m[34mSELECT "schema_migrations"."version" FROM "schema_migrations" ORDER BY "schema_migrations"."version" ASC[0m
Processing by Rails::WelcomeController#index as HTML
  Rendering /Users/john/.rvm/gems/ruby-2.4.2/gems/railties-5.1.4/lib/rails/templates/rails/welcome/index.html.erb
  Rendered /Users/john/.rvm/gems/ruby-2.4.2/gems/railties-5.1.4/lib/rails/templates/rails/welcome/index.html.erb (2.9ms)
Completed 200 OK in 18ms (Views: 7.7ms | ActiveRecord: 0.0ms)


Started GET "/countries/" for 127.0.0.1 at 2017-11-22 21:53:37 +1100
Processing by CountriesController#index as HTML
  Rendering countries/index.html.erb within layouts/application
  Rendered countries/index.html.erb within layouts/application (0.4ms)
Completed 200 OK in 356ms (Views: 351.8ms | ActiveRecord: 0.0ms)


  [1m[36mCountry Load (0.2ms)[0m  [1m[34mSELECT  "countries".* FROM "countries" ORDER BY "countries"."id" ASC LIMIT ?[0m  [["LIMIT", 1]]
  [1m[36mCountry Load (0.1ms)[0m  [1m[34mSELECT  "countries".* FROM "countries" ORDER BY "countries"."id" ASC LIMIT ?[0m  [["LIMIT", 1]]
  [1m[36mCountry Load (0.2ms)[0m  [1m[34mSELECT  "countries".* FROM "countries" ORDER BY "countries"."id" ASC LIMIT ?[0m  [["LIMIT", 1]]
Started GET "/countries/" for 127.0.0.1 at 2017-11-22 21:56:08 +1100
Processing by CountriesController#index as HTML
  Rendering countries/index.html.erb within layouts/application
  Rendered countries/index.html.erb within layouts/application (0.7ms)
Completed 500 Internal Server Error in 10ms (ActiveRecord: 0.0ms)


  
SyntaxError (/Users/john/Projects/WDi24-Homework/john_coote/week_05/day_03/jdb/app/views/countries/index.html.erb:7: syntax error, unexpected '<'
eeze;@output_buffer.append=( <li>country.name</li> );@output
                              ^
/Users/john/Projects/WDi24-Homework/john_coote/week_05/day_03/jdb/app/views/countries/index.html.erb:9: unknown regexp option - l
/Users/john/Projects/WDi24-Homework/john_coote/week_05/day_03/jdb/app/views/countries/index.html.erb:9: unmatched close parenthesis: /li> );@output_buffer.safe_append='
'.freeze;   end 
@output_buffer.safe_append='</
/Users/john/Projects/WDi24-Homework/john_coote/week_05/day_03/jdb/app/views/countries/index.html.erb:10: unterminated string meets end of file
/Users/john/Projects/WDi24-Homework/john_coote/week_05/day_03/jdb/app/views/countries/index.html.erb:10: syntax error, unexpected end-of-input, expecting ')'):
  
app/views/countries/index.html.erb:7: syntax error, unexpected '<'
app/views/countries/index.html.erb:9: unknown regexp option - l
app/views/countries/index.html.erb:9: unmatched close parenthesis: /li> );@output_buffer.safe_append='
app/views/countries/index.html.erb:10: unterminated string meets end of file
app/views/countries/index.html.erb:10: syntax error, unexpected end-of-input, expecting ')'
Started GET "/countries/" for 127.0.0.1 at 2017-11-22 21:57:06 +1100
Processing by CountriesController#index as HTML
  Rendering countries/index.html.erb within layouts/application
  [1m[36mCountry Load (0.2ms)[0m  [1m[34mSELECT "countries".* FROM "countries"[0m
  Rendered countries/index.html.erb within layouts/application (8.6ms)
Completed 200 OK in 29ms (Views: 25.4ms | ActiveRecord: 0.7ms)


Started GET "/cities" for 127.0.0.1 at 2017-11-22 21:58:42 +1100
Processing by CitiesController#index as HTML
Completed 500 Internal Server Error in 2ms


  
NameError (uninitialized constant CitiesController::Cities):
  
app/controllers/cities_controller.rb:3:in `index'
Started GET "/cities" for 127.0.0.1 at 2017-11-22 21:59:00 +1100
Processing by CitiesController#index as HTML
  Rendering cities/index.html.erb within layouts/application
  [1m[36mCity Load (0.1ms)[0m  [1m[34mSELECT "cities".* FROM "cities"[0m
  Rendered cities/index.html.erb within layouts/application (8.0ms)
Completed 200 OK in 31ms (Views: 27.0ms | ActiveRecord: 1.0ms)


Started GET "/cities" for 127.0.0.1 at 2017-11-22 22:09:09 +1100
Processing by CitiesController#index as HTML
  Rendering cities/index.html.erb within layouts/application
  [1m[36mCity Load (0.1ms)[0m  [1m[34mSELECT "cities".* FROM "cities"[0m
  Rendered cities/index.html.erb within layouts/application (7.3ms)
Completed 200 OK in 29ms (Views: 25.3ms | ActiveRecord: 0.9ms)


Started GET "/cities/1" for 127.0.0.1 at 2017-11-22 22:09:13 +1100
Processing by CitiesController#show as HTML
  Parameters: {"id"=>"1"}
  [1m[36mCity Load (0.2ms)[0m  [1m[34mSELECT  "cities".* FROM "cities" WHERE "cities"."id" = ? LIMIT ?[0m  [["id", 1], ["LIMIT", 1]]
  Rendering cities/show.html.erb within layouts/application
  Rendered cities/show.html.erb within layouts/application (0.5ms)
Completed 200 OK in 25ms (Views: 20.0ms | ActiveRecord: 0.2ms)


Started GET "/countries" for 127.0.0.1 at 2017-11-22 22:09:26 +1100
Processing by CountriesController#index as HTML
  Rendering countries/index.html.erb within layouts/application
  [1m[36mCountry Load (0.2ms)[0m  [1m[34mSELECT "countries".* FROM "countries"[0m
  Rendered countries/index.html.erb within layouts/application (6.6ms)
Completed 200 OK in 29ms (Views: 24.0ms | ActiveRecord: 0.6ms)


Started GET "/countries/2" for 127.0.0.1 at 2017-11-22 22:09:29 +1100
Processing by CountriesController#show as HTML
  Parameters: {"id"=>"2"}
  [1m[36mCountry Load (0.2ms)[0m  [1m[34mSELECT  "countries".* FROM "countries" WHERE "countries"."id" = ? LIMIT ?[0m  [["id", 2], ["LIMIT", 1]]
  Rendering countries/show.html.erb within layouts/application
  Rendered countries/show.html.erb within layouts/application (0.4ms)
Completed 200 OK in 27ms (Views: 23.2ms | ActiveRecord: 0.2ms)


Started GET "/cities" for 127.0.0.1 at 2017-11-22 22:24:41 +1100
Processing by CitiesController#index as HTML
  Rendering cities/index.html.erb within layouts/application
  [1m[36mCity Load (0.1ms)[0m  [1m[34mSELECT "cities".* FROM "cities"[0m
  Rendered cities/index.html.erb within layouts/application (8.0ms)
Completed 200 OK in 31ms (Views: 27.1ms | ActiveRecord: 0.9ms)


Started GET "/cities/1" for 127.0.0.1 at 2017-11-22 22:24:43 +1100
Processing by CitiesController#show as HTML
  Parameters: {"id"=>"1"}
  [1m[36mCity Load (0.2ms)[0m  [1m[34mSELECT  "cities".* FROM "cities" WHERE "cities"."id" = ? LIMIT ?[0m  [["id", 1], ["LIMIT", 1]]
  Rendering cities/show.html.erb within layouts/application
  Rendered cities/show.html.erb within layouts/application (0.5ms)
Completed 200 OK in 34ms (Views: 29.4ms | ActiveRecord: 0.2ms)


Started GET "/cities/2" for 127.0.0.1 at 2017-11-22 22:24:47 +1100
Processing by CitiesController#show as HTML
  Parameters: {"id"=>"2"}
  [1m[36mCity Load (0.2ms)[0m  [1m[34mSELECT  "cities".* FROM "cities" WHERE "cities"."id" = ? LIMIT ?[0m  [["id", 2], ["LIMIT", 1]]
  Rendering cities/show.html.erb within layouts/application
  Rendered cities/show.html.erb within layouts/application (0.5ms)
Completed 200 OK in 24ms (Views: 20.6ms | ActiveRecord: 0.2ms)


Started GET "/cities/1" for 127.0.0.1 at 2017-11-22 22:25:58 +1100
Processing by CitiesController#show as HTML
  Parameters: {"id"=>"1"}
  [1m[36mCity Load (0.1ms)[0m  [1m[34mSELECT  "cities".* FROM "cities" WHERE "cities"."id" = ? LIMIT ?[0m  [["id", 1], ["LIMIT", 1]]
  Rendering cities/show.html.erb within layouts/application
  Rendered cities/show.html.erb within layouts/application (0.4ms)
Completed 200 OK in 21ms (Views: 17.9ms | ActiveRecord: 0.1ms)


Started GET "/cities/1/edit" for 127.0.0.1 at 2017-11-22 22:26:04 +1100
Processing by CitiesController#edit as HTML
  Parameters: {"id"=>"1"}
  Rendering cities/edit.html.erb within layouts/application
  Rendered cities/edit.html.erb within layouts/application (3.1ms)
Completed 500 Internal Server Error in 15ms (ActiveRecord: 0.0ms)


  
ActionView::Template::Error (First argument in form cannot contain nil or be empty):
    1: <h1>Cities#edit</h1>
    2: <p>Find me in app/views/cities/edit.html.erb</p>
    3: 
    4: <%= form_for @city do |f| %>
    5: <fieldset>
    6:   <%= f.label :name %>
    7:   <%= f.text_field :name %>
  
app/views/cities/edit.html.erb:4:in `_app_views_cities_edit_html_erb___4298395027256106375_70202584043720'
Started GET "/cities/1/edit" for 127.0.0.1 at 2017-11-22 22:27:16 +1100
Processing by CitiesController#edit as HTML
  Parameters: {"id"=>"1"}
  [1m[36mCity Load (0.1ms)[0m  [1m[34mSELECT  "cities".* FROM "cities" WHERE "cities"."id" = ? LIMIT ?[0m  [["id", 1], ["LIMIT", 1]]
  Rendering cities/edit.html.erb within layouts/application
  Rendered cities/edit.html.erb within layouts/application (10.1ms)
Completed 200 OK in 43ms (Views: 31.8ms | ActiveRecord: 0.9ms)


Started GET "/countries/1/edit" for 127.0.0.1 at 2017-11-22 22:31:07 +1100
Processing by CountriesController#edit as HTML
  Parameters: {"id"=>"1"}
  [1m[36mCountry Load (0.1ms)[0m  [1m[34mSELECT  "countries".* FROM "countries" WHERE "countries"."id" = ? LIMIT ?[0m  [["id", 1], ["LIMIT", 1]]
  Rendering countries/edit.html.erb within layouts/application
  Rendered countries/edit.html.erb within layouts/application (2.3ms)
Completed 200 OK in 39ms (Views: 27.0ms | ActiveRecord: 0.6ms)


Started PATCH "/countries/1" for 127.0.0.1 at 2017-11-22 22:31:11 +1100
  
AbstractController::ActionNotFound (The action 'update' could not be found for CountriesController):
  
actionpack (5.1.4) lib/abstract_controller/base.rb:119:in `process'
actionview (5.1.4) lib/action_view/rendering.rb:30:in `process'
actionpack (5.1.4) lib/action_controller/metal.rb:189:in `dispatch'
actionpack (5.1.4) lib/action_controller/metal.rb:253:in `dispatch'
actionpack (5.1.4) lib/action_dispatch/routing/route_set.rb:49:in `dispatch'
actionpack (5.1.4) lib/action_dispatch/routing/route_set.rb:31:in `serve'
actionpack (5.1.4) lib/action_dispatch/journey/router.rb:50:in `block in serve'
actionpack (5.1.4) lib/action_dispatch/journey/router.rb:33:in `each'
actionpack (5.1.4) lib/action_dispatch/journey/router.rb:33:in `serve'
actionpack (5.1.4) lib/action_dispatch/routing/route_set.rb:834:in `call'
rack (2.0.3) lib/rack/etag.rb:25:in `call'
rack (2.0.3) lib/rack/conditional_get.rb:38:in `call'
rack (2.0.3) lib/rack/head.rb:12:in `call'
rack (2.0.3) lib/rack/session/abstract/id.rb:232:in `context'
rack (2.0.3) lib/rack/session/abstract/id.rb:226:in `call'
actionpack (5.1.4) lib/action_dispatch/middleware/cookies.rb:613:in `call'
activerecord (5.1.4) lib/active_record/migration.rb:556:in `call'
actionpack (5.1.4) lib/action_dispatch/middleware/callbacks.rb:26:in `block in call'
activesupport (5.1.4) lib/active_support/callbacks.rb:97:in `run_callbacks'
actionpack (5.1.4) lib/action_dispatch/middleware/callbacks.rb:24:in `call'
actionpack (5.1.4) lib/action_dispatch/middleware/executor.rb:12:in `call'
actionpack (5.1.4) lib/action_dispatch/middleware/debug_exceptions.rb:59:in `call'
web-console (3.5.1) lib/web_console/middleware.rb:135:in `call_app'
web-console (3.5.1) lib/web_console/middleware.rb:28:in `block in call'
web-console (3.5.1) lib/web_console/middleware.rb:18:in `catch'
web-console (3.5.1) lib/web_console/middleware.rb:18:in `call'
actionpack (5.1.4) lib/action_dispatch/middleware/show_exceptions.rb:31:in `call'
railties (5.1.4) lib/rails/rack/logger.rb:36:in `call_app'
railties (5.1.4) lib/rails/rack/logger.rb:24:in `block in call'
activesupport (5.1.4) lib/active_support/tagged_logging.rb:69:in `block in tagged'
activesupport (5.1.4) lib/active_support/tagged_logging.rb:26:in `tagged'
activesupport (5.1.4) lib/active_support/tagged_logging.rb:69:in `tagged'
railties (5.1.4) lib/rails/rack/logger.rb:24:in `call'
sprockets-rails (3.2.1) lib/sprockets/rails/quiet_assets.rb:13:in `call'
actionpack (5.1.4) lib/action_dispatch/middleware/remote_ip.rb:79:in `call'
actionpack (5.1.4) lib/action_dispatch/middleware/request_id.rb:25:in `call'
rack (2.0.3) lib/rack/method_override.rb:22:in `call'
rack (2.0.3) lib/rack/runtime.rb:22:in `call'
activesupport (5.1.4) lib/active_support/cache/strategy/local_cache_middleware.rb:27:in `call'
actionpack (5.1.4) lib/action_dispatch/middleware/executor.rb:12:in `call'
actionpack (5.1.4) lib/action_dispatch/middleware/static.rb:125:in `call'
rack (2.0.3) lib/rack/sendfile.rb:111:in `call'
railties (5.1.4) lib/rails/engine.rb:522:in `call'
puma (3.11.0) lib/puma/configuration.rb:225:in `call'
puma (3.11.0) lib/puma/server.rb:624:in `handle_request'
puma (3.11.0) lib/puma/server.rb:438:in `process_client'
puma (3.11.0) lib/puma/server.rb:302:in `block in run'
puma (3.11.0) lib/puma/thread_pool.rb:120:in `block in spawn_thread'
Started GET "/countries/" for 127.0.0.1 at 2017-11-22 22:31:17 +1100
Processing by CountriesController#index as HTML
  Rendering countries/index.html.erb within layouts/application
  [1m[36mCountry Load (0.2ms)[0m  [1m[34mSELECT "countries".* FROM "countries"[0m
  Rendered countries/index.html.erb within layouts/application (1.6ms)
Completed 200 OK in 27ms (Views: 21.0ms | ActiveRecord: 0.2ms)


Started GET "/countries/1/edit" for 127.0.0.1 at 2017-11-22 22:33:18 +1100
Processing by CountriesController#edit as HTML
  Parameters: {"id"=>"1"}
  [1m[36mCountry Load (0.1ms)[0m  [1m[34mSELECT  "countries".* FROM "countries" WHERE "countries"."id" = ? LIMIT ?[0m  [["id", 1], ["LIMIT", 1]]
  Rendering countries/edit.html.erb within layouts/application
  Rendered countries/_form.html.erb (1.8ms)
  Rendered countries/edit.html.erb within layouts/application (4.3ms)
Completed 200 OK in 26ms (Views: 22.5ms | ActiveRecord: 0.1ms)


Started GET "/countries/new" for 127.0.0.1 at 2017-11-22 22:34:12 +1100
Processing by CountriesController#new as HTML
  Rendering countries/new.html.erb within layouts/application
  Rendered countries/_form.html.erb (1.9ms)
  Rendered countries/new.html.erb within layouts/application (4.2ms)
Completed 200 OK in 37ms (Views: 26.3ms | ActiveRecord: 0.7ms)


Started GET "/cities/new" for 127.0.0.1 at 2017-11-22 22:36:56 +1100
Processing by CitiesController#new as HTML
  Rendering cities/new.html.erb within layouts/application
  Rendered cities/_form.html.erb (2.0ms)
  Rendered cities/new.html.erb within layouts/application (4.6ms)
Completed 200 OK in 34ms (Views: 24.3ms | ActiveRecord: 0.7ms)


Started GET "/cities/1/edit" for 127.0.0.1 at 2017-11-22 22:37:01 +1100
Processing by CitiesController#edit as HTML
  Parameters: {"id"=>"1"}
  [1m[36mCity Load (0.2ms)[0m  [1m[34mSELECT  "cities".* FROM "cities" WHERE "cities"."id" = ? LIMIT ?[0m  [["id", 1], ["LIMIT", 1]]
  Rendering cities/edit.html.erb within layouts/application
  Rendered cities/edit.html.erb within layouts/application (0.5ms)
Completed 200 OK in 34ms (Views: 30.1ms | ActiveRecord: 0.2ms)


Started GET "/cities/1/edit" for 127.0.0.1 at 2017-11-22 22:37:25 +1100
Processing by CitiesController#edit as HTML
  Parameters: {"id"=>"1"}
  [1m[36mCity Load (0.1ms)[0m  [1m[34mSELECT  "cities".* FROM "cities" WHERE "cities"."id" = ? LIMIT ?[0m  [["id", 1], ["LIMIT", 1]]
  Rendering cities/edit.html.erb within layouts/application
  Rendered cities/_form.html.erb (2.3ms)
  Rendered cities/edit.html.erb within layouts/application (4.9ms)
Completed 200 OK in 28ms (Views: 24.3ms | ActiveRecord: 0.1ms)


Started PATCH "/cities/1" for 127.0.0.1 at 2017-11-22 22:43:01 +1100
Processing by CitiesController#update as HTML
  Parameters: {"utf8"=>"✓", "authenticity_token"=>"FIRlZdoH1ngmuc0VIrvxntN+qpY7sxDajQpb2K3pEPvGqBwCmjJPY2Wlt1DeogZt2pw1uawtJKa7pfL8uAibmA==", "city"=>{"name"=>"Londonggg", "population"=>"250"}, "commit"=>"Update City", "id"=>"1"}
  [1m[36mCity Load (0.1ms)[0m  [1m[34mSELECT  "cities".* FROM "cities" WHERE "cities"."id" = ? LIMIT ?[0m  [["id", 1], ["LIMIT", 1]]
Completed 500 Internal Server Error in 117ms (ActiveRecord: 0.9ms)


  
NameError (undefined local variable or method `city_params' for #<CitiesController:0x00007fb298aab8b8>
Did you mean?  city_path):
  
app/controllers/cities_controller.rb:21:in `update'
Started PATCH "/cities/1" for 127.0.0.1 at 2017-11-22 22:46:12 +1100
Processing by CitiesController#update as HTML
  Parameters: {"utf8"=>"✓", "authenticity_token"=>"FIRlZdoH1ngmuc0VIrvxntN+qpY7sxDajQpb2K3pEPvGqBwCmjJPY2Wlt1DeogZt2pw1uawtJKa7pfL8uAibmA==", "city"=>{"name"=>"Londonggg", "population"=>"250"}, "commit"=>"Update City", "id"=>"1"}
  [1m[36mCity Load (0.2ms)[0m  [1m[34mSELECT  "cities".* FROM "cities" WHERE "cities"."id" = ? LIMIT ?[0m  [["id", 1], ["LIMIT", 1]]
  [1m[35m (0.1ms)[0m  [1m[36mbegin transaction[0m
  [1m[35mSQL (0.4ms)[0m  [1m[33mUPDATE "cities" SET "name" = ?, "updated_at" = ? WHERE "cities"."id" = ?[0m  [["name", "Londonggg"], ["updated_at", "2017-11-22 11:46:12.986027"], ["id", 1]]
  [1m[35m (6.4ms)[0m  [1m[36mcommit transaction[0m
Redirected to http://localhost:3000/cities/1
Completed 302 Found in 21ms (ActiveRecord: 7.9ms)


Started GET "/cities/1" for 127.0.0.1 at 2017-11-22 22:46:12 +1100
Processing by CitiesController#show as HTML
  Parameters: {"id"=>"1"}
  [1m[36mCity Load (0.2ms)[0m  [1m[34mSELECT  "cities".* FROM "cities" WHERE "cities"."id" = ? LIMIT ?[0m  [["id", 1], ["LIMIT", 1]]
  Rendering cities/show.html.erb within layouts/application
  Rendered cities/show.html.erb within layouts/application (0.6ms)
Completed 200 OK in 41ms (Views: 35.8ms | ActiveRecord: 0.2ms)


Started GET "/cities/" for 127.0.0.1 at 2017-11-22 22:46:19 +1100
Processing by CitiesController#index as HTML
  Rendering cities/index.html.erb within layouts/application
  [1m[36mCity Load (0.2ms)[0m  [1m[34mSELECT "cities".* FROM "cities"[0m
  Rendered cities/index.html.erb within layouts/application (2.3ms)
Completed 200 OK in 33ms (Views: 29.4ms | ActiveRecord: 0.2ms)


Started GET "/cities/1" for 127.0.0.1 at 2017-11-22 22:46:21 +1100
Processing by CitiesController#show as HTML
  Parameters: {"id"=>"1"}
  [1m[36mCity Load (0.2ms)[0m  [1m[34mSELECT  "cities".* FROM "cities" WHERE "cities"."id" = ? LIMIT ?[0m  [["id", 1], ["LIMIT", 1]]
  Rendering cities/show.html.erb within layouts/application
  Rendered cities/show.html.erb within layouts/application (0.7ms)
Completed 200 OK in 39ms (Views: 33.3ms | ActiveRecord: 0.2ms)


Started GET "/rails/info/routes" for 127.0.0.1 at 2017-11-22 22:47:53 +1100
Processing by Rails::InfoController#routes as HTML
  Rendering /Users/john/.rvm/gems/ruby-2.4.2/gems/railties-5.1.4/lib/rails/templates/rails/info/routes.html.erb within layouts/application
  Rendered collection of /Users/john/.rvm/gems/ruby-2.4.2/gems/actionpack-5.1.4/lib/action_dispatch/middleware/templates/routes/_route.html.erb [16 times] (4.7ms)
  Rendered /Users/john/.rvm/gems/ruby-2.4.2/gems/actionpack-5.1.4/lib/action_dispatch/middleware/templates/routes/_table.html.erb (1.8ms)
  Rendered /Users/john/.rvm/gems/ruby-2.4.2/gems/railties-5.1.4/lib/rails/templates/rails/info/routes.html.erb within layouts/application (13.9ms)
Completed 200 OK in 28ms (Views: 23.0ms | ActiveRecord: 0.0ms)


Started GET "/cities/1" for 127.0.0.1 at 2017-11-22 22:49:53 +1100
Processing by CitiesController#show as HTML
  Parameters: {"id"=>"1"}
  [1m[36mCity Load (0.1ms)[0m  [1m[34mSELECT  "cities".* FROM "cities" WHERE "cities"."id" = ? LIMIT ?[0m  [["id", 1], ["LIMIT", 1]]
  Rendering cities/show.html.erb within layouts/application
  Rendered cities/show.html.erb within layouts/application (0.6ms)
Completed 500 Internal Server Error in 9ms (ActiveRecord: 0.1ms)


  
SyntaxError (/Users/john/Projects/WDi24-Homework/john_coote/week_05/day_03/jdb/app/views/cities/show.html.erb:7: syntax error, unexpected tIDENTIFIER, expecting ')'
 link_to "Edit" edit_city_path(@city) );
                              ^):
  
app/views/cities/show.html.erb:7: syntax error, unexpected tIDENTIFIER, expecting ')'
Started GET "/cities/1" for 127.0.0.1 at 2017-11-22 22:50:09 +1100
Processing by CitiesController#show as HTML
  Parameters: {"id"=>"1"}
  [1m[36mCity Load (0.1ms)[0m  [1m[34mSELECT  "cities".* FROM "cities" WHERE "cities"."id" = ? LIMIT ?[0m  [["id", 1], ["LIMIT", 1]]
  Rendering cities/show.html.erb within layouts/application
  Rendered cities/show.html.erb within layouts/application (0.6ms)
Completed 200 OK in 25ms (Views: 21.0ms | ActiveRecord: 0.1ms)


Started GET "/cities/1/edit" for 127.0.0.1 at 2017-11-22 22:50:11 +1100
Processing by CitiesController#edit as HTML
  Parameters: {"id"=>"1"}
  [1m[36mCity Load (0.2ms)[0m  [1m[34mSELECT  "cities".* FROM "cities" WHERE "cities"."id" = ? LIMIT ?[0m  [["id", 1], ["LIMIT", 1]]
  Rendering cities/edit.html.erb within layouts/application
  Rendered cities/_form.html.erb (2.4ms)
  Rendered cities/edit.html.erb within layouts/application (5.0ms)
Completed 200 OK in 29ms (Views: 25.2ms | ActiveRecord: 0.2ms)


Started PATCH "/cities/1" for 127.0.0.1 at 2017-11-22 22:50:16 +1100
Processing by CitiesController#update as HTML
  Parameters: {"utf8"=>"✓", "authenticity_token"=>"Owivf86LKTtPGukIQL383gTHRqUq6Vr2ce2onemKJOnz0o2htFoDo6fqCBbDb5LuHWFH/cFE5+eGeh5SFM8H1A==", "city"=>{"name"=>"London", "population"=>"250"}, "commit"=>"Update City", "id"=>"1"}
  [1m[36mCity Load (0.1ms)[0m  [1m[34mSELECT  "cities".* FROM "cities" WHERE "cities"."id" = ? LIMIT ?[0m  [["id", 1], ["LIMIT", 1]]
  [1m[35m (0.0ms)[0m  [1m[36mbegin transaction[0m
  [1m[35mSQL (0.4ms)[0m  [1m[33mUPDATE "cities" SET "name" = ?, "updated_at" = ? WHERE "cities"."id" = ?[0m  [["name", "London"], ["updated_at", "2017-11-22 11:50:16.937809"], ["id", 1]]
  [1m[35m (0.9ms)[0m  [1m[36mcommit transaction[0m
Redirected to http://localhost:3000/cities/1
Completed 302 Found in 5ms (ActiveRecord: 1.4ms)


Started GET "/cities/1" for 127.0.0.1 at 2017-11-22 22:50:16 +1100
Processing by CitiesController#show as HTML
  Parameters: {"id"=>"1"}
  [1m[36mCity Load (0.1ms)[0m  [1m[34mSELECT  "cities".* FROM "cities" WHERE "cities"."id" = ? LIMIT ?[0m  [["id", 1], ["LIMIT", 1]]
  Rendering cities/show.html.erb within layouts/application
  Rendered cities/show.html.erb within layouts/application (0.6ms)
Completed 200 OK in 24ms (Views: 21.1ms | ActiveRecord: 0.1ms)


Started GET "/cities/" for 127.0.0.1 at 2017-11-22 22:57:10 +1100
Processing by CitiesController#index as HTML
  Rendering cities/index.html.erb within layouts/application
  [1m[36mCity Load (0.1ms)[0m  [1m[34mSELECT "cities".* FROM "cities"[0m
  Rendered cities/index.html.erb within layouts/application (7.7ms)
Completed 200 OK in 31ms (Views: 27.8ms | ActiveRecord: 0.8ms)


Started GET "/cities/new" for 127.0.0.1 at 2017-11-22 22:57:12 +1100
Processing by CitiesController#new as HTML
  Rendering cities/new.html.erb within layouts/application
  Rendered cities/_form.html.erb (2.1ms)
  Rendered cities/new.html.erb within layouts/application (5.1ms)
Completed 200 OK in 33ms (Views: 29.7ms | ActiveRecord: 0.0ms)


Started POST "/cities" for 127.0.0.1 at 2017-11-22 22:57:20 +1100
Processing by CitiesController#create as HTML
  Parameters: {"utf8"=>"✓", "authenticity_token"=>"seRy0h9zKy6WH7V3LbC7z7I/t1ej9SLkT5sdWFfDEccr6+E7YqFCmtG6mHeD0OM0tIZmvqLO2Q9BhjajzO2reA==", "city"=>{"name"=>"Leeds", "population"=>"77"}, "commit"=>"Create City"}
  [1m[35m (0.1ms)[0m  [1m[36mbegin transaction[0m
  [1m[35mSQL (0.5ms)[0m  [1m[32mINSERT INTO "cities" ("name", "population", "created_at", "updated_at") VALUES (?, ?, ?, ?)[0m  [["name", "Leeds"], ["population", 77], ["created_at", "2017-11-22 11:57:20.511466"], ["updated_at", "2017-11-22 11:57:20.511466"]]
  [1m[35m (0.7ms)[0m  [1m[36mcommit transaction[0m
Redirected to http://localhost:3000/cities/3
Completed 302 Found in 4ms (ActiveRecord: 1.3ms)


Started GET "/cities/3" for 127.0.0.1 at 2017-11-22 22:57:20 +1100
Processing by CitiesController#show as HTML
  Parameters: {"id"=>"3"}
  [1m[36mCity Load (0.2ms)[0m  [1m[34mSELECT  "cities".* FROM "cities" WHERE "cities"."id" = ? LIMIT ?[0m  [["id", 3], ["LIMIT", 1]]
  Rendering cities/show.html.erb within layouts/application
  Rendered cities/show.html.erb within layouts/application (1.1ms)
Completed 200 OK in 30ms (Views: 26.7ms | ActiveRecord: 0.2ms)


Started GET "/cities/" for 127.0.0.1 at 2017-11-22 22:57:32 +1100
Processing by CitiesController#index as HTML
  Rendering cities/index.html.erb within layouts/application
  [1m[36mCity Load (0.2ms)[0m  [1m[34mSELECT "cities".* FROM "cities"[0m
  Rendered cities/index.html.erb within layouts/application (1.8ms)
Completed 200 OK in 34ms (Views: 31.3ms | ActiveRecord: 0.2ms)


Started GET "/cities/new" for 127.0.0.1 at 2017-11-22 22:57:36 +1100
Processing by CitiesController#new as HTML
  Rendering cities/new.html.erb within layouts/application
  Rendered cities/_form.html.erb (1.9ms)
  Rendered cities/new.html.erb within layouts/application (4.8ms)
Completed 200 OK in 37ms (Views: 32.9ms | ActiveRecord: 0.0ms)


Started POST "/cities" for 127.0.0.1 at 2017-11-22 22:57:44 +1100
Processing by CitiesController#create as HTML
  Parameters: {"utf8"=>"✓", "authenticity_token"=>"1Z5lBCwaTic/4lGVoXrR6g5SxAZqbNsF5JJjeSvxov9PkfbtUcgnk3hHfJUPGokRCOsV72tXIO7qj0iCsN8YQA==", "city"=>{"name"=>"Lagos", "population"=>"8787"}, "commit"=>"Create City"}
  [1m[35m (0.1ms)[0m  [1m[36mbegin transaction[0m
  [1m[35mSQL (0.4ms)[0m  [1m[32mINSERT INTO "cities" ("name", "population", "created_at", "updated_at") VALUES (?, ?, ?, ?)[0m  [["name", "Lagos"], ["population", 8787], ["created_at", "2017-11-22 11:57:44.288996"], ["updated_at", "2017-11-22 11:57:44.288996"]]
  [1m[35m (1.2ms)[0m  [1m[36mcommit transaction[0m
Redirected to http://localhost:3000/cities/4
Completed 302 Found in 5ms (ActiveRecord: 1.7ms)


Started GET "/cities/4" for 127.0.0.1 at 2017-11-22 22:57:44 +1100
Processing by CitiesController#show as HTML
  Parameters: {"id"=>"4"}
  [1m[36mCity Load (0.2ms)[0m  [1m[34mSELECT  "cities".* FROM "cities" WHERE "cities"."id" = ? LIMIT ?[0m  [["id", 4], ["LIMIT", 1]]
  Rendering cities/show.html.erb within layouts/application
  Rendered cities/show.html.erb within layouts/application (0.9ms)
Completed 200 OK in 36ms (Views: 30.9ms | ActiveRecord: 0.2ms)


Started DELETE "/cities/4" for 127.0.0.1 at 2017-11-22 22:57:48 +1100
Processing by CitiesController#destroy as HTML
  Parameters: {"authenticity_token"=>"S4op94tuB8ljqMBw53/ZlwT7w6Nutc4y7pGoFQnvLvWZplCQy1ue0iC0ujUbZi5kDRlcjPkr+k7YPgExHA6llg==", "id"=>"4"}
  [1m[36mCity Load (0.1ms)[0m  [1m[34mSELECT  "cities".* FROM "cities" WHERE "cities"."id" = ? LIMIT ?[0m  [["id", 4], ["LIMIT", 1]]
  [1m[35m (0.0ms)[0m  [1m[36mbegin transaction[0m
  [1m[35mSQL (0.3ms)[0m  [1m[31mDELETE FROM "cities" WHERE "cities"."id" = ?[0m  [["id", 4]]
  [1m[35m (6.8ms)[0m  [1m[36mcommit transaction[0m
Redirected to http://localhost:3000/cities
Completed 302 Found in 10ms (ActiveRecord: 7.3ms)


Started GET "/cities" for 127.0.0.1 at 2017-11-22 22:57:48 +1100
Processing by CitiesController#index as HTML
  Rendering cities/index.html.erb within layouts/application
  [1m[36mCity Load (0.6ms)[0m  [1m[34mSELECT "cities".* FROM "cities"[0m
  Rendered cities/index.html.erb within layouts/application (3.7ms)
Completed 200 OK in 36ms (Views: 31.8ms | ActiveRecord: 0.6ms)


Started GET "/cities/new" for 127.0.0.1 at 2017-11-22 23:00:51 +1100
Processing by CitiesController#new as HTML
  Rendering cities/new.html.erb within layouts/application
  Rendered cities/_form.html.erb (7.3ms)
  Rendered cities/new.html.erb within layouts/application (10.1ms)
Completed 200 OK in 40ms (Views: 29.1ms | ActiveRecord: 0.8ms)


Started POST "/cities" for 127.0.0.1 at 2017-11-22 23:00:59 +1100
Processing by CitiesController#create as HTML
  Parameters: {"utf8"=>"✓", "authenticity_token"=>"OCD+vJyL1CRyTELzIXLIIbQlvSjKbPebrz6Au8D3HkSiL21V4Vm9kDXpb/OPEpDaspxswctXDHChI6tAW9mk+w==", "city"=>{"name"=>"Melbourne", "population"=>"76"}, "commit"=>"Create City"}
  [1m[35m (0.1ms)[0m  [1m[36mbegin transaction[0m
  [1m[35mSQL (0.4ms)[0m  [1m[32mINSERT INTO "cities" ("name", "population", "created_at", "updated_at") VALUES (?, ?, ?, ?)[0m  [["name", "Melbourne"], ["population", 76], ["created_at", "2017-11-22 12:00:59.959110"], ["updated_at", "2017-11-22 12:00:59.959110"]]
  [1m[35m (0.9ms)[0m  [1m[36mcommit transaction[0m
Redirected to http://localhost:3000/cities/5
Completed 302 Found in 4ms (ActiveRecord: 1.4ms)


Started GET "/cities/5" for 127.0.0.1 at 2017-11-22 23:00:59 +1100
Processing by CitiesController#show as HTML
  Parameters: {"id"=>"5"}
  [1m[36mCity Load (0.3ms)[0m  [1m[34mSELECT  "cities".* FROM "cities" WHERE "cities"."id" = ? LIMIT ?[0m  [["id", 5], ["LIMIT", 1]]
  Rendering cities/show.html.erb within layouts/application
  Rendered cities/show.html.erb within layouts/application (1.0ms)
Completed 200 OK in 28ms (Views: 23.3ms | ActiveRecord: 0.3ms)


Started GET "/cities/5/edit" for 127.0.0.1 at 2017-11-22 23:01:03 +1100
Processing by CitiesController#edit as HTML
  Parameters: {"id"=>"5"}
  [1m[36mCity Load (0.1ms)[0m  [1m[34mSELECT  "cities".* FROM "cities" WHERE "cities"."id" = ? LIMIT ?[0m  [["id", 5], ["LIMIT", 1]]
  Rendering cities/edit.html.erb within layouts/application
  Rendered cities/_form.html.erb (1.8ms)
  Rendered cities/edit.html.erb within layouts/application (4.3ms)
Completed 200 OK in 30ms (Views: 26.6ms | ActiveRecord: 0.1ms)


Started PATCH "/cities/5" for 127.0.0.1 at 2017-11-22 23:01:06 +1100
Processing by CitiesController#update as HTML
  Parameters: {"utf8"=>"✓", "authenticity_token"=>"bFv/+rC6m6qkNz7l9RLzcL9ZqsjDfDk1BqjyzFgbwsmxSQCSfltAYFZe/BulJLSCAGspbG39im+LL5M6YBL9iQ==", "city"=>{"name"=>"Melbourne", "population"=>"767"}, "commit"=>"Update City", "id"=>"5"}
  [1m[36mCity Load (0.2ms)[0m  [1m[34mSELECT  "cities".* FROM "cities" WHERE "cities"."id" = ? LIMIT ?[0m  [["id", 5], ["LIMIT", 1]]
  [1m[35m (0.1ms)[0m  [1m[36mbegin transaction[0m
  [1m[35mSQL (0.4ms)[0m  [1m[33mUPDATE "cities" SET "population" = ?, "updated_at" = ? WHERE "cities"."id" = ?[0m  [["population", 767], ["updated_at", "2017-11-22 12:01:06.851458"], ["id", 5]]
  [1m[35m (0.9ms)[0m  [1m[36mcommit transaction[0m
Redirected to http://localhost:3000/cities/5
Completed 302 Found in 6ms (ActiveRecord: 1.5ms)


Started GET "/cities/5" for 127.0.0.1 at 2017-11-22 23:01:06 +1100
Processing by CitiesController#show as HTML
  Parameters: {"id"=>"5"}
  [1m[36mCity Load (0.2ms)[0m  [1m[34mSELECT  "cities".* FROM "cities" WHERE "cities"."id" = ? LIMIT ?[0m  [["id", 5], ["LIMIT", 1]]
  Rendering cities/show.html.erb within layouts/application
  Rendered cities/show.html.erb within layouts/application (0.8ms)
Completed 200 OK in 29ms (Views: 24.2ms | ActiveRecord: 0.2ms)


Started GET "/cities/" for 127.0.0.1 at 2017-11-22 23:01:10 +1100
Processing by CitiesController#index as HTML
  Rendering cities/index.html.erb within layouts/application
  [1m[36mCity Load (0.2ms)[0m  [1m[34mSELECT "cities".* FROM "cities"[0m
  Rendered cities/index.html.erb within layouts/application (1.6ms)
Completed 200 OK in 32ms (Views: 29.5ms | ActiveRecord: 0.2ms)


Started GET "/cities/5" for 127.0.0.1 at 2017-11-22 23:01:12 +1100
Processing by CitiesController#show as HTML
  Parameters: {"id"=>"5"}
  [1m[36mCity Load (0.1ms)[0m  [1m[34mSELECT  "cities".* FROM "cities" WHERE "cities"."id" = ? LIMIT ?[0m  [["id", 5], ["LIMIT", 1]]
  Rendering cities/show.html.erb within layouts/application
  Rendered cities/show.html.erb within layouts/application (1.3ms)
Completed 200 OK in 30ms (Views: 26.4ms | ActiveRecord: 0.1ms)


Started DELETE "/cities/5" for 127.0.0.1 at 2017-11-22 23:01:15 +1100
Processing by CitiesController#destroy as HTML
  Parameters: {"authenticity_token"=>"R4IewUvyifySNWJ8EgoFGN8Hdp8RyniEuYz6eng/ZrSVrmemC8cQ59EpGDnuE/Lr1uXpsIZUTPiPI1Nebd7t1w==", "id"=>"5"}
  [1m[36mCity Load (0.1ms)[0m  [1m[34mSELECT  "cities".* FROM "cities" WHERE "cities"."id" = ? LIMIT ?[0m  [["id", 5], ["LIMIT", 1]]
  [1m[35m (0.0ms)[0m  [1m[36mbegin transaction[0m
  [1m[35mSQL (0.3ms)[0m  [1m[31mDELETE FROM "cities" WHERE "cities"."id" = ?[0m  [["id", 5]]
  [1m[35m (6.4ms)[0m  [1m[36mcommit transaction[0m
Redirected to http://localhost:3000/cities
Completed 302 Found in 10ms (ActiveRecord: 6.9ms)


Started GET "/cities" for 127.0.0.1 at 2017-11-22 23:01:15 +1100
Processing by CitiesController#index as HTML
  Rendering cities/index.html.erb within layouts/application
  [1m[36mCity Load (0.5ms)[0m  [1m[34mSELECT "cities".* FROM "cities"[0m
  Rendered cities/index.html.erb within layouts/application (3.4ms)
Completed 200 OK in 35ms (Views: 31.2ms | ActiveRecord: 0.5ms)


Started GET "/countries/" for 127.0.0.1 at 2017-11-22 23:01:27 +1100
  
SyntaxError (/Users/john/Projects/WDi24-Homework/john_coote/week_05/day_03/jdb/app/controllers/countries_controller.rb:37: syntax error, unexpected end-of-input, expecting keyword_end):
  
app/controllers/countries_controller.rb:37: syntax error, unexpected end-of-input, expecting keyword_end
Started GET "/countries/" for 127.0.0.1 at 2017-11-22 23:01:46 +1100
Processing by CountriesController#index as HTML
  Rendering countries/index.html.erb within layouts/application
  [1m[36mCountry Load (0.1ms)[0m  [1m[34mSELECT "countries".* FROM "countries"[0m
  Rendered countries/index.html.erb within layouts/application (9.2ms)
Completed 200 OK in 35ms (Views: 31.3ms | ActiveRecord: 0.8ms)


Started GET "/countries/new" for 127.0.0.1 at 2017-11-22 23:01:51 +1100
Processing by CountriesController#new as HTML
  Rendering countries/new.html.erb within layouts/application
  Rendered countries/_form.html.erb (2.5ms)
  Rendered countries/new.html.erb within layouts/application (5.9ms)
Completed 200 OK in 32ms (Views: 28.6ms | ActiveRecord: 0.0ms)


Started POST "/countries" for 127.0.0.1 at 2017-11-22 23:01:57 +1100
Processing by CountriesController#create as HTML
  Parameters: {"utf8"=>"✓", "authenticity_token"=>"KZsls2T+qrsPcSQQfrmmjZYgyQ2vTFCcGnqYV1zj/OM5AFmLux7jRrcZ6eEAI/voZTt7phU3XqOJP6cB9m0NeQ==", "country"=>{"name"=>"Jamaica", "population"=>"87"}, "commit"=>"Create Country"}
  [1m[35m (0.1ms)[0m  [1m[36mbegin transaction[0m
  [1m[35mSQL (0.7ms)[0m  [1m[32mINSERT INTO "countries" ("name", "population", "created_at", "updated_at") VALUES (?, ?, ?, ?)[0m  [["name", "Jamaica"], ["population", 87], ["created_at", "2017-11-22 12:01:57.563279"], ["updated_at", "2017-11-22 12:01:57.563279"]]
  [1m[35m (1.1ms)[0m  [1m[36mcommit transaction[0m
Redirected to http://localhost:3000/countries/3
Completed 302 Found in 5ms (ActiveRecord: 1.8ms)


Started GET "/countries/3" for 127.0.0.1 at 2017-11-22 23:01:57 +1100
Processing by CountriesController#show as HTML
  Parameters: {"id"=>"3"}
  [1m[36mCountry Load (0.2ms)[0m  [1m[34mSELECT  "countries".* FROM "countries" WHERE "countries"."id" = ? LIMIT ?[0m  [["id", 3], ["LIMIT", 1]]
  Rendering countries/show.html.erb within layouts/application
  Rendered countries/show.html.erb within layouts/application (1.9ms)
Completed 200 OK in 46ms (Views: 30.8ms | ActiveRecord: 0.2ms)


Started GET "/countries/3/edit" for 127.0.0.1 at 2017-11-22 23:01:59 +1100
Processing by CountriesController#edit as HTML
  Parameters: {"id"=>"3"}
  [1m[36mCountry Load (0.1ms)[0m  [1m[34mSELECT  "countries".* FROM "countries" WHERE "countries"."id" = ? LIMIT ?[0m  [["id", 3], ["LIMIT", 1]]
  Rendering countries/edit.html.erb within layouts/application
  Rendered countries/_form.html.erb (2.1ms)
  Rendered countries/edit.html.erb within layouts/application (4.7ms)
Completed 200 OK in 34ms (Views: 30.3ms | ActiveRecord: 0.1ms)


Started PATCH "/countries/3" for 127.0.0.1 at 2017-11-22 23:02:02 +1100
Processing by CountriesController#update as HTML
  Parameters: {"utf8"=>"✓", "authenticity_token"=>"cPol/dJZObfHX3J4OSxmAyoBs4Kat+wRGj9cakyCg/ci0puaKNbCvRw2lCFc4ABDGoVcH1hPAXLAmsLiqbvI8g==", "country"=>{"name"=>"Jamaica", "population"=>"8788"}, "commit"=>"Update Country", "id"=>"3"}
  [1m[36mCountry Load (0.2ms)[0m  [1m[34mSELECT  "countries".* FROM "countries" WHERE "countries"."id" = ? LIMIT ?[0m  [["id", 3], ["LIMIT", 1]]
  [1m[35m (0.1ms)[0m  [1m[36mbegin transaction[0m
  [1m[35mSQL (0.6ms)[0m  [1m[33mUPDATE "countries" SET "population" = ?, "updated_at" = ? WHERE "countries"."id" = ?[0m  [["population", 8788], ["updated_at", "2017-11-22 12:02:02.926015"], ["id", 3]]
  [1m[35m (0.9ms)[0m  [1m[36mcommit transaction[0m
Redirected to http://localhost:3000/countries/3
Completed 302 Found in 7ms (ActiveRecord: 1.8ms)


Started GET "/countries/3" for 127.0.0.1 at 2017-11-22 23:02:02 +1100
Processing by CountriesController#show as HTML
  Parameters: {"id"=>"3"}
  [1m[36mCountry Load (0.1ms)[0m  [1m[34mSELECT  "countries".* FROM "countries" WHERE "countries"."id" = ? LIMIT ?[0m  [["id", 3], ["LIMIT", 1]]
  Rendering countries/show.html.erb within layouts/application
  Rendered countries/show.html.erb within layouts/application (1.2ms)
Completed 200 OK in 32ms (Views: 28.3ms | ActiveRecord: 0.1ms)


Started GET "/countries/" for 127.0.0.1 at 2017-11-22 23:02:07 +1100
Processing by CountriesController#index as HTML
  Rendering countries/index.html.erb within layouts/application
  [1m[36mCountry Load (0.2ms)[0m  [1m[34mSELECT "countries".* FROM "countries"[0m
  Rendered countries/index.html.erb within layouts/application (1.4ms)
Completed 200 OK in 23ms (Views: 20.8ms | ActiveRecord: 0.2ms)


Started GET "/countries/" for 127.0.0.1 at 2017-11-22 23:02:38 +1100
Processing by CountriesController#index as HTML
  Rendering countries/index.html.erb within layouts/application
  [1m[36mCountry Load (0.2ms)[0m  [1m[34mSELECT "countries".* FROM "countries"[0m
  Rendered countries/index.html.erb within layouts/application (1.6ms)
Completed 200 OK in 29ms (Views: 25.6ms | ActiveRecord: 0.2ms)


Started GET "/countries/2" for 127.0.0.1 at 2017-11-22 23:02:40 +1100
Processing by CountriesController#show as HTML
  Parameters: {"id"=>"2"}
  [1m[36mCountry Load (0.2ms)[0m  [1m[34mSELECT  "countries".* FROM "countries" WHERE "countries"."id" = ? LIMIT ?[0m  [["id", 2], ["LIMIT", 1]]
  Rendering countries/show.html.erb within layouts/application
  Rendered countries/show.html.erb within layouts/application (1.0ms)
Completed 200 OK in 32ms (Views: 28.0ms | ActiveRecord: 0.2ms)


Started GET "/countries/2" for 127.0.0.1 at 2017-11-22 23:03:19 +1100
Processing by CountriesController#show as HTML
  Parameters: {"id"=>"2"}
  [1m[36mCountry Load (0.1ms)[0m  [1m[34mSELECT  "countries".* FROM "countries" WHERE "countries"."id" = ? LIMIT ?[0m  [["id", 2], ["LIMIT", 1]]
  Rendering countries/show.html.erb within layouts/application
  Rendered countries/show.html.erb within layouts/application (0.8ms)
Completed 200 OK in 22ms (Views: 18.4ms | ActiveRecord: 0.1ms)


Started GET "/countries/" for 127.0.0.1 at 2017-11-22 23:03:25 +1100
Processing by CountriesController#index as HTML
  Rendering countries/index.html.erb within layouts/application
  [1m[36mCountry Load (0.2ms)[0m  [1m[34mSELECT "countries".* FROM "countries"[0m
  Rendered countries/index.html.erb within layouts/application (1.7ms)
Completed 200 OK in 24ms (Views: 21.4ms | ActiveRecord: 0.2ms)


Started GET "/countries/3" for 127.0.0.1 at 2017-11-22 23:03:28 +1100
Processing by CountriesController#show as HTML
  Parameters: {"id"=>"3"}
  [1m[36mCountry Load (0.2ms)[0m  [1m[34mSELECT  "countries".* FROM "countries" WHERE "countries"."id" = ? LIMIT ?[0m  [["id", 3], ["LIMIT", 1]]
  Rendering countries/show.html.erb within layouts/application
  Rendered countries/show.html.erb within layouts/application (1.0ms)
Completed 200 OK in 38ms (Views: 33.7ms | ActiveRecord: 0.2ms)


Started DELETE "/countries/3" for 127.0.0.1 at 2017-11-22 23:03:32 +1100
Processing by CountriesController#destroy as HTML
  Parameters: {"authenticity_token"=>"inZuaN2Rg4jJ1u47kwJqLbrIfWphtQoXGaidUadAbExYWhcPnaQak4rKlH5vG53esyriRfYrPmsvBzR1sqHnLw==", "id"=>"3"}
  [1m[36mCountry Load (0.1ms)[0m  [1m[34mSELECT  "countries".* FROM "countries" WHERE "countries"."id" = ? LIMIT ?[0m  [["id", 3], ["LIMIT", 1]]
  [1m[35m (0.1ms)[0m  [1m[36mbegin transaction[0m
  [1m[35mSQL (0.4ms)[0m  [1m[31mDELETE FROM "countries" WHERE "countries"."id" = ?[0m  [["id", 3]]
  [1m[35m (6.4ms)[0m  [1m[36mcommit transaction[0m
Redirected to http://localhost:3000/countries
Completed 302 Found in 10ms (ActiveRecord: 6.9ms)


Started GET "/countries" for 127.0.0.1 at 2017-11-22 23:03:32 +1100
Processing by CountriesController#index as HTML
  Rendering countries/index.html.erb within layouts/application
  [1m[36mCountry Load (0.3ms)[0m  [1m[34mSELECT "countries".* FROM "countries"[0m
  Rendered countries/index.html.erb within layouts/application (3.3ms)
Completed 200 OK in 32ms (Views: 28.3ms | ActiveRecord: 0.3ms)


Started GET "/" for 127.0.0.1 at 2017-11-22 23:20:04 +1100
Processing by Rails::WelcomeController#index as HTML
  Rendering /Users/john/.rvm/gems/ruby-2.4.2/gems/railties-5.1.4/lib/rails/templates/rails/welcome/index.html.erb
  Rendered /Users/john/.rvm/gems/ruby-2.4.2/gems/railties-5.1.4/lib/rails/templates/rails/welcome/index.html.erb (1.8ms)
Completed 200 OK in 7ms (Views: 4.1ms | ActiveRecord: 0.0ms)


Started GET "/cities" for 127.0.0.1 at 2017-11-22 23:20:09 +1100
Processing by CitiesController#index as HTML
  Rendering cities/index.html.erb within layouts/application
  [1m[36mCity Load (0.2ms)[0m  [1m[34mSELECT "cities".* FROM "cities"[0m
  Rendered cities/index.html.erb within layouts/application (7.6ms)
Completed 200 OK in 31ms (Views: 26.3ms | ActiveRecord: 0.6ms)


Started GET "/" for 127.0.0.1 at 2017-11-23 08:03:31 +1100
Processing by Rails::WelcomeController#index as HTML
  Rendering /Users/john/.rvm/gems/ruby-2.4.2/gems/railties-5.1.4/lib/rails/templates/rails/welcome/index.html.erb
  Rendered /Users/john/.rvm/gems/ruby-2.4.2/gems/railties-5.1.4/lib/rails/templates/rails/welcome/index.html.erb (17.4ms)
Completed 200 OK in 43ms (Views: 24.5ms | ActiveRecord: 0.0ms)


Started GET "/cities" for 127.0.0.1 at 2017-11-23 08:03:36 +1100
Processing by CitiesController#index as HTML
  Rendering cities/index.html.erb within layouts/application
  [1m[36mCity Load (2.3ms)[0m  [1m[34mSELECT "cities".* FROM "cities"[0m
  Rendered cities/index.html.erb within layouts/application (15.1ms)
Completed 200 OK in 81ms (Views: 70.9ms | ActiveRecord: 2.3ms)


Started GET "/cities/new" for 127.0.0.1 at 2017-11-23 08:03:41 +1100
Processing by CitiesController#new as HTML
  Rendering cities/new.html.erb within layouts/application
  Rendered cities/_form.html.erb (8.3ms)
  Rendered cities/new.html.erb within layouts/application (13.1ms)
Completed 200 OK in 78ms (Views: 72.6ms | ActiveRecord: 0.0ms)


Started GET "/cities/1" for 127.0.0.1 at 2017-11-23 08:03:48 +1100
Processing by CitiesController#show as HTML
  Parameters: {"id"=>"1"}
  [1m[36mCity Load (0.4ms)[0m  [1m[34mSELECT  "cities".* FROM "cities" WHERE "cities"."id" = ? LIMIT ?[0m  [["id", 1], ["LIMIT", 1]]
  Rendering cities/show.html.erb within layouts/application
  Rendered cities/show.html.erb within layouts/application (1.2ms)
Completed 200 OK in 37ms (Views: 30.6ms | ActiveRecord: 0.4ms)


  [1m[35m (0.5ms)[0m  [1m[34mSELECT "schema_migrations"."version" FROM "schema_migrations" ORDER BY "schema_migrations"."version" ASC[0m
Migrating to AddCityIdToCountries (20171122210953)
  [1m[35m (0.1ms)[0m  [1m[36mbegin transaction[0m
  [1m[35m (0.8ms)[0m  [1m[35mALTER TABLE "cities" ADD "country_id" integer[0m
  [1m[35mSQL (0.5ms)[0m  [1m[32mINSERT INTO "schema_migrations" ("version") VALUES (?)[0m  [["version", "20171122210953"]]
  [1m[35m (0.7ms)[0m  [1m[36mcommit transaction[0m
  [1m[36mActiveRecord::InternalMetadata Load (0.6ms)[0m  [1m[34mSELECT  "ar_internal_metadata".* FROM "ar_internal_metadata" WHERE "ar_internal_metadata"."key" = ? LIMIT ?[0m  [["key", "environment"], ["LIMIT", 1]]
  [1m[35m (0.1ms)[0m  [1m[36mbegin transaction[0m
  [1m[35m (0.1ms)[0m  [1m[36mcommit transaction[0m
  [1m[35m (0.2ms)[0m  [1m[34mSELECT "schema_migrations"."version" FROM "schema_migrations" ORDER BY "schema_migrations"."version" ASC[0m
  [1m[36mCity Load (0.1ms)[0m  [1m[34mSELECT  "cities".* FROM "cities" ORDER BY "cities"."id" ASC LIMIT ?[0m  [["LIMIT", 1]]
  [1m[36mCity Load (0.2ms)[0m  [1m[34mSELECT  "cities".* FROM "cities" ORDER BY "cities"."id" ASC LIMIT ?[0m  [["LIMIT", 1]]
  [1m[36mCity Load (0.1ms)[0m  [1m[34mSELECT  "cities".* FROM "cities" ORDER BY "cities"."id" ASC LIMIT ?[0m  [["LIMIT", 1]]
  [1m[36mCountry Load (0.2ms)[0m  [1m[34mSELECT  "countries".* FROM "countries" ORDER BY "countries"."id" ASC LIMIT ?[0m  [["LIMIT", 1]]
  [1m[35m (0.1ms)[0m  [1m[34mSELECT "schema_migrations"."version" FROM "schema_migrations" ORDER BY "schema_migrations"."version" ASC[0m
  [1m[36mCountry Load (0.1ms)[0m  [1m[34mSELECT "countries".* FROM "countries"[0m
  [1m[35m (0.1ms)[0m  [1m[36mbegin transaction[0m
  [1m[35mSQL (0.4ms)[0m  [1m[31mDELETE FROM "countries" WHERE "countries"."id" = ?[0m  [["id", 1]]
  [1m[35m (6.2ms)[0m  [1m[36mcommit transaction[0m
  [1m[35m (0.1ms)[0m  [1m[36mbegin transaction[0m
  [1m[35mSQL (0.3ms)[0m  [1m[31mDELETE FROM "countries" WHERE "countries"."id" = ?[0m  [["id", 2]]
  [1m[35m (0.8ms)[0m  [1m[36mcommit transaction[0m
  [1m[35m (0.0ms)[0m  [1m[36mbegin transaction[0m
  [1m[35mSQL (0.4ms)[0m  [1m[32mINSERT INTO "countries" ("name", "population", "food", "created_at", "updated_at") VALUES (?, ?, ?, ?, ?)[0m  [["name", "Australia"], ["population", 200], ["food", "Lamingtons"], ["created_at", "2017-11-22 21:27:57.416888"], ["updated_at", "2017-11-22 21:27:57.416888"]]
  [1m[35m (1.1ms)[0m  [1m[36mcommit transaction[0m
  [1m[35m (0.1ms)[0m  [1m[36mbegin transaction[0m
  [1m[35mSQL (0.4ms)[0m  [1m[32mINSERT INTO "countries" ("name", "population", "food", "created_at", "updated_at") VALUES (?, ?, ?, ?, ?)[0m  [["name", "England"], ["population", 300], ["food", "Gooseberries"], ["created_at", "2017-11-22 21:27:57.420669"], ["updated_at", "2017-11-22 21:27:57.420669"]]
  [1m[35m (0.9ms)[0m  [1m[36mcommit transaction[0m
  [1m[35m (0.1ms)[0m  [1m[36mbegin transaction[0m
  [1m[35mSQL (0.5ms)[0m  [1m[32mINSERT INTO "countries" ("name", "population", "food", "created_at", "updated_at") VALUES (?, ?, ?, ?, ?)[0m  [["name", "New Zealand"], ["population", 30], ["food", "Chinese Gooseberries"], ["created_at", "2017-11-22 21:27:57.423608"], ["updated_at", "2017-11-22 21:27:57.423608"]]
  [1m[35m (1.0ms)[0m  [1m[36mcommit transaction[0m
  [1m[35m (0.1ms)[0m  [1m[36mbegin transaction[0m
  [1m[35mSQL (0.5ms)[0m  [1m[32mINSERT INTO "countries" ("name", "population", "food", "created_at", "updated_at") VALUES (?, ?, ?, ?, ?)[0m  [["name", "USA"], ["population", 301], ["food", "BBQ"], ["created_at", "2017-11-22 21:27:57.426783"], ["updated_at", "2017-11-22 21:27:57.426783"]]
  [1m[35m (1.2ms)[0m  [1m[36mcommit transaction[0m
  [1m[36mCity Load (0.3ms)[0m  [1m[34mSELECT "cities".* FROM "cities"[0m
  [1m[35m (0.2ms)[0m  [1m[36mbegin transaction[0m
  [1m[35mSQL (0.5ms)[0m  [1m[31mDELETE FROM "cities" WHERE "cities"."id" = ?[0m  [["id", 1]]
  [1m[35m (1.1ms)[0m  [1m[36mcommit transaction[0m
  [1m[35m (0.1ms)[0m  [1m[36mbegin transaction[0m
  [1m[35mSQL (0.5ms)[0m  [1m[31mDELETE FROM "cities" WHERE "cities"."id" = ?[0m  [["id", 2]]
  [1m[35m (1.4ms)[0m  [1m[36mcommit transaction[0m
  [1m[35m (0.1ms)[0m  [1m[36mbegin transaction[0m
  [1m[35mSQL (0.3ms)[0m  [1m[31mDELETE FROM "cities" WHERE "cities"."id" = ?[0m  [["id", 3]]
  [1m[35m (1.1ms)[0m  [1m[36mcommit transaction[0m
  [1m[35m (0.1ms)[0m  [1m[36mbegin transaction[0m
  [1m[35m (0.2ms)[0m  [1m[31mrollback transaction[0m
  [1m[35m (0.1ms)[0m  [1m[36mbegin transaction[0m
  [1m[35m (0.0ms)[0m  [1m[31mrollback transaction[0m
  [1m[36mCountry Load (0.9ms)[0m  [1m[34mSELECT  "countries".* FROM "countries" LIMIT ?[0m  [["LIMIT", 11]]
  [1m[36mCity Load (0.1ms)[0m  [1m[34mSELECT  "cities".* FROM "cities" ORDER BY "cities"."id" ASC LIMIT ?[0m  [["LIMIT", 1]]
  [1m[36mCountry Load (0.1ms)[0m  [1m[34mSELECT  "countries".* FROM "countries" ORDER BY "countries"."id" ASC LIMIT ?[0m  [["LIMIT", 1]]
  [1m[36mCity Load (0.2ms)[0m  [1m[34mSELECT  "cities".* FROM "cities" LIMIT ?[0m  [["LIMIT", 11]]
  [1m[35m (0.2ms)[0m  [1m[34mSELECT "schema_migrations"."version" FROM "schema_migrations" ORDER BY "schema_migrations"."version" ASC[0m
  [1m[35m (0.1ms)[0m  [1m[34mSELECT "schema_migrations"."version" FROM "schema_migrations" ORDER BY "schema_migrations"."version" ASC[0m
  [1m[36mCity Load (0.2ms)[0m  [1m[34mSELECT "cities".* FROM "cities"[0m
  [1m[35m (0.0ms)[0m  [1m[36mbegin transaction[0m
  [1m[36mCountry Load (0.2ms)[0m  [1m[34mSELECT  "countries".* FROM "countries" WHERE "countries"."id" = ? LIMIT ?[0m  [["id", 5], ["LIMIT", 1]]
  [1m[35mSQL (0.4ms)[0m  [1m[32mINSERT INTO "cities" ("name", "population", "created_at", "updated_at", "country_id") VALUES (?, ?, ?, ?, ?)[0m  [["name", "London"], ["population", 250], ["created_at", "2017-11-22 21:34:49.224767"], ["updated_at", "2017-11-22 21:34:49.224767"], ["country_id", 5]]
  [1m[35m (0.7ms)[0m  [1m[36mcommit transaction[0m
  [1m[35m (0.4ms)[0m  [1m[36mbegin transaction[0m
  [1m[36mCountry Load (0.1ms)[0m  [1m[34mSELECT  "countries".* FROM "countries" WHERE "countries"."id" = ? LIMIT ?[0m  [["id", 5], ["LIMIT", 1]]
  [1m[35mSQL (0.4ms)[0m  [1m[32mINSERT INTO "cities" ("name", "population", "created_at", "updated_at", "country_id") VALUES (?, ?, ?, ?, ?)[0m  [["name", "Birmingham"], ["population", 250], ["created_at", "2017-11-22 21:34:49.229323"], ["updated_at", "2017-11-22 21:34:49.229323"], ["country_id", 5]]
  [1m[35m (0.7ms)[0m  [1m[36mcommit transaction[0m
  [1m[35m (0.0ms)[0m  [1m[36mbegin transaction[0m
  [1m[36mCountry Load (0.1ms)[0m  [1m[34mSELECT  "countries".* FROM "countries" WHERE "countries"."id" = ? LIMIT ?[0m  [["id", 4], ["LIMIT", 1]]
  [1m[35mSQL (0.3ms)[0m  [1m[32mINSERT INTO "cities" ("name", "population", "created_at", "updated_at", "country_id") VALUES (?, ?, ?, ?, ?)[0m  [["name", "Sydney"], ["population", 220], ["created_at", "2017-11-22 21:34:49.233109"], ["updated_at", "2017-11-22 21:34:49.233109"], ["country_id", 4]]
  [1m[35m (0.7ms)[0m  [1m[36mcommit transaction[0m
  [1m[35m (0.0ms)[0m  [1m[36mbegin transaction[0m
  [1m[36mCountry Load (0.1ms)[0m  [1m[34mSELECT  "countries".* FROM "countries" WHERE "countries"."id" = ? LIMIT ?[0m  [["id", 4], ["LIMIT", 1]]
  [1m[35mSQL (0.3ms)[0m  [1m[32mINSERT INTO "cities" ("name", "population", "created_at", "updated_at", "country_id") VALUES (?, ?, ?, ?, ?)[0m  [["name", "Melbourne"], ["population", 220], ["created_at", "2017-11-22 21:34:49.237416"], ["updated_at", "2017-11-22 21:34:49.237416"], ["country_id", 4]]
  [1m[35m (0.9ms)[0m  [1m[36mcommit transaction[0m
  [1m[35m (0.0ms)[0m  [1m[36mbegin transaction[0m
  [1m[36mCountry Load (0.1ms)[0m  [1m[34mSELECT  "countries".* FROM "countries" WHERE "countries"."id" = ? LIMIT ?[0m  [["id", 6], ["LIMIT", 1]]
  [1m[35mSQL (0.4ms)[0m  [1m[32mINSERT INTO "cities" ("name", "population", "created_at", "updated_at", "country_id") VALUES (?, ?, ?, ?, ?)[0m  [["name", "Auckland"], ["population", 220], ["created_at", "2017-11-22 21:34:49.242018"], ["updated_at", "2017-11-22 21:34:49.242018"], ["country_id", 6]]
  [1m[35m (0.7ms)[0m  [1m[36mcommit transaction[0m
  [1m[35m (0.0ms)[0m  [1m[36mbegin transaction[0m
  [1m[36mCountry Load (0.2ms)[0m  [1m[34mSELECT  "countries".* FROM "countries" WHERE "countries"."id" = ? LIMIT ?[0m  [["id", 4], ["LIMIT", 1]]
  [1m[35mSQL (0.4ms)[0m  [1m[32mINSERT INTO "cities" ("name", "population", "created_at", "updated_at", "country_id") VALUES (?, ?, ?, ?, ?)[0m  [["name", "New York"], ["population", 220], ["created_at", "2017-11-22 21:34:49.246663"], ["updated_at", "2017-11-22 21:34:49.246663"], ["country_id", 4]]
  [1m[35m (1.3ms)[0m  [1m[36mcommit transaction[0m
  [1m[36mCity Load (0.2ms)[0m  [1m[34mSELECT  "cities".* FROM "cities" ORDER BY "cities"."id" ASC LIMIT ?[0m  [["LIMIT", 1]]
  [1m[36mCountry Load (0.2ms)[0m  [1m[34mSELECT  "countries".* FROM "countries" ORDER BY "countries"."id" ASC LIMIT ?[0m  [["LIMIT", 1]]
  [1m[36mCity Load (0.1ms)[0m  [1m[34mSELECT  "cities".* FROM "cities" ORDER BY "cities"."id" ASC LIMIT ?[0m  [["LIMIT", 1]]
  [1m[36mCountry Load (0.2ms)[0m  [1m[34mSELECT  "countries".* FROM "countries" WHERE "countries"."id" = ? LIMIT ?[0m  [["id", 5], ["LIMIT", 1]]
  [1m[36mCity Load (0.2ms)[0m  [1m[34mSELECT  "cities".* FROM "cities" ORDER BY "cities"."id" ASC LIMIT ?[0m  [["LIMIT", 1]]
  [1m[36mCountry Load (0.1ms)[0m  [1m[34mSELECT  "countries".* FROM "countries" WHERE "countries"."id" = ? LIMIT ?[0m  [["id", 5], ["LIMIT", 1]]
  [1m[36mCity Load (0.2ms)[0m  [1m[34mSELECT  "cities".* FROM "cities" ORDER BY "cities"."id" ASC LIMIT ?[0m  [["LIMIT", 1]]
  [1m[36mCountry Load (0.1ms)[0m  [1m[34mSELECT  "countries".* FROM "countries" WHERE "countries"."id" = ? LIMIT ?[0m  [["id", 5], ["LIMIT", 1]]
Started GET "/cities" for 127.0.0.1 at 2017-11-23 08:39:18 +1100
  [1m[35m (0.1ms)[0m  [1m[34mSELECT "schema_migrations"."version" FROM "schema_migrations" ORDER BY "schema_migrations"."version" ASC[0m
Processing by CitiesController#index as HTML
  Rendering cities/index.html.erb within layouts/application
  [1m[36mCity Load (0.2ms)[0m  [1m[34mSELECT "cities".* FROM "cities"[0m
  Rendered cities/index.html.erb within layouts/application (9.5ms)
Completed 200 OK in 43ms (Views: 28.1ms | ActiveRecord: 0.7ms)


Started GET "/cities/6" for 127.0.0.1 at 2017-11-23 08:39:20 +1100
Processing by CitiesController#show as HTML
  Parameters: {"id"=>"6"}
  [1m[36mCity Load (0.3ms)[0m  [1m[34mSELECT  "cities".* FROM "cities" WHERE "cities"."id" = ? LIMIT ?[0m  [["id", 6], ["LIMIT", 1]]
  Rendering cities/show.html.erb within layouts/application
  [1m[36mCountry Load (0.2ms)[0m  [1m[34mSELECT  "countries".* FROM "countries" WHERE "countries"."id" = ? LIMIT ?[0m  [["id", 5], ["LIMIT", 1]]
  Rendered cities/show.html.erb within layouts/application (23.2ms)
Completed 200 OK in 56ms (Views: 51.0ms | ActiveRecord: 1.3ms)


Started GET "/countries" for 127.0.0.1 at 2017-11-23 08:39:31 +1100
Processing by CountriesController#index as HTML
  Rendering countries/index.html.erb within layouts/application
  [1m[36mCountry Load (0.3ms)[0m  [1m[34mSELECT "countries".* FROM "countries"[0m
  Rendered countries/index.html.erb within layouts/application (2.1ms)
Completed 200 OK in 25ms (Views: 22.1ms | ActiveRecord: 0.3ms)


Started GET "/countries/4" for 127.0.0.1 at 2017-11-23 08:39:33 +1100
Processing by CountriesController#show as HTML
  Parameters: {"id"=>"4"}
  [1m[36mCountry Load (0.2ms)[0m  [1m[34mSELECT  "countries".* FROM "countries" WHERE "countries"."id" = ? LIMIT ?[0m  [["id", 4], ["LIMIT", 1]]
  Rendering countries/show.html.erb within layouts/application
  Rendered countries/show.html.erb within layouts/application (23.3ms)
Completed 500 Internal Server Error in 37ms (ActiveRecord: 0.2ms)


  
ActionView::Template::Error (undefined method `city' for #<Country:0x00007fb2991bb2c0>):
     5: <%= @country.population %>
     6: <%= @country.food %>
     7: 
     8: <% @country.city.each do |city| %>
     9:   <%= city.name %>
    10: <% end %>
    11: 
  
app/views/countries/show.html.erb:8:in `_app_views_countries_show_html_erb__688425437426848786_70202549155480'
Started GET "/countries/4" for 127.0.0.1 at 2017-11-23 08:40:24 +1100
Processing by CountriesController#show as HTML
  Parameters: {"id"=>"4"}
  [1m[36mCountry Load (0.2ms)[0m  [1m[34mSELECT  "countries".* FROM "countries" WHERE "countries"."id" = ? LIMIT ?[0m  [["id", 4], ["LIMIT", 1]]
  Rendering countries/show.html.erb within layouts/application
  [1m[36mCity Load (0.2ms)[0m  [1m[34mSELECT "cities".* FROM "cities" WHERE "cities"."country_id" = ?[0m  [["country_id", 4]]
  Rendered countries/show.html.erb within layouts/application (16.9ms)
Completed 200 OK in 41ms (Views: 37.2ms | ActiveRecord: 0.4ms)


Started GET "/countries/6" for 127.0.0.1 at 2017-11-23 08:40:38 +1100
Processing by CountriesController#show as HTML
  Parameters: {"id"=>"6"}
  [1m[36mCountry Load (0.1ms)[0m  [1m[34mSELECT  "countries".* FROM "countries" WHERE "countries"."id" = ? LIMIT ?[0m  [["id", 6], ["LIMIT", 1]]
  Rendering countries/show.html.erb within layouts/application
  [1m[36mCity Load (0.1ms)[0m  [1m[34mSELECT "cities".* FROM "cities" WHERE "cities"."country_id" = ?[0m  [["country_id", 6]]
  Rendered countries/show.html.erb within layouts/application (2.1ms)
Completed 200 OK in 26ms (Views: 22.3ms | ActiveRecord: 0.2ms)


Started GET "/countries/7" for 127.0.0.1 at 2017-11-23 08:40:44 +1100
Processing by CountriesController#show as HTML
  Parameters: {"id"=>"7"}
  [1m[36mCountry Load (0.1ms)[0m  [1m[34mSELECT  "countries".* FROM "countries" WHERE "countries"."id" = ? LIMIT ?[0m  [["id", 7], ["LIMIT", 1]]
  Rendering countries/show.html.erb within layouts/application
  [1m[36mCity Load (0.1ms)[0m  [1m[34mSELECT "cities".* FROM "cities" WHERE "cities"."country_id" = ?[0m  [["country_id", 7]]
  Rendered countries/show.html.erb within layouts/application (1.8ms)
Completed 200 OK in 26ms (Views: 22.9ms | ActiveRecord: 0.2ms)


Started GET "/cities" for 127.0.0.1 at 2017-11-23 08:58:14 +1100
Processing by CitiesController#index as HTML
  Rendering cities/index.html.erb within layouts/application
  [1m[36mCity Load (0.2ms)[0m  [1m[34mSELECT "cities".* FROM "cities"[0m
  Rendered cities/index.html.erb within layouts/application (1.7ms)
Completed 200 OK in 30ms (Views: 27.0ms | ActiveRecord: 0.2ms)


Started GET "/cities/6" for 127.0.0.1 at 2017-11-23 08:58:16 +1100
Processing by CitiesController#show as HTML
  Parameters: {"id"=>"6"}
  [1m[36mCity Load (0.1ms)[0m  [1m[34mSELECT  "cities".* FROM "cities" WHERE "cities"."id" = ? LIMIT ?[0m  [["id", 6], ["LIMIT", 1]]
  Rendering cities/show.html.erb within layouts/application
  [1m[36mCountry Load (0.1ms)[0m  [1m[34mSELECT  "countries".* FROM "countries" WHERE "countries"."id" = ? LIMIT ?[0m  [["id", 5], ["LIMIT", 1]]
  Rendered cities/show.html.erb within layouts/application (2.3ms)
Completed 200 OK in 30ms (Views: 26.4ms | ActiveRecord: 0.2ms)


Started GET "/cities/6/edit" for 127.0.0.1 at 2017-11-23 08:58:17 +1100
Processing by CitiesController#edit as HTML
  Parameters: {"id"=>"6"}
  [1m[36mCity Load (0.1ms)[0m  [1m[34mSELECT  "cities".* FROM "cities" WHERE "cities"."id" = ? LIMIT ?[0m  [["id", 6], ["LIMIT", 1]]
  Rendering cities/edit.html.erb within layouts/application
  [1m[35m (0.2ms)[0m  [1m[34mSELECT "countries"."name", "countries"."id" FROM "countries"[0m
  Rendered cities/_form.html.erb (5.2ms)
  Rendered cities/edit.html.erb within layouts/application (8.7ms)
Completed 200 OK in 39ms (Views: 30.3ms | ActiveRecord: 0.3ms)


Started PATCH "/cities/6" for 127.0.0.1 at 2017-11-23 08:58:22 +1100
Processing by CitiesController#update as HTML
  Parameters: {"utf8"=>"✓", "authenticity_token"=>"WDUId04vryQ3MjAfxjw/i4SMA/4V73HjIBNDrXcRWmhkTJCXFbEvKC3WBUOc0VU0SmbBzE5AcXK4fiKyRUhoYg==", "city"=>{"name"=>"London", "population"=>"250", "country_id"=>"5"}, "commit"=>"Update City", "id"=>"6"}
  [1m[36mCity Load (0.1ms)[0m  [1m[34mSELECT  "cities".* FROM "cities" WHERE "cities"."id" = ? LIMIT ?[0m  [["id", 6], ["LIMIT", 1]]
Unpermitted parameter: :country_id
  [1m[35m (0.1ms)[0m  [1m[36mbegin transaction[0m
  [1m[36mCountry Load (0.2ms)[0m  [1m[34mSELECT  "countries".* FROM "countries" WHERE "countries"."id" = ? LIMIT ?[0m  [["id", 5], ["LIMIT", 1]]
  [1m[35m (0.2ms)[0m  [1m[36mcommit transaction[0m
Redirected to http://localhost:3000/cities/6
Completed 302 Found in 6ms (ActiveRecord: 0.5ms)


Started GET "/cities/6" for 127.0.0.1 at 2017-11-23 08:58:22 +1100
Processing by CitiesController#show as HTML
  Parameters: {"id"=>"6"}
  [1m[36mCity Load (0.1ms)[0m  [1m[34mSELECT  "cities".* FROM "cities" WHERE "cities"."id" = ? LIMIT ?[0m  [["id", 6], ["LIMIT", 1]]
  Rendering cities/show.html.erb within layouts/application
  [1m[36mCountry Load (0.1ms)[0m  [1m[34mSELECT  "countries".* FROM "countries" WHERE "countries"."id" = ? LIMIT ?[0m  [["id", 5], ["LIMIT", 1]]
  Rendered cities/show.html.erb within layouts/application (2.9ms)
Completed 200 OK in 32ms (Views: 27.7ms | ActiveRecord: 0.3ms)


Started GET "/countries" for 127.0.0.1 at 2017-11-23 08:58:33 +1100
Processing by CountriesController#index as HTML
  Rendering countries/index.html.erb within layouts/application
  [1m[36mCountry Load (0.3ms)[0m  [1m[34mSELECT "countries".* FROM "countries"[0m
  Rendered countries/index.html.erb within layouts/application (2.0ms)
Completed 200 OK in 24ms (Views: 21.1ms | ActiveRecord: 0.3ms)


Started GET "/countries/6" for 127.0.0.1 at 2017-11-23 08:58:35 +1100
Processing by CountriesController#show as HTML
  Parameters: {"id"=>"6"}
  [1m[36mCountry Load (0.2ms)[0m  [1m[34mSELECT  "countries".* FROM "countries" WHERE "countries"."id" = ? LIMIT ?[0m  [["id", 6], ["LIMIT", 1]]
  Rendering countries/show.html.erb within layouts/application
  [1m[36mCity Load (0.1ms)[0m  [1m[34mSELECT "cities".* FROM "cities" WHERE "cities"."country_id" = ?[0m  [["country_id", 6]]
  Rendered countries/show.html.erb within layouts/application (2.1ms)
Completed 200 OK in 38ms (Views: 33.0ms | ActiveRecord: 0.3ms)


Started GET "/countries/5" for 127.0.0.1 at 2017-11-23 08:58:41 +1100
Processing by CountriesController#show as HTML
  Parameters: {"id"=>"5"}
  [1m[36mCountry Load (0.1ms)[0m  [1m[34mSELECT  "countries".* FROM "countries" WHERE "countries"."id" = ? LIMIT ?[0m  [["id", 5], ["LIMIT", 1]]
  Rendering countries/show.html.erb within layouts/application
  [1m[36mCity Load (0.2ms)[0m  [1m[34mSELECT "cities".* FROM "cities" WHERE "cities"."country_id" = ?[0m  [["country_id", 5]]
  Rendered countries/show.html.erb within layouts/application (2.4ms)
Completed 200 OK in 24ms (Views: 20.6ms | ActiveRecord: 0.3ms)


Started GET "/countries/7" for 127.0.0.1 at 2017-11-23 08:58:45 +1100
Processing by CountriesController#show as HTML
  Parameters: {"id"=>"7"}
  [1m[36mCountry Load (0.1ms)[0m  [1m[34mSELECT  "countries".* FROM "countries" WHERE "countries"."id" = ? LIMIT ?[0m  [["id", 7], ["LIMIT", 1]]
  Rendering countries/show.html.erb within layouts/application
  [1m[36mCity Load (0.1ms)[0m  [1m[34mSELECT "cities".* FROM "cities" WHERE "cities"."country_id" = ?[0m  [["country_id", 7]]
  Rendered countries/show.html.erb within layouts/application (1.6ms)
Completed 200 OK in 25ms (Views: 21.6ms | ActiveRecord: 0.2ms)


Started GET "/countries/4" for 127.0.0.1 at 2017-11-23 08:58:53 +1100
Processing by CountriesController#show as HTML
  Parameters: {"id"=>"4"}
  [1m[36mCountry Load (0.1ms)[0m  [1m[34mSELECT  "countries".* FROM "countries" WHERE "countries"."id" = ? LIMIT ?[0m  [["id", 4], ["LIMIT", 1]]
  Rendering countries/show.html.erb within layouts/application
  [1m[36mCity Load (0.2ms)[0m  [1m[34mSELECT "cities".* FROM "cities" WHERE "cities"."country_id" = ?[0m  [["country_id", 4]]
  Rendered countries/show.html.erb within layouts/application (2.2ms)
Completed 200 OK in 24ms (Views: 20.9ms | ActiveRecord: 0.3ms)


Started GET "/cities" for 127.0.0.1 at 2017-11-23 08:59:02 +1100
Processing by CitiesController#index as HTML
  Rendering cities/index.html.erb within layouts/application
  [1m[36mCity Load (0.2ms)[0m  [1m[34mSELECT "cities".* FROM "cities"[0m
  Rendered cities/index.html.erb within layouts/application (1.8ms)
Completed 200 OK in 24ms (Views: 21.2ms | ActiveRecord: 0.2ms)


Started GET "/cities/11" for 127.0.0.1 at 2017-11-23 08:59:04 +1100
Processing by CitiesController#show as HTML
  Parameters: {"id"=>"11"}
  [1m[36mCity Load (0.3ms)[0m  [1m[34mSELECT  "cities".* FROM "cities" WHERE "cities"."id" = ? LIMIT ?[0m  [["id", 11], ["LIMIT", 1]]
  Rendering cities/show.html.erb within layouts/application
  [1m[36mCountry Load (0.1ms)[0m  [1m[34mSELECT  "countries".* FROM "countries" WHERE "countries"."id" = ? LIMIT ?[0m  [["id", 4], ["LIMIT", 1]]
  Rendered cities/show.html.erb within layouts/application (2.0ms)
Completed 200 OK in 30ms (Views: 25.2ms | ActiveRecord: 0.4ms)


Started GET "/cities/11/edit" for 127.0.0.1 at 2017-11-23 08:59:09 +1100
Processing by CitiesController#edit as HTML
  Parameters: {"id"=>"11"}
  [1m[36mCity Load (0.2ms)[0m  [1m[34mSELECT  "cities".* FROM "cities" WHERE "cities"."id" = ? LIMIT ?[0m  [["id", 11], ["LIMIT", 1]]
  Rendering cities/edit.html.erb within layouts/application
  [1m[35m (0.2ms)[0m  [1m[34mSELECT "countries"."name", "countries"."id" FROM "countries"[0m
  Rendered cities/_form.html.erb (3.5ms)
  Rendered cities/edit.html.erb within layouts/application (6.6ms)
Completed 200 OK in 40ms (Views: 35.6ms | ActiveRecord: 0.4ms)


Started PATCH "/cities/11" for 127.0.0.1 at 2017-11-23 08:59:13 +1100
Processing by CitiesController#update as HTML
  Parameters: {"utf8"=>"✓", "authenticity_token"=>"vbxna8Ox3cJHYMOgx4VLYgfxGS5z5Eo/d6hZOTfjcO9UeNwRAFDW6Yfgkd889Y7XH1EQiZ8vApuwOOrdN9drGw==", "city"=>{"name"=>"New York", "population"=>"220", "country_id"=>"7"}, "commit"=>"Update City", "id"=>"11"}
  [1m[36mCity Load (0.1ms)[0m  [1m[34mSELECT  "cities".* FROM "cities" WHERE "cities"."id" = ? LIMIT ?[0m  [["id", 11], ["LIMIT", 1]]
Unpermitted parameter: :country_id
  [1m[35m (0.0ms)[0m  [1m[36mbegin transaction[0m
  [1m[36mCountry Load (0.1ms)[0m  [1m[34mSELECT  "countries".* FROM "countries" WHERE "countries"."id" = ? LIMIT ?[0m  [["id", 4], ["LIMIT", 1]]
  [1m[35m (0.1ms)[0m  [1m[36mcommit transaction[0m
Redirected to http://localhost:3000/cities/11
Completed 302 Found in 4ms (ActiveRecord: 0.3ms)


Started GET "/cities/11" for 127.0.0.1 at 2017-11-23 08:59:13 +1100
Processing by CitiesController#show as HTML
  Parameters: {"id"=>"11"}
  [1m[36mCity Load (0.1ms)[0m  [1m[34mSELECT  "cities".* FROM "cities" WHERE "cities"."id" = ? LIMIT ?[0m  [["id", 11], ["LIMIT", 1]]
  Rendering cities/show.html.erb within layouts/application
  [1m[36mCountry Load (0.2ms)[0m  [1m[34mSELECT  "countries".* FROM "countries" WHERE "countries"."id" = ? LIMIT ?[0m  [["id", 4], ["LIMIT", 1]]
  Rendered cities/show.html.erb within layouts/application (2.4ms)
Completed 200 OK in 29ms (Views: 25.4ms | ActiveRecord: 0.3ms)


Started GET "/cities/11" for 127.0.0.1 at 2017-11-23 08:59:25 +1100
Processing by CitiesController#show as HTML
  Parameters: {"id"=>"11"}
  [1m[36mCity Load (0.1ms)[0m  [1m[34mSELECT  "cities".* FROM "cities" WHERE "cities"."id" = ? LIMIT ?[0m  [["id", 11], ["LIMIT", 1]]
  Rendering cities/show.html.erb within layouts/application
  [1m[36mCountry Load (0.1ms)[0m  [1m[34mSELECT  "countries".* FROM "countries" WHERE "countries"."id" = ? LIMIT ?[0m  [["id", 4], ["LIMIT", 1]]
  Rendered cities/show.html.erb within layouts/application (2.1ms)
Completed 200 OK in 31ms (Views: 27.5ms | ActiveRecord: 0.3ms)


Started GET "/cities/11" for 127.0.0.1 at 2017-11-23 08:59:29 +1100
Processing by CitiesController#show as HTML
  Parameters: {"id"=>"11"}
  [1m[36mCity Load (0.1ms)[0m  [1m[34mSELECT  "cities".* FROM "cities" WHERE "cities"."id" = ? LIMIT ?[0m  [["id", 11], ["LIMIT", 1]]
  Rendering cities/show.html.erb within layouts/application
  [1m[36mCountry Load (0.1ms)[0m  [1m[34mSELECT  "countries".* FROM "countries" WHERE "countries"."id" = ? LIMIT ?[0m  [["id", 4], ["LIMIT", 1]]
  Rendered cities/show.html.erb within layouts/application (1.9ms)
Completed 200 OK in 31ms (Views: 28.1ms | ActiveRecord: 0.2ms)


Started GET "/cities/11/edit" for 127.0.0.1 at 2017-11-23 08:59:40 +1100
Processing by CitiesController#edit as HTML
  Parameters: {"id"=>"11"}
  [1m[36mCity Load (0.2ms)[0m  [1m[34mSELECT  "cities".* FROM "cities" WHERE "cities"."id" = ? LIMIT ?[0m  [["id", 11], ["LIMIT", 1]]
  Rendering cities/edit.html.erb within layouts/application
  [1m[35m (0.2ms)[0m  [1m[34mSELECT "countries"."name", "countries"."id" FROM "countries"[0m
  Rendered cities/_form.html.erb (4.5ms)
  Rendered cities/edit.html.erb within layouts/application (8.5ms)
Completed 200 OK in 36ms (Views: 30.9ms | ActiveRecord: 0.4ms)


Started PATCH "/cities/11" for 127.0.0.1 at 2017-11-23 09:01:58 +1100
Processing by CitiesController#update as HTML
  Parameters: {"utf8"=>"✓", "authenticity_token"=>"73Vw3QU1ntmwGaAHDThZuUkKOVJXWFjoXoIdNVvLT7AGscunxtSV8nCZ8nj2SJwMUaow9buTEEyZEq7RW/9URA==", "city"=>{"name"=>"New York", "population"=>"220", "country_id"=>"7"}, "commit"=>"Update City", "id"=>"11"}
  [1m[36mCity Load (0.1ms)[0m  [1m[34mSELECT  "cities".* FROM "cities" WHERE "cities"."id" = ? LIMIT ?[0m  [["id", 11], ["LIMIT", 1]]
  [1m[35m (0.0ms)[0m  [1m[36mbegin transaction[0m
  [1m[36mCountry Load (0.2ms)[0m  [1m[34mSELECT  "countries".* FROM "countries" WHERE "countries"."id" = ? LIMIT ?[0m  [["id", 7], ["LIMIT", 1]]
  [1m[35mSQL (0.3ms)[0m  [1m[33mUPDATE "cities" SET "country_id" = ?, "updated_at" = ? WHERE "cities"."id" = ?[0m  [["country_id", 7], ["updated_at", "2017-11-22 22:01:58.455002"], ["id", 11]]
  [1m[35m (6.1ms)[0m  [1m[36mcommit transaction[0m
Redirected to http://localhost:3000/cities/11
Completed 302 Found in 29ms (ActiveRecord: 7.8ms)


Started GET "/cities/11" for 127.0.0.1 at 2017-11-23 09:01:58 +1100
Processing by CitiesController#show as HTML
  Parameters: {"id"=>"11"}
  [1m[36mCity Load (0.2ms)[0m  [1m[34mSELECT  "cities".* FROM "cities" WHERE "cities"."id" = ? LIMIT ?[0m  [["id", 11], ["LIMIT", 1]]
  Rendering cities/show.html.erb within layouts/application
  [1m[36mCountry Load (0.1ms)[0m  [1m[34mSELECT  "countries".* FROM "countries" WHERE "countries"."id" = ? LIMIT ?[0m  [["id", 7], ["LIMIT", 1]]
  Rendered cities/show.html.erb within layouts/application (2.8ms)
Completed 200 OK in 33ms (Views: 28.5ms | ActiveRecord: 0.3ms)


Started GET "/countries" for 127.0.0.1 at 2017-11-23 10:09:13 +1100
Processing by CountriesController#index as HTML
  Rendering countries/index.html.erb within layouts/application
  [1m[36mCountry Load (0.2ms)[0m  [1m[34mSELECT "countries".* FROM "countries"[0m
  Rendered countries/index.html.erb within layouts/application (2.2ms)
Completed 200 OK in 33ms (Views: 30.0ms | ActiveRecord: 0.2ms)


Started GET "/countries/new" for 127.0.0.1 at 2017-11-23 10:09:26 +1100
Processing by CountriesController#new as HTML
  Rendering countries/new.html.erb within layouts/application
  Rendered countries/_form.html.erb (2.0ms)
  Rendered countries/new.html.erb within layouts/application (5.1ms)
Completed 200 OK in 29ms (Views: 24.9ms | ActiveRecord: 0.0ms)


Started POST "/countries" for 127.0.0.1 at 2017-11-23 10:09:33 +1100
Processing by CountriesController#create as HTML
  Parameters: {"utf8"=>"✓", "authenticity_token"=>"pizL2IEwwyzPSwClC/Ggp+aSOz+yZRFJd9eLuVWm56q2t7fgXtCK0XcjzVR1a/3CFYmJlAgeH3bkkrTv/ygWMA==", "country"=>{"name"=>"Tonga", "population"=>"2"}, "commit"=>"Create Country"}
  [1m[35m (0.1ms)[0m  [1m[36mbegin transaction[0m
  [1m[35mSQL (0.4ms)[0m  [1m[32mINSERT INTO "countries" ("name", "population", "created_at", "updated_at") VALUES (?, ?, ?, ?)[0m  [["name", "Tonga"], ["population", 2], ["created_at", "2017-11-22 23:09:33.605755"], ["updated_at", "2017-11-22 23:09:33.605755"]]
  [1m[35m (0.7ms)[0m  [1m[36mcommit transaction[0m
Redirected to http://localhost:3000/countries/8
Completed 302 Found in 5ms (ActiveRecord: 1.2ms)


Started GET "/countries/8" for 127.0.0.1 at 2017-11-23 10:09:33 +1100
Processing by CountriesController#show as HTML
  Parameters: {"id"=>"8"}
  [1m[36mCountry Load (0.1ms)[0m  [1m[34mSELECT  "countries".* FROM "countries" WHERE "countries"."id" = ? LIMIT ?[0m  [["id", 8], ["LIMIT", 1]]
  Rendering countries/show.html.erb within layouts/application
  [1m[36mCity Load (0.2ms)[0m  [1m[34mSELECT "cities".* FROM "cities" WHERE "cities"."country_id" = ?[0m  [["country_id", 8]]
  Rendered countries/show.html.erb within layouts/application (3.5ms)
Completed 200 OK in 28ms (Views: 23.2ms | ActiveRecord: 0.3ms)


Started GET "/countries/" for 127.0.0.1 at 2017-11-23 10:09:38 +1100
Processing by CountriesController#index as HTML
  Rendering countries/index.html.erb within layouts/application
  [1m[36mCountry Load (0.2ms)[0m  [1m[34mSELECT "countries".* FROM "countries"[0m
  Rendered countries/index.html.erb within layouts/application (2.0ms)
Completed 200 OK in 23ms (Views: 20.6ms | ActiveRecord: 0.2ms)


Started GET "/cities" for 127.0.0.1 at 2017-11-23 10:09:44 +1100
Processing by CitiesController#index as HTML
  Rendering cities/index.html.erb within layouts/application
  [1m[36mCity Load (0.2ms)[0m  [1m[34mSELECT "cities".* FROM "cities"[0m
  Rendered cities/index.html.erb within layouts/application (1.7ms)
Completed 200 OK in 23ms (Views: 19.9ms | ActiveRecord: 0.2ms)


Started GET "/cities/6" for 127.0.0.1 at 2017-11-23 10:09:46 +1100
Processing by CitiesController#show as HTML
  Parameters: {"id"=>"6"}
  [1m[36mCity Load (0.1ms)[0m  [1m[34mSELECT  "cities".* FROM "cities" WHERE "cities"."id" = ? LIMIT ?[0m  [["id", 6], ["LIMIT", 1]]
  Rendering cities/show.html.erb within layouts/application
  [1m[36mCountry Load (0.1ms)[0m  [1m[34mSELECT  "countries".* FROM "countries" WHERE "countries"."id" = ? LIMIT ?[0m  [["id", 5], ["LIMIT", 1]]
  Rendered cities/show.html.erb within layouts/application (2.1ms)
Completed 200 OK in 28ms (Views: 24.2ms | ActiveRecord: 0.2ms)


Started GET "/cities/6/edit" for 127.0.0.1 at 2017-11-23 10:09:51 +1100
Processing by CitiesController#edit as HTML
  Parameters: {"id"=>"6"}
  [1m[36mCity Load (0.1ms)[0m  [1m[34mSELECT  "cities".* FROM "cities" WHERE "cities"."id" = ? LIMIT ?[0m  [["id", 6], ["LIMIT", 1]]
  Rendering cities/edit.html.erb within layouts/application
  [1m[35m (0.1ms)[0m  [1m[34mSELECT "countries"."name", "countries"."id" FROM "countries"[0m
  Rendered cities/_form.html.erb (2.8ms)
  Rendered cities/edit.html.erb within layouts/application (5.7ms)
Completed 200 OK in 33ms (Views: 28.7ms | ActiveRecord: 0.3ms)


Started PATCH "/cities/6" for 127.0.0.1 at 2017-11-23 10:09:56 +1100
Processing by CitiesController#update as HTML
  Parameters: {"utf8"=>"✓", "authenticity_token"=>"QWqFmGKCNvbjbqBLJISKk555xBIQQRsrej1Pk8aqa8t9Ex14ORy2+vmKlRd+aeAsUJMGIEvuG7riUC6M9PNZwQ==", "city"=>{"name"=>"London", "population"=>"250", "country_id"=>"8"}, "commit"=>"Update City", "id"=>"6"}
  [1m[36mCity Load (0.1ms)[0m  [1m[34mSELECT  "cities".* FROM "cities" WHERE "cities"."id" = ? LIMIT ?[0m  [["id", 6], ["LIMIT", 1]]
  [1m[35m (0.0ms)[0m  [1m[36mbegin transaction[0m
  [1m[36mCountry Load (0.1ms)[0m  [1m[34mSELECT  "countries".* FROM "countries" WHERE "countries"."id" = ? LIMIT ?[0m  [["id", 8], ["LIMIT", 1]]
  [1m[35mSQL (0.4ms)[0m  [1m[33mUPDATE "cities" SET "country_id" = ?, "updated_at" = ? WHERE "cities"."id" = ?[0m  [["country_id", 8], ["updated_at", "2017-11-22 23:09:56.551949"], ["id", 6]]
  [1m[35m (6.6ms)[0m  [1m[36mcommit transaction[0m
Redirected to http://localhost:3000/cities/6
Completed 302 Found in 12ms (ActiveRecord: 7.3ms)


Started GET "/cities/6" for 127.0.0.1 at 2017-11-23 10:09:56 +1100
Processing by CitiesController#show as HTML
  Parameters: {"id"=>"6"}
  [1m[36mCity Load (0.2ms)[0m  [1m[34mSELECT  "cities".* FROM "cities" WHERE "cities"."id" = ? LIMIT ?[0m  [["id", 6], ["LIMIT", 1]]
  Rendering cities/show.html.erb within layouts/application
  [1m[36mCountry Load (0.1ms)[0m  [1m[34mSELECT  "countries".* FROM "countries" WHERE "countries"."id" = ? LIMIT ?[0m  [["id", 8], ["LIMIT", 1]]
  Rendered cities/show.html.erb within layouts/application (1.9ms)
Completed 200 OK in 30ms (Views: 26.1ms | ActiveRecord: 0.3ms)


Started GET "/countries" for 127.0.0.1 at 2017-11-23 10:10:05 +1100
Processing by CountriesController#index as HTML
  Rendering countries/index.html.erb within layouts/application
  [1m[36mCountry Load (0.2ms)[0m  [1m[34mSELECT "countries".* FROM "countries"[0m
  Rendered countries/index.html.erb within layouts/application (1.8ms)
Completed 200 OK in 23ms (Views: 20.3ms | ActiveRecord: 0.2ms)


Started GET "/countries/8" for 127.0.0.1 at 2017-11-23 10:10:07 +1100
Processing by CountriesController#show as HTML
  Parameters: {"id"=>"8"}
  [1m[36mCountry Load (0.1ms)[0m  [1m[34mSELECT  "countries".* FROM "countries" WHERE "countries"."id" = ? LIMIT ?[0m  [["id", 8], ["LIMIT", 1]]
  Rendering countries/show.html.erb within layouts/application
  [1m[36mCity Load (0.1ms)[0m  [1m[34mSELECT "cities".* FROM "cities" WHERE "cities"."country_id" = ?[0m  [["country_id", 8]]
  Rendered countries/show.html.erb within layouts/application (2.2ms)
Completed 200 OK in 26ms (Views: 22.3ms | ActiveRecord: 0.3ms)


