  [1m[35m (0.1ms)[0m  [1m[34mSELECT sqlite_version(*)[0m
  [1m[35m (6.6ms)[0m  [1m[35mCREATE TABLE "schema_migrations" ("version" varchar NOT NULL PRIMARY KEY)[0m
  [1m[35m (1.3ms)[0m  [1m[35mCREATE TABLE "ar_internal_metadata" ("key" varchar NOT NULL PRIMARY KEY, "value" varchar, "created_at" datetime NOT NULL, "updated_at" datetime NOT NULL)[0m
  [1m[35m (0.2ms)[0m  [1m[34mSELECT "schema_migrations"."version" FROM "schema_migrations" ORDER BY "schema_migrations"."version" ASC[0m
  [1m[35m (0.1ms)[0m  [1m[34mSELECT "schema_migrations"."version" FROM "schema_migrations" ORDER BY "schema_migrations"."version" ASC[0m
  [1m[36mMountain Load (0.5ms)[0m  [1m[34mSELECT "mountains".* FROM "mountains"[0m
  [1m[36mMountain Load (0.3ms)[0m  [1m[34mSELECT  "mountains".* FROM "mountains" LIMIT ?[0m  [["LIMIT", 11]]
  [1m[36mMountain Load (0.4ms)[0m  [1m[34mSELECT "mountains".* FROM "mountains"[0m
  [1m[36mMountain Load (0.3ms)[0m  [1m[34mSELECT  "mountains".* FROM "mountains" LIMIT ?[0m  [["LIMIT", 11]]
  [1m[35m (0.1ms)[0m  [1m[34mSELECT sqlite_version(*)[0m
  [1m[35m (6.6ms)[0m  [1m[35mCREATE TABLE "schema_migrations" ("version" varchar NOT NULL PRIMARY KEY)[0m
  [1m[35m (1.1ms)[0m  [1m[35mCREATE TABLE "ar_internal_metadata" ("key" varchar NOT NULL PRIMARY KEY, "value" varchar, "created_at" datetime NOT NULL, "updated_at" datetime NOT NULL)[0m
  [1m[35m (0.1ms)[0m  [1m[34mSELECT "schema_migrations"."version" FROM "schema_migrations" ORDER BY "schema_migrations"."version" ASC[0m
  [1m[35m (0.1ms)[0m  [1m[36mbegin transaction[0m
  [1m[35mSQL (0.5ms)[0m  [1m[32mINSERT INTO "mountains" ("name", "country", "feet") VALUES (?, ?, ?)[0m  [["name", "Everest"], ["country", "Nepal"], ["feet", 29035]]
  [1m[35m (0.7ms)[0m  [1m[36mcommit transaction[0m
  [1m[35m (0.1ms)[0m  [1m[36mbegin transaction[0m
  [1m[35mSQL (0.5ms)[0m  [1m[32mINSERT INTO "mountains" ("name", "country", "feet") VALUES (?, ?, ?)[0m  [["name", "K2 Mount Godwin Austen"], ["country", "China"], ["feet", 28250]]
  [1m[35m (1.3ms)[0m  [1m[36mcommit transaction[0m
  [1m[35m (0.1ms)[0m  [1m[36mbegin transaction[0m
  [1m[35mSQL (0.4ms)[0m  [1m[32mINSERT INTO "mountains" ("name", "country", "feet") VALUES (?, ?, ?)[0m  [["name", "Makalu"], ["country", "Nepal"], ["feet", 27766]]
  [1m[35m (1.1ms)[0m  [1m[36mcommit transaction[0m
  [1m[35m (0.1ms)[0m  [1m[36mbegin transaction[0m
  [1m[35mSQL (0.4ms)[0m  [1m[32mINSERT INTO "mountains" ("name", "country", "feet") VALUES (?, ?, ?)[0m  [["name", "Cho Oyu"], ["country", "Nepal"], ["feet", 26906]]
  [1m[35m (0.6ms)[0m  [1m[36mcommit transaction[0m
  [1m[36mMountain Load (0.4ms)[0m  [1m[34mSELECT "mountains".* FROM "mountains"[0m
  [1m[36mMountain Load (0.4ms)[0m  [1m[34mSELECT  "mountains".* FROM "mountains" LIMIT ?[0m  [["LIMIT", 11]]
  [1m[36mMountain Load (1.5ms)[0m  [1m[34mSELECT "mountains".* FROM "mountains"[0m
Started GET "/index" for 127.0.0.1 at 2017-11-21 16:28:57 +1100
  
ActionController::RoutingError (No route matches [GET] "/index"):
  
actionpack (5.1.4) lib/action_dispatch/middleware/debug_exceptions.rb:63:in `call'
web-console (3.5.1) lib/web_console/middleware.rb:135:in `call_app'
web-console (3.5.1) lib/web_console/middleware.rb:28:in `block in call'
web-console (3.5.1) lib/web_console/middleware.rb:18:in `catch'
web-console (3.5.1) lib/web_console/middleware.rb:18:in `call'
actionpack (5.1.4) lib/action_dispatch/middleware/show_exceptions.rb:31:in `call'
railties (5.1.4) lib/rails/rack/logger.rb:36:in `call_app'
railties (5.1.4) lib/rails/rack/logger.rb:24:in `block in call'
activesupport (5.1.4) lib/active_support/tagged_logging.rb:69:in `block in tagged'
activesupport (5.1.4) lib/active_support/tagged_logging.rb:26:in `tagged'
activesupport (5.1.4) lib/active_support/tagged_logging.rb:69:in `tagged'
railties (5.1.4) lib/rails/rack/logger.rb:24:in `call'
sprockets-rails (3.2.1) lib/sprockets/rails/quiet_assets.rb:13:in `call'
actionpack (5.1.4) lib/action_dispatch/middleware/remote_ip.rb:79:in `call'
actionpack (5.1.4) lib/action_dispatch/middleware/request_id.rb:25:in `call'
rack (2.0.3) lib/rack/method_override.rb:22:in `call'
rack (2.0.3) lib/rack/runtime.rb:22:in `call'
activesupport (5.1.4) lib/active_support/cache/strategy/local_cache_middleware.rb:27:in `call'
actionpack (5.1.4) lib/action_dispatch/middleware/executor.rb:12:in `call'
actionpack (5.1.4) lib/action_dispatch/middleware/static.rb:125:in `call'
rack (2.0.3) lib/rack/sendfile.rb:111:in `call'
railties (5.1.4) lib/rails/engine.rb:522:in `call'
puma (3.11.0) lib/puma/configuration.rb:225:in `call'
puma (3.11.0) lib/puma/server.rb:624:in `handle_request'
puma (3.11.0) lib/puma/server.rb:438:in `process_client'
puma (3.11.0) lib/puma/server.rb:302:in `block in run'
puma (3.11.0) lib/puma/thread_pool.rb:120:in `block in spawn_thread'
Started GET "/mountains" for 127.0.0.1 at 2017-11-21 16:29:47 +1100
Processing by MountainsController#index as HTML
  Rendering mountains/index.html.erb within layouts/application
  Rendered mountains/index.html.erb within layouts/application (0.5ms)
Completed 200 OK in 399ms (Views: 245.2ms)


Started GET "/mountains" for 127.0.0.1 at 2017-11-21 16:32:08 +1100
Processing by MountainsController#index as HTML
  Rendering mountains/index.html.erb within layouts/application
  [1m[36mMountain Load (1.5ms)[0m  [1m[34mSELECT "mountains".* FROM "mountains"[0m
  Rendered mountains/index.html.erb within layouts/application (120.3ms)
Completed 500 Internal Server Error in 128ms (ActiveRecord: 2.9ms)


  
ActionView::Template::Error (undefined method `mountain_path' for #<#<Class:0x00007fcb2bd08150>:0x00007fcb2d021548>
Did you mean?  mountains_path):
    1: <h1>Mountains</h1>
    2: 
    3: <% @mountains.each do |mountain| %>
    4: <p><%= link_to mountain.name, mountain_path(mountain.id) %> is <%= mountain.feet %> feet tall.</p>
    5: <% end %>
  
app/views/mountains/index.html.erb:4:in `block in _app_views_mountains_index_html_erb__2847518694870730814_70255305101200'
app/views/mountains/index.html.erb:3:in `_app_views_mountains_index_html_erb__2847518694870730814_70255305101200'
Started GET "/mountains" for 127.0.0.1 at 2017-11-21 16:34:00 +1100
Processing by MountainsController#index as HTML
  Rendering mountains/index.html.erb within layouts/application
  [1m[36mMountain Load (0.2ms)[0m  [1m[34mSELECT "mountains".* FROM "mountains"[0m
  Rendered mountains/index.html.erb within layouts/application (94.9ms)
Completed 500 Internal Server Error in 102ms (ActiveRecord: 0.2ms)


  
ActionView::Template::Error (undefined method `mountain_path' for #<#<Class:0x00007fcb2bd08150>:0x00007fcb319c1d38>
Did you mean?  mountains_path):
    1: <h1>Mountains</h1>
    2: 
    3: <% @mountains.each do |mountain| %>
    4: <p><%= link_to mountain.name, mountain_path(mountain.id) %></p>
    5: <% end %>
  
app/views/mountains/index.html.erb:4:in `block in _app_views_mountains_index_html_erb__2847518694870730814_70255343702960'
app/views/mountains/index.html.erb:3:in `_app_views_mountains_index_html_erb__2847518694870730814_70255343702960'
Started GET "/mountains" for 127.0.0.1 at 2017-11-21 16:34:02 +1100
Processing by MountainsController#index as HTML
  Rendering mountains/index.html.erb within layouts/application
  [1m[36mMountain Load (0.2ms)[0m  [1m[34mSELECT "mountains".* FROM "mountains"[0m
  Rendered mountains/index.html.erb within layouts/application (94.1ms)
Completed 500 Internal Server Error in 101ms (ActiveRecord: 0.2ms)


  
ActionView::Template::Error (undefined method `mountain_path' for #<#<Class:0x00007fcb2bd08150>:0x00007fcb2d816b68>
Did you mean?  mountains_path):
    1: <h1>Mountains</h1>
    2: 
    3: <% @mountains.each do |mountain| %>
    4: <p><%= link_to mountain.name, mountain_path(mountain.id) %></p>
    5: <% end %>
  
app/views/mountains/index.html.erb:4:in `block in _app_views_mountains_index_html_erb__2847518694870730814_70255309273760'
app/views/mountains/index.html.erb:3:in `_app_views_mountains_index_html_erb__2847518694870730814_70255309273760'
Started GET "/mountains" for 127.0.0.1 at 2017-11-21 16:34:22 +1100
Processing by MountainsController#index as HTML
  Rendering mountains/index.html.erb within layouts/application
  [1m[36mMountain Load (0.2ms)[0m  [1m[34mSELECT "mountains".* FROM "mountains"[0m
  Rendered mountains/index.html.erb within layouts/application (3.7ms)
Completed 500 Internal Server Error in 11ms (ActiveRecord: 0.2ms)


  
ActionView::Template::Error (undefined method `name' for nil:NilClass):
    1: <h1>Mountains</h1>
    2: 
    3: <% @mountains.each do |mountain| %>
    4: <p><%= link_to @mountain.name, mountain_path(@mountain.id) %></p>
    5: <% end %>
  
app/views/mountains/index.html.erb:4:in `block in _app_views_mountains_index_html_erb__2847518694870730814_70255282932120'
app/views/mountains/index.html.erb:3:in `_app_views_mountains_index_html_erb__2847518694870730814_70255282932120'
Started GET "/mountains" for 127.0.0.1 at 2017-11-21 16:35:32 +1100
Processing by MountainsController#index as HTML
  Rendering mountains/index.html.erb within layouts/application
  [1m[36mMountain Load (0.2ms)[0m  [1m[34mSELECT "mountains".* FROM "mountains"[0m
  Rendered mountains/index.html.erb within layouts/application (4.4ms)
Completed 500 Internal Server Error in 11ms (ActiveRecord: 0.2ms)


  
ActionView::Template::Error (undefined method `name' for nil:NilClass):
    1: <h1>Mountains</h1>
    2: 
    3: <!-- <% @mountains.each do |mountain| %>
    4: <p><%= link_to @mountain.name, mountain_path(@mountain.id) %></p>
    5: <% end %> -->
    6: 
    7: 
  
app/views/mountains/index.html.erb:4:in `block in _app_views_mountains_index_html_erb__2847518694870730814_70255340011680'
app/views/mountains/index.html.erb:3:in `_app_views_mountains_index_html_erb__2847518694870730814_70255340011680'
Started GET "/mountains" for 127.0.0.1 at 2017-11-21 16:36:41 +1100
Processing by MountainsController#index as HTML
  Rendering mountains/index.html.erb within layouts/application
  [1m[36mMountain Load (0.2ms)[0m  [1m[34mSELECT "mountains".* FROM "mountains"[0m
  Rendered mountains/index.html.erb within layouts/application (4.2ms)
Completed 500 Internal Server Error in 11ms (ActiveRecord: 0.2ms)


  
ActionView::Template::Error (undefined method `name' for nil:NilClass):
    1: <h1>Mountains</h1>
    2: 
    3: <% @mountains.each do |mountain| %>
    4: <p><%= @mountain.name %></p>
    5: <% end %>
  
app/views/mountains/index.html.erb:4:in `block in _app_views_mountains_index_html_erb__2847518694870730814_70255343483060'
app/views/mountains/index.html.erb:3:in `_app_views_mountains_index_html_erb__2847518694870730814_70255343483060'
Started GET "/mountains" for 127.0.0.1 at 2017-11-21 16:38:10 +1100
Processing by MountainsController#index as HTML
  Rendering mountains/index.html.erb within layouts/application
  Rendered mountains/index.html.erb within layouts/application (3.2ms)
Completed 500 Internal Server Error in 13ms


  
ActionView::Template::Error (undefined method `name' for nil:NilClass):
    1: <h1>Mountains</h1>
    2: 
    3: 
    4: <p><%= @mountain.name %></p>
  
app/views/mountains/index.html.erb:4:in `_app_views_mountains_index_html_erb__2847518694870730814_70255343635900'
Started GET "/mountains" for 127.0.0.1 at 2017-11-21 16:38:24 +1100
Processing by MountainsController#index as HTML
  Rendering mountains/index.html.erb within layouts/application
  Rendered mountains/index.html.erb within layouts/application (0.6ms)
Completed 200 OK in 26ms (Views: 23.8ms)


Started GET "/mountains" for 127.0.0.1 at 2017-11-21 16:39:13 +1100
Processing by MountainsController#index as HTML
  Rendering mountains/index.html.erb within layouts/application
  Rendered mountains/index.html.erb within layouts/application (2.9ms)
Completed 500 Internal Server Error in 11ms


  
ActionView::Template::Error (undefined method `name' for nil:NilClass):
    1: <h1>Mountains</h1>
    2: 
    3: 
    4: <p><%= @mountain.name %></p>
  
app/views/mountains/index.html.erb:4:in `_app_views_mountains_index_html_erb__2847518694870730814_70255309353260'
Started GET "/mountains" for 127.0.0.1 at 2017-11-21 16:39:26 +1100
Processing by MountainsController#index as HTML
  Rendering mountains/index.html.erb within layouts/application
  Rendered mountains/index.html.erb within layouts/application (3.3ms)
Completed 500 Internal Server Error in 11ms


  
ActionView::Template::Error (undefined method `[]' for nil:NilClass):
    1: <h1>Mountains</h1>
    2: 
    3: 
    4: <p><%= @mountain[:name] %></p>
  
app/views/mountains/index.html.erb:4:in `_app_views_mountains_index_html_erb__2847518694870730814_70255285353760'
Started GET "/mountains" for 127.0.0.1 at 2017-11-21 16:41:32 +1100
Processing by MountainsController#index as HTML
  Rendering mountains/index.html.erb within layouts/application
  [1m[36mMountain Load (0.1ms)[0m  [1m[34mSELECT "mountains".* FROM "mountains"[0m
  Rendered mountains/index.html.erb within layouts/application (107.3ms)
Completed 500 Internal Server Error in 114ms (ActiveRecord: 0.8ms)


  
ActionView::Template::Error (undefined method `mountain_path' for #<#<Class:0x00007fcb319a1150>:0x00007fcb2a6daae0>
Did you mean?  mountains_path):
    1: <h1>Mountains</h1>
    2: 
    3: <% @mountains.each do |mountain| %>
    4: <p><%= link_to mountain.name, mountain_path(mountain.id) %> is <%= mountain.feet %> feet tall.</p>
    5: <% end %>
  
app/views/mountains/index.html.erb:4:in `block in _app_views_mountains_index_html_erb__2847518694870730814_70255283470660'
app/views/mountains/index.html.erb:3:in `_app_views_mountains_index_html_erb__2847518694870730814_70255283470660'
Started GET "/rails/info" for 127.0.0.1 at 2017-11-21 16:42:04 +1100
Processing by Rails::InfoController#index as HTML
Redirected to http://localhost:3000/rails/info/routes
Completed 302 Found in 1ms (ActiveRecord: 0.0ms)


Started GET "/rails/info/routes" for 127.0.0.1 at 2017-11-21 16:42:04 +1100
Processing by Rails::InfoController#routes as HTML
  Rendering /Users/samanthacordingley/.rvm/gems/ruby-2.4.2/gems/railties-5.1.4/lib/rails/templates/rails/info/routes.html.erb within layouts/application
  Rendered collection of /Users/samanthacordingley/.rvm/gems/ruby-2.4.2/gems/actionpack-5.1.4/lib/action_dispatch/middleware/templates/routes/_route.html.erb [2 times] (1.7ms)
  Rendered /Users/samanthacordingley/.rvm/gems/ruby-2.4.2/gems/actionpack-5.1.4/lib/action_dispatch/middleware/templates/routes/_table.html.erb (1.3ms)
  Rendered /Users/samanthacordingley/.rvm/gems/ruby-2.4.2/gems/railties-5.1.4/lib/rails/templates/rails/info/routes.html.erb within layouts/application (9.4ms)
Completed 200 OK in 22ms (Views: 18.1ms | ActiveRecord: 0.0ms)


Started GET "/mountains" for 127.0.0.1 at 2017-11-21 16:42:23 +1100
Processing by MountainsController#index as HTML
  Rendering mountains/index.html.erb within layouts/application
  [1m[36mMountain Load (0.2ms)[0m  [1m[34mSELECT "mountains".* FROM "mountains"[0m
  Rendered mountains/index.html.erb within layouts/application (2.3ms)
Completed 200 OK in 16ms (Views: 14.2ms | ActiveRecord: 0.2ms)


Started GET "/mountains" for 127.0.0.1 at 2017-11-21 16:42:54 +1100
Processing by MountainsController#index as HTML
  Rendering mountains/index.html.erb within layouts/application
  [1m[36mMountain Load (0.2ms)[0m  [1m[34mSELECT "mountains".* FROM "mountains"[0m
  Rendered mountains/index.html.erb within layouts/application (21.8ms)
Completed 200 OK in 38ms (Views: 35.7ms | ActiveRecord: 0.2ms)


Started GET "/mountains" for 127.0.0.1 at 2017-11-21 16:43:08 +1100
Processing by MountainsController#index as HTML
  Rendering mountains/index.html.erb within layouts/application
  [1m[36mMountain Load (0.2ms)[0m  [1m[34mSELECT "mountains".* FROM "mountains"[0m
  Rendered mountains/index.html.erb within layouts/application (2.8ms)
Completed 200 OK in 19ms (Views: 16.7ms | ActiveRecord: 0.2ms)


Started GET "/mountains/new" for 127.0.0.1 at 2017-11-21 16:44:38 +1100
Processing by MountainsController#new as HTML
  Rendering mountains/new.html.erb within layouts/application
  Rendered mountains/new.html.erb within layouts/application (0.3ms)
Completed 200 OK in 25ms (Views: 22.5ms)


Started GET "/mountains/new" for 127.0.0.1 at 2017-11-21 16:49:13 +1100
Processing by MountainsController#new as HTML
  Rendering mountains/new.html.erb within layouts/application
  Rendered mountains/new.html.erb within layouts/application (0.5ms)
Completed 200 OK in 22ms (Views: 19.4ms)


Started GET "/mountains/new" for 127.0.0.1 at 2017-11-21 16:53:40 +1100
Processing by MountainsController#new as HTML
  Rendering mountains/new.html.erb within layouts/application
  Rendered mountains/new.html.erb within layouts/application (0.6ms)
Completed 200 OK in 17ms (Views: 15.0ms)


Started POST "/mountains" for 127.0.0.1 at 2017-11-21 16:53:54 +1100
Processing by MountainsController#create as HTML
  Parameters: {"name"=>"test", "range"=>"test2", "image"=>"", "country"=>"test3", "feet"=>"4566"}
  [1m[35m (0.0ms)[0m  [1m[36mbegin transaction[0m
  [1m[35mSQL (0.4ms)[0m  [1m[32mINSERT INTO "mountains" ("name", "range", "image", "country", "feet") VALUES (?, ?, ?, ?, ?)[0m  [["name", "test"], ["range", "test2"], ["image", ""], ["country", "test3"], ["feet", 4566]]
  [1m[35m (0.7ms)[0m  [1m[36mcommit transaction[0m
Redirected to http://localhost:3000/mountains
Completed 302 Found in 10ms (ActiveRecord: 1.9ms)


Started GET "/mountains" for 127.0.0.1 at 2017-11-21 16:53:54 +1100
Processing by MountainsController#index as HTML
  Rendering mountains/index.html.erb within layouts/application
  [1m[36mMountain Load (0.3ms)[0m  [1m[34mSELECT "mountains".* FROM "mountains"[0m
  Rendered mountains/index.html.erb within layouts/application (3.8ms)
Completed 200 OK in 21ms (Views: 18.2ms | ActiveRecord: 0.3ms)


Started GET "/mountains.1" for 127.0.0.1 at 2017-11-21 16:59:57 +1100
Processing by MountainsController#index as 
  Rendering mountains/index.html.erb within layouts/application
  [1m[36mMountain Load (0.1ms)[0m  [1m[34mSELECT "mountains".* FROM "mountains"[0m
  Rendered mountains/index.html.erb within layouts/application (9.1ms)
Completed 200 OK in 69ms (Views: 49.2ms | ActiveRecord: 0.9ms)


Started GET "/mountains.2" for 127.0.0.1 at 2017-11-21 17:00:06 +1100
Processing by MountainsController#index as 
  Rendering mountains/index.html.erb within layouts/application
  [1m[36mMountain Load (0.2ms)[0m  [1m[34mSELECT "mountains".* FROM "mountains"[0m
  Rendered mountains/index.html.erb within layouts/application (3.7ms)
Completed 200 OK in 55ms (Views: 35.8ms | ActiveRecord: 0.2ms)


Started GET "/rails/info/routes" for 127.0.0.1 at 2017-11-21 17:00:30 +1100
Processing by Rails::InfoController#routes as HTML
  Rendering /Users/samanthacordingley/.rvm/gems/ruby-2.4.2/gems/railties-5.1.4/lib/rails/templates/rails/info/routes.html.erb within layouts/application
  Rendered collection of /Users/samanthacordingley/.rvm/gems/ruby-2.4.2/gems/actionpack-5.1.4/lib/action_dispatch/middleware/templates/routes/_route.html.erb [5 times] (1.7ms)
  Rendered /Users/samanthacordingley/.rvm/gems/ruby-2.4.2/gems/actionpack-5.1.4/lib/action_dispatch/middleware/templates/routes/_table.html.erb (0.9ms)
  Rendered /Users/samanthacordingley/.rvm/gems/ruby-2.4.2/gems/railties-5.1.4/lib/rails/templates/rails/info/routes.html.erb within layouts/application (7.1ms)
Completed 200 OK in 17ms (Views: 13.8ms | ActiveRecord: 0.0ms)


Started GET "/mountains.3" for 127.0.0.1 at 2017-11-21 17:00:52 +1100
Processing by MountainsController#index as 
  Rendering mountains/index.html.erb within layouts/application
  [1m[36mMountain Load (0.2ms)[0m  [1m[34mSELECT "mountains".* FROM "mountains"[0m
  Rendered mountains/index.html.erb within layouts/application (3.4ms)
Completed 200 OK in 49ms (Views: 30.9ms | ActiveRecord: 0.2ms)


Started GET "/mountains.3" for 127.0.0.1 at 2017-11-21 17:03:32 +1100
Processing by MountainsController#index as 
  Rendering mountains/index.html.erb within layouts/application
  [1m[36mMountain Load (0.2ms)[0m  [1m[34mSELECT "mountains".* FROM "mountains"[0m
  Rendered mountains/index.html.erb within layouts/application (3.0ms)
Completed 200 OK in 47ms (Views: 30.2ms | ActiveRecord: 0.2ms)


Started GET "/mountains/1" for 127.0.0.1 at 2017-11-21 17:03:35 +1100
Processing by MountainsController#show as HTML
  Parameters: {"id"=>"1"}
  [1m[36mMountain Load (0.2ms)[0m  [1m[34mSELECT  "mountains".* FROM "mountains" WHERE "mountains"."id" = ? LIMIT ?[0m  [["id", 1], ["LIMIT", 1]]
  Rendering mountains/show.html.erb within layouts/application
  Rendered mountains/show.html.erb within layouts/application (0.7ms)
Completed 200 OK in 25ms (Views: 14.0ms | ActiveRecord: 0.2ms)


Started GET "/mountains/2" for 127.0.0.1 at 2017-11-21 17:03:42 +1100
Processing by MountainsController#show as HTML
  Parameters: {"id"=>"2"}
  [1m[36mMountain Load (0.2ms)[0m  [1m[34mSELECT  "mountains".* FROM "mountains" WHERE "mountains"."id" = ? LIMIT ?[0m  [["id", 2], ["LIMIT", 1]]
  Rendering mountains/show.html.erb within layouts/application
  Rendered mountains/show.html.erb within layouts/application (0.6ms)
Completed 200 OK in 19ms (Views: 16.7ms | ActiveRecord: 0.2ms)


Started GET "/mountains/3" for 127.0.0.1 at 2017-11-21 17:03:48 +1100
Processing by MountainsController#show as HTML
  Parameters: {"id"=>"3"}
  [1m[36mMountain Load (0.2ms)[0m  [1m[34mSELECT  "mountains".* FROM "mountains" WHERE "mountains"."id" = ? LIMIT ?[0m  [["id", 3], ["LIMIT", 1]]
  Rendering mountains/show.html.erb within layouts/application
  Rendered mountains/show.html.erb within layouts/application (1.0ms)
Completed 200 OK in 28ms (Views: 24.7ms | ActiveRecord: 0.2ms)


Started GET "/mountains.2" for 127.0.0.1 at 2017-11-21 17:07:19 +1100
Processing by MountainsController#index as 
  Rendering mountains/index.html.erb within layouts/application
  [1m[36mMountain Load (0.1ms)[0m  [1m[34mSELECT "mountains".* FROM "mountains"[0m
  Rendered mountains/index.html.erb within layouts/application (8.9ms)
Completed 200 OK in 60ms (Views: 41.0ms | ActiveRecord: 0.8ms)


Started GET "/mountains/1" for 127.0.0.1 at 2017-11-21 17:07:20 +1100
Processing by MountainsController#show as HTML
  Parameters: {"id"=>"1"}
  [1m[36mMountain Load (0.2ms)[0m  [1m[34mSELECT  "mountains".* FROM "mountains" WHERE "mountains"."id" = ? LIMIT ?[0m  [["id", 1], ["LIMIT", 1]]
  Rendering mountains/show.html.erb within layouts/application
  Rendered mountains/show.html.erb within layouts/application (1.4ms)
Completed 200 OK in 22ms (Views: 18.1ms | ActiveRecord: 0.2ms)


Started DELETE "/mountains/1" for 127.0.0.1 at 2017-11-21 17:07:28 +1100
  
AbstractController::ActionNotFound (The action 'destroy' could not be found for MountainsController):
  
actionpack (5.1.4) lib/abstract_controller/base.rb:119:in `process'
actionview (5.1.4) lib/action_view/rendering.rb:30:in `process'
actionpack (5.1.4) lib/action_controller/metal.rb:189:in `dispatch'
actionpack (5.1.4) lib/action_controller/metal.rb:253:in `dispatch'
actionpack (5.1.4) lib/action_dispatch/routing/route_set.rb:49:in `dispatch'
actionpack (5.1.4) lib/action_dispatch/routing/route_set.rb:31:in `serve'
actionpack (5.1.4) lib/action_dispatch/journey/router.rb:50:in `block in serve'
actionpack (5.1.4) lib/action_dispatch/journey/router.rb:33:in `each'
actionpack (5.1.4) lib/action_dispatch/journey/router.rb:33:in `serve'
actionpack (5.1.4) lib/action_dispatch/routing/route_set.rb:834:in `call'
rack (2.0.3) lib/rack/etag.rb:25:in `call'
rack (2.0.3) lib/rack/conditional_get.rb:38:in `call'
rack (2.0.3) lib/rack/head.rb:12:in `call'
rack (2.0.3) lib/rack/session/abstract/id.rb:232:in `context'
rack (2.0.3) lib/rack/session/abstract/id.rb:226:in `call'
actionpack (5.1.4) lib/action_dispatch/middleware/cookies.rb:613:in `call'
activerecord (5.1.4) lib/active_record/migration.rb:556:in `call'
actionpack (5.1.4) lib/action_dispatch/middleware/callbacks.rb:26:in `block in call'
activesupport (5.1.4) lib/active_support/callbacks.rb:97:in `run_callbacks'
actionpack (5.1.4) lib/action_dispatch/middleware/callbacks.rb:24:in `call'
actionpack (5.1.4) lib/action_dispatch/middleware/executor.rb:12:in `call'
actionpack (5.1.4) lib/action_dispatch/middleware/debug_exceptions.rb:59:in `call'
web-console (3.5.1) lib/web_console/middleware.rb:135:in `call_app'
web-console (3.5.1) lib/web_console/middleware.rb:28:in `block in call'
web-console (3.5.1) lib/web_console/middleware.rb:18:in `catch'
web-console (3.5.1) lib/web_console/middleware.rb:18:in `call'
actionpack (5.1.4) lib/action_dispatch/middleware/show_exceptions.rb:31:in `call'
railties (5.1.4) lib/rails/rack/logger.rb:36:in `call_app'
railties (5.1.4) lib/rails/rack/logger.rb:24:in `block in call'
activesupport (5.1.4) lib/active_support/tagged_logging.rb:69:in `block in tagged'
activesupport (5.1.4) lib/active_support/tagged_logging.rb:26:in `tagged'
activesupport (5.1.4) lib/active_support/tagged_logging.rb:69:in `tagged'
railties (5.1.4) lib/rails/rack/logger.rb:24:in `call'
sprockets-rails (3.2.1) lib/sprockets/rails/quiet_assets.rb:13:in `call'
actionpack (5.1.4) lib/action_dispatch/middleware/remote_ip.rb:79:in `call'
actionpack (5.1.4) lib/action_dispatch/middleware/request_id.rb:25:in `call'
rack (2.0.3) lib/rack/method_override.rb:22:in `call'
rack (2.0.3) lib/rack/runtime.rb:22:in `call'
activesupport (5.1.4) lib/active_support/cache/strategy/local_cache_middleware.rb:27:in `call'
actionpack (5.1.4) lib/action_dispatch/middleware/executor.rb:12:in `call'
actionpack (5.1.4) lib/action_dispatch/middleware/static.rb:125:in `call'
rack (2.0.3) lib/rack/sendfile.rb:111:in `call'
railties (5.1.4) lib/rails/engine.rb:522:in `call'
puma (3.11.0) lib/puma/configuration.rb:225:in `call'
puma (3.11.0) lib/puma/server.rb:624:in `handle_request'
puma (3.11.0) lib/puma/server.rb:438:in `process_client'
puma (3.11.0) lib/puma/server.rb:302:in `block in run'
puma (3.11.0) lib/puma/thread_pool.rb:120:in `block in spawn_thread'
Started GET "/mountains/1" for 127.0.0.1 at 2017-11-21 17:09:04 +1100
Processing by MountainsController#show as HTML
  Parameters: {"id"=>"1"}
  [1m[36mMountain Load (0.1ms)[0m  [1m[34mSELECT  "mountains".* FROM "mountains" WHERE "mountains"."id" = ? LIMIT ?[0m  [["id", 1], ["LIMIT", 1]]
  Rendering mountains/show.html.erb within layouts/application
  Rendered mountains/show.html.erb within layouts/application (1.1ms)
Completed 200 OK in 27ms (Views: 16.5ms | ActiveRecord: 0.8ms)


Started DELETE "/mountains/1" for 127.0.0.1 at 2017-11-21 17:09:05 +1100
Processing by MountainsController#destroy as HTML
  Parameters: {"authenticity_token"=>"fFm1gaeug2oZXoM6evtDtcSFs/ddHJF/93EsUuTRby5yQBePhwqEWhRTertwu2wssB9+tIVGqYQ/jfjp8TDzhQ==", "id"=>"1"}
  [1m[36mMountain Load (0.1ms)[0m  [1m[34mSELECT  "mountains".* FROM "mountains" WHERE "mountains"."id" = ? LIMIT ?[0m  [["id", 1], ["LIMIT", 1]]
  [1m[35m (0.1ms)[0m  [1m[36mbegin transaction[0m
  [1m[35mSQL (0.4ms)[0m  [1m[31mDELETE FROM "mountains" WHERE "mountains"."id" = ?[0m  [["id", 1]]
  [1m[35m (6.2ms)[0m  [1m[36mcommit transaction[0m
Redirected to http://localhost:3000/mountains
Completed 302 Found in 9ms (ActiveRecord: 6.8ms)


Started GET "/mountains" for 127.0.0.1 at 2017-11-21 17:09:05 +1100
Processing by MountainsController#index as HTML
  Rendering mountains/index.html.erb within layouts/application
  [1m[36mMountain Load (0.2ms)[0m  [1m[34mSELECT "mountains".* FROM "mountains"[0m
  Rendered mountains/index.html.erb within layouts/application (3.2ms)
Completed 200 OK in 22ms (Views: 18.1ms | ActiveRecord: 0.2ms)


Started GET "/rails/info/routes" for 127.0.0.1 at 2017-11-21 17:16:39 +1100
  
SyntaxError (/Users/samanthacordingley/Projects/WDi24-Homework/samantha_cordingley/week_05/day_02/tallest/config/routes.rb:7: syntax error, unexpected ':', expecting keyword_end
id/edit' => 'mountains#edit' :as => 'mountain_edit'
                              ^):
  
config/routes.rb:7: syntax error, unexpected ':', expecting keyword_end
Started GET "/rails/info/routes" for 127.0.0.1 at 2017-11-21 17:18:58 +1100
Processing by Rails::InfoController#routes as HTML
  Rendering /Users/samanthacordingley/.rvm/gems/ruby-2.4.2/gems/railties-5.1.4/lib/rails/templates/rails/info/routes.html.erb within layouts/application
  Rendered collection of /Users/samanthacordingley/.rvm/gems/ruby-2.4.2/gems/actionpack-5.1.4/lib/action_dispatch/middleware/templates/routes/_route.html.erb [8 times] (2.9ms)
  Rendered /Users/samanthacordingley/.rvm/gems/ruby-2.4.2/gems/actionpack-5.1.4/lib/action_dispatch/middleware/templates/routes/_table.html.erb (1.0ms)
  Rendered /Users/samanthacordingley/.rvm/gems/ruby-2.4.2/gems/railties-5.1.4/lib/rails/templates/rails/info/routes.html.erb within layouts/application (9.3ms)
Completed 200 OK in 20ms (Views: 16.6ms)


Started GET "/mountains/4" for 127.0.0.1 at 2017-11-21 17:19:02 +1100
Processing by MountainsController#show as HTML
  Parameters: {"id"=>"4"}
  [1m[36mMountain Load (0.2ms)[0m  [1m[34mSELECT  "mountains".* FROM "mountains" WHERE "mountains"."id" = ? LIMIT ?[0m  [["id", 4], ["LIMIT", 1]]
  Rendering mountains/show.html.erb within layouts/application
  Rendered mountains/show.html.erb within layouts/application (1.1ms)
Completed 200 OK in 30ms (Views: 16.5ms | ActiveRecord: 1.4ms)


Started GET "/mountains/4/edit" for 127.0.0.1 at 2017-11-21 17:19:04 +1100
Processing by MountainsController#edit as HTML
  Parameters: {"id"=>"4"}
  [1m[36mMountain Load (0.2ms)[0m  [1m[34mSELECT  "mountains".* FROM "mountains" WHERE "mountains"."id" = ? LIMIT ?[0m  [["id", 4], ["LIMIT", 1]]
  Rendering mountains/edit.html.erb within layouts/application
  Rendered mountains/edit.html.erb within layouts/application (0.4ms)
Completed 200 OK in 19ms (Views: 16.2ms | ActiveRecord: 0.2ms)


Started GET "/mountains/4/edit" for 127.0.0.1 at 2017-11-21 17:21:47 +1100
Processing by MountainsController#edit as HTML
  Parameters: {"id"=>"4"}
  [1m[36mMountain Load (0.1ms)[0m  [1m[34mSELECT  "mountains".* FROM "mountains" WHERE "mountains"."id" = ? LIMIT ?[0m  [["id", 4], ["LIMIT", 1]]
  Rendering mountains/edit.html.erb within layouts/application
  Rendered mountains/edit.html.erb within layouts/application (0.9ms)
Completed 200 OK in 23ms (Views: 20.4ms | ActiveRecord: 0.1ms)


Started POST "/mountains/4" for 127.0.0.1 at 2017-11-21 17:21:53 +1100
Processing by MountainsController#update as HTML
  Parameters: {"name"=>"Cho Oyu", "range"=>"TEST", "image"=>"", "country"=>"Nepal", "feet"=>"26906", "id"=>"4"}
  [1m[36mMountain Load (0.1ms)[0m  [1m[34mSELECT  "mountains".* FROM "mountains" WHERE "mountains"."id" = ? LIMIT ?[0m  [["id", 4], ["LIMIT", 1]]
  [1m[35m (0.0ms)[0m  [1m[36mbegin transaction[0m
  [1m[35mSQL (0.4ms)[0m  [1m[33mUPDATE "mountains" SET "range" = ?, "image" = ? WHERE "mountains"."id" = ?[0m  [["range", "TEST"], ["image", ""], ["id", 4]]
  [1m[35m (0.6ms)[0m  [1m[36mcommit transaction[0m
Redirected to http://localhost:3000/mountains.4
Completed 302 Found in 4ms (ActiveRecord: 1.2ms)


Started GET "/mountains.4" for 127.0.0.1 at 2017-11-21 17:21:53 +1100
Processing by MountainsController#index as 
  Rendering mountains/index.html.erb within layouts/application
  [1m[36mMountain Load (0.2ms)[0m  [1m[34mSELECT "mountains".* FROM "mountains"[0m
  Rendered mountains/index.html.erb within layouts/application (2.7ms)
Completed 200 OK in 46ms (Views: 30.2ms | ActiveRecord: 0.2ms)


Started GET "/mountains/4" for 127.0.0.1 at 2017-11-21 17:21:55 +1100
Processing by MountainsController#show as HTML
  Parameters: {"id"=>"4"}
  [1m[36mMountain Load (0.1ms)[0m  [1m[34mSELECT  "mountains".* FROM "mountains" WHERE "mountains"."id" = ? LIMIT ?[0m  [["id", 4], ["LIMIT", 1]]
  Rendering mountains/show.html.erb within layouts/application
  Rendered mountains/show.html.erb within layouts/application (1.1ms)
Completed 200 OK in 21ms (Views: 17.8ms | ActiveRecord: 0.1ms)


Started GET "/mountains/4" for 127.0.0.1 at 2017-11-21 17:22:25 +1100
Processing by MountainsController#show as HTML
  Parameters: {"id"=>"4"}
  [1m[36mMountain Load (0.3ms)[0m  [1m[34mSELECT  "mountains".* FROM "mountains" WHERE "mountains"."id" = ? LIMIT ?[0m  [["id", 4], ["LIMIT", 1]]
  Rendering mountains/show.html.erb within layouts/application
  Rendered mountains/show.html.erb within layouts/application (1.5ms)
Completed 200 OK in 29ms (Views: 17.0ms | ActiveRecord: 1.2ms)


Started GET "/mountains/4/edit" for 127.0.0.1 at 2017-11-21 17:22:27 +1100
Processing by MountainsController#edit as HTML
  Parameters: {"id"=>"4"}
  [1m[36mMountain Load (0.2ms)[0m  [1m[34mSELECT  "mountains".* FROM "mountains" WHERE "mountains"."id" = ? LIMIT ?[0m  [["id", 4], ["LIMIT", 1]]
  Rendering mountains/edit.html.erb within layouts/application
  Rendered mountains/edit.html.erb within layouts/application (0.9ms)
Completed 200 OK in 20ms (Views: 16.2ms | ActiveRecord: 0.2ms)


Started POST "/mountains/4" for 127.0.0.1 at 2017-11-21 17:22:31 +1100
Processing by MountainsController#update as HTML
  Parameters: {"name"=>"Cho Oyu", "range"=>"TTEST", "image"=>"", "country"=>"Nepal", "feet"=>"26906", "id"=>"4"}
  [1m[36mMountain Load (0.1ms)[0m  [1m[34mSELECT  "mountains".* FROM "mountains" WHERE "mountains"."id" = ? LIMIT ?[0m  [["id", 4], ["LIMIT", 1]]
  [1m[35m (0.1ms)[0m  [1m[36mbegin transaction[0m
  [1m[35mSQL (0.6ms)[0m  [1m[33mUPDATE "mountains" SET "range" = ? WHERE "mountains"."id" = ?[0m  [["range", "TTEST"], ["id", 4]]
  [1m[35m (0.8ms)[0m  [1m[36mcommit transaction[0m
Redirected to http://localhost:3000/mountains.4
Completed 302 Found in 5ms (ActiveRecord: 1.6ms)


Started GET "/mountains.4" for 127.0.0.1 at 2017-11-21 17:22:31 +1100
Processing by MountainsController#index as 
  Rendering mountains/index.html.erb within layouts/application
  [1m[36mMountain Load (0.2ms)[0m  [1m[34mSELECT "mountains".* FROM "mountains"[0m
  Rendered mountains/index.html.erb within layouts/application (6.2ms)
Completed 200 OK in 53ms (Views: 35.0ms | ActiveRecord: 0.2ms)


Started GET "/mountains.4" for 127.0.0.1 at 2017-11-21 17:22:40 +1100
Processing by MountainsController#index as 
  Rendering mountains/index.html.erb within layouts/application
  [1m[36mMountain Load (0.1ms)[0m  [1m[34mSELECT "mountains".* FROM "mountains"[0m
  Rendered mountains/index.html.erb within layouts/application (8.6ms)
Completed 200 OK in 61ms (Views: 40.4ms | ActiveRecord: 0.8ms)


Started GET "/mountains/3" for 127.0.0.1 at 2017-11-21 17:22:42 +1100
Processing by MountainsController#show as HTML
  Parameters: {"id"=>"3"}
  [1m[36mMountain Load (0.2ms)[0m  [1m[34mSELECT  "mountains".* FROM "mountains" WHERE "mountains"."id" = ? LIMIT ?[0m  [["id", 3], ["LIMIT", 1]]
  Rendering mountains/show.html.erb within layouts/application
  Rendered mountains/show.html.erb within layouts/application (1.2ms)
Completed 200 OK in 22ms (Views: 18.5ms | ActiveRecord: 0.2ms)


Started GET "/mountains/3/edit" for 127.0.0.1 at 2017-11-21 17:22:43 +1100
Processing by MountainsController#edit as HTML
  Parameters: {"id"=>"3"}
  [1m[36mMountain Load (0.2ms)[0m  [1m[34mSELECT  "mountains".* FROM "mountains" WHERE "mountains"."id" = ? LIMIT ?[0m  [["id", 3], ["LIMIT", 1]]
  Rendering mountains/edit.html.erb within layouts/application
  Rendered mountains/edit.html.erb within layouts/application (1.0ms)
Completed 200 OK in 29ms (Views: 26.2ms | ActiveRecord: 0.2ms)


Started POST "/mountains/3" for 127.0.0.1 at 2017-11-21 17:22:48 +1100
Processing by MountainsController#update as HTML
  Parameters: {"name"=>"Makalu", "range"=>"TEST", "image"=>"", "country"=>"Nepal", "feet"=>"27766", "id"=>"3"}
  [1m[36mMountain Load (0.1ms)[0m  [1m[34mSELECT  "mountains".* FROM "mountains" WHERE "mountains"."id" = ? LIMIT ?[0m  [["id", 3], ["LIMIT", 1]]
  [1m[35m (0.1ms)[0m  [1m[36mbegin transaction[0m
  [1m[35mSQL (0.3ms)[0m  [1m[33mUPDATE "mountains" SET "range" = ?, "image" = ? WHERE "mountains"."id" = ?[0m  [["range", "TEST"], ["image", ""], ["id", 3]]
  [1m[35m (0.8ms)[0m  [1m[36mcommit transaction[0m
Redirected to http://localhost:3000/mountains/3
Completed 302 Found in 4ms (ActiveRecord: 1.3ms)


Started GET "/mountains/3" for 127.0.0.1 at 2017-11-21 17:22:48 +1100
Processing by MountainsController#show as HTML
  Parameters: {"id"=>"3"}
  [1m[36mMountain Load (0.1ms)[0m  [1m[34mSELECT  "mountains".* FROM "mountains" WHERE "mountains"."id" = ? LIMIT ?[0m  [["id", 3], ["LIMIT", 1]]
  Rendering mountains/show.html.erb within layouts/application
  Rendered mountains/show.html.erb within layouts/application (0.9ms)
Completed 200 OK in 16ms (Views: 13.9ms | ActiveRecord: 0.1ms)


