  [1m[35m (0.1ms)[0m  [1m[34mSELECT sqlite_version(*)[0m
  [1m[35m (1.5ms)[0m  [1m[35mCREATE TABLE "schema_migrations" ("version" varchar NOT NULL PRIMARY KEY)[0m
  [1m[35m (1.0ms)[0m  [1m[35mCREATE TABLE "ar_internal_metadata" ("key" varchar NOT NULL PRIMARY KEY, "value" varchar, "created_at" datetime NOT NULL, "updated_at" datetime NOT NULL)[0m
  [1m[35m (0.1ms)[0m  [1m[34mSELECT "schema_migrations"."version" FROM "schema_migrations" ORDER BY "schema_migrations"."version" ASC[0m
Migrating to CreateDirectors (20171122210506)
  [1m[35m (0.0ms)[0m  [1m[36mbegin transaction[0m
  [1m[35m (0.5ms)[0m  [1m[35mCREATE TABLE "directors" ("id" INTEGER PRIMARY KEY AUTOINCREMENT NOT NULL, "name" text, "nationality" text, "image" text, "created_at" datetime NOT NULL, "updated_at" datetime NOT NULL)[0m
  [1m[35mSQL (0.2ms)[0m  [1m[32mINSERT INTO "schema_migrations" ("version") VALUES (?)[0m  [["version", "20171122210506"]]
  [1m[35m (0.9ms)[0m  [1m[36mcommit transaction[0m
  [1m[36mActiveRecord::InternalMetadata Load (0.2ms)[0m  [1m[34mSELECT  "ar_internal_metadata".* FROM "ar_internal_metadata" WHERE "ar_internal_metadata"."key" = ? LIMIT ?[0m  [["key", "environment"], ["LIMIT", 1]]
  [1m[35m (0.1ms)[0m  [1m[36mbegin transaction[0m
  [1m[35mSQL (0.4ms)[0m  [1m[32mINSERT INTO "ar_internal_metadata" ("key", "value", "created_at", "updated_at") VALUES (?, ?, ?, ?)[0m  [["key", "environment"], ["value", "development"], ["created_at", "2017-11-22 21:15:35.621625"], ["updated_at", "2017-11-22 21:15:35.621625"]]
  [1m[35m (1.7ms)[0m  [1m[36mcommit transaction[0m
  [1m[35m (0.1ms)[0m  [1m[34mSELECT "schema_migrations"."version" FROM "schema_migrations" ORDER BY "schema_migrations"."version" ASC[0m
  [1m[35m (0.1ms)[0m  [1m[34mSELECT "schema_migrations"."version" FROM "schema_migrations" ORDER BY "schema_migrations"."version" ASC[0m
  [1m[35m (0.8ms)[0m  [1m[34mSELECT "schema_migrations"."version" FROM "schema_migrations" ORDER BY "schema_migrations"."version" ASC[0m
  [1m[36mDirector Load (0.5ms)[0m  [1m[34mSELECT "directors".* FROM "directors"[0m
  [1m[35m (0.1ms)[0m  [1m[36mbegin transaction[0m
  [1m[35mSQL (0.7ms)[0m  [1m[32mINSERT INTO "directors" ("name", "nationality", "image", "created_at", "updated_at") VALUES (?, ?, ?, ?, ?)[0m  [["name", "Yorgos Lanthimos"], ["nationality", "Greek"], ["image", "https://i.kinja-img.com/gawker-media/image/upload/s--2JCY3Shq--/c_scale,fl_progressive,q_80,w_800/kiofe31xbdwzwutanqoc.jpg"], ["created_at", "2017-11-22 21:19:42.784158"], ["updated_at", "2017-11-22 21:19:42.784158"]]
  [1m[35m (1.0ms)[0m  [1m[36mcommit transaction[0m
  [1m[35m (0.9ms)[0m  [1m[34mSELECT "schema_migrations"."version" FROM "schema_migrations" ORDER BY "schema_migrations"."version" ASC[0m
  [1m[36mDirector Load (0.5ms)[0m  [1m[34mSELECT "directors".* FROM "directors"[0m
  [1m[35m (0.1ms)[0m  [1m[36mbegin transaction[0m
  [1m[35mSQL (0.4ms)[0m  [1m[31mDELETE FROM "directors" WHERE "directors"."id" = ?[0m  [["id", 1]]
  [1m[35m (1.2ms)[0m  [1m[36mcommit transaction[0m
  [1m[35m (0.0ms)[0m  [1m[36mbegin transaction[0m
  [1m[35mSQL (0.7ms)[0m  [1m[32mINSERT INTO "directors" ("name", "nationality", "image", "created_at", "updated_at") VALUES (?, ?, ?, ?, ?)[0m  [["name", "Yorgos Lanthimos"], ["nationality", "Greek"], ["image", "https://i.kinja-img.com/gawker-media/image/upload/s--2JCY3Shq--/c_scale,fl_progressive,q_80,w_800/kiofe31xbdwzwutanqoc.jpg"], ["created_at", "2017-11-22 21:20:55.901811"], ["updated_at", "2017-11-22 21:20:55.901811"]]
  [1m[35m (1.0ms)[0m  [1m[36mcommit transaction[0m
  [1m[36mFilm Load (0.3ms)[0m  [1m[34mSELECT "films".* FROM "films"[0m
  [1m[35m (0.7ms)[0m  [1m[34mSELECT "schema_migrations"."version" FROM "schema_migrations" ORDER BY "schema_migrations"."version" ASC[0m
Migrating to CreateFilms (20171122212428)
  [1m[35m (0.1ms)[0m  [1m[36mbegin transaction[0m
  [1m[35m (0.1ms)[0m  [1m[34mSELECT sqlite_version(*)[0m
  [1m[35m (0.4ms)[0m  [1m[35mCREATE TABLE "films" ("id" INTEGER PRIMARY KEY AUTOINCREMENT NOT NULL)[0m
  [1m[35mSQL (0.5ms)[0m  [1m[32mINSERT INTO "schema_migrations" ("version") VALUES (?)[0m  [["version", "20171122212428"]]
  [1m[35m (1.0ms)[0m  [1m[36mcommit transaction[0m
  [1m[36mActiveRecord::InternalMetadata Load (0.6ms)[0m  [1m[34mSELECT  "ar_internal_metadata".* FROM "ar_internal_metadata" WHERE "ar_internal_metadata"."key" = ? LIMIT ?[0m  [["key", "environment"], ["LIMIT", 1]]
  [1m[35m (0.1ms)[0m  [1m[36mbegin transaction[0m
  [1m[35m (0.1ms)[0m  [1m[36mcommit transaction[0m
  [1m[35m (1.7ms)[0m  [1m[34mSELECT "schema_migrations"."version" FROM "schema_migrations" ORDER BY "schema_migrations"."version" ASC[0m
  [1m[35m (0.2ms)[0m  [1m[34mSELECT "schema_migrations"."version" FROM "schema_migrations" ORDER BY "schema_migrations"."version" ASC[0m
  [1m[36mDirector Load (0.5ms)[0m  [1m[34mSELECT "directors".* FROM "directors"[0m
  [1m[35m (0.1ms)[0m  [1m[36mbegin transaction[0m
  [1m[35mSQL (0.4ms)[0m  [1m[31mDELETE FROM "directors" WHERE "directors"."id" = ?[0m  [["id", 2]]
  [1m[35m (1.1ms)[0m  [1m[36mcommit transaction[0m
  [1m[35m (0.1ms)[0m  [1m[36mbegin transaction[0m
  [1m[35mSQL (0.8ms)[0m  [1m[32mINSERT INTO "directors" ("name", "nationality", "image", "created_at", "updated_at") VALUES (?, ?, ?, ?, ?)[0m  [["name", "Yorgos Lanthimos"], ["nationality", "Greek"], ["image", "https://i.kinja-img.com/gawker-media/image/upload/s--2JCY3Shq--/c_scale,fl_progressive,q_80,w_800/kiofe31xbdwzwutanqoc.jpg"], ["created_at", "2017-11-22 21:24:56.779913"], ["updated_at", "2017-11-22 21:24:56.779913"]]
  [1m[35m (1.0ms)[0m  [1m[36mcommit transaction[0m
  [1m[36mFilm Load (5.2ms)[0m  [1m[34mSELECT "films".* FROM "films"[0m
  [1m[35m (0.7ms)[0m  [1m[34mSELECT "schema_migrations"."version" FROM "schema_migrations" ORDER BY "schema_migrations"."version" ASC[0m
  [1m[36mDirector Load (0.4ms)[0m  [1m[34mSELECT "directors".* FROM "directors"[0m
  [1m[35m (0.0ms)[0m  [1m[36mbegin transaction[0m
  [1m[35mSQL (0.3ms)[0m  [1m[31mDELETE FROM "directors" WHERE "directors"."id" = ?[0m  [["id", 3]]
  [1m[35m (0.9ms)[0m  [1m[36mcommit transaction[0m
  [1m[35m (0.0ms)[0m  [1m[36mbegin transaction[0m
  [1m[35mSQL (0.6ms)[0m  [1m[32mINSERT INTO "directors" ("name", "nationality", "image", "created_at", "updated_at") VALUES (?, ?, ?, ?, ?)[0m  [["name", "Yorgos Lanthimos"], ["nationality", "Greek"], ["image", "https://i.kinja-img.com/gawker-media/image/upload/s--2JCY3Shq--/c_scale,fl_progressive,q_80,w_800/kiofe31xbdwzwutanqoc.jpg"], ["created_at", "2017-11-22 21:25:48.147060"], ["updated_at", "2017-11-22 21:25:48.147060"]]
  [1m[35m (0.9ms)[0m  [1m[36mcommit transaction[0m
  [1m[36mFilm Load (0.2ms)[0m  [1m[34mSELECT "films".* FROM "films"[0m
  [1m[35m (0.5ms)[0m  [1m[34mSELECT "schema_migrations"."version" FROM "schema_migrations" ORDER BY "schema_migrations"."version" ASC[0m
  [1m[35m (0.1ms)[0m  [1m[34mSELECT "schema_migrations"."version" FROM "schema_migrations" ORDER BY "schema_migrations"."version" ASC[0m
Migrating to CreateFilms (20171122212428)
  [1m[35m (0.1ms)[0m  [1m[36mbegin transaction[0m
  [1m[35m (1.0ms)[0m  [1m[35mDROP TABLE "films"[0m
  [1m[35mSQL (0.5ms)[0m  [1m[31mDELETE FROM "schema_migrations" WHERE "schema_migrations"."version" = ?[0m  [["version", "20171122212428"]]
  [1m[35m (1.0ms)[0m  [1m[36mcommit transaction[0m
  [1m[35m (0.2ms)[0m  [1m[34mSELECT "schema_migrations"."version" FROM "schema_migrations" ORDER BY "schema_migrations"."version" ASC[0m
  [1m[35m (0.1ms)[0m  [1m[34mSELECT "schema_migrations"."version" FROM "schema_migrations" ORDER BY "schema_migrations"."version" ASC[0m
Migrating to CreateFilms (20171122212428)
  [1m[35m (0.0ms)[0m  [1m[36mbegin transaction[0m
  [1m[35m (0.1ms)[0m  [1m[34mSELECT sqlite_version(*)[0m
  [1m[35m (0.4ms)[0m  [1m[35mCREATE TABLE "films" ("id" INTEGER PRIMARY KEY AUTOINCREMENT NOT NULL, "title" text, "year" text, "image" text, "created_at" datetime NOT NULL, "updated_at" datetime NOT NULL)[0m
  [1m[35mSQL (0.2ms)[0m  [1m[32mINSERT INTO "schema_migrations" ("version") VALUES (?)[0m  [["version", "20171122212428"]]
  [1m[35m (2.2ms)[0m  [1m[36mcommit transaction[0m
  [1m[36mActiveRecord::InternalMetadata Load (0.9ms)[0m  [1m[34mSELECT  "ar_internal_metadata".* FROM "ar_internal_metadata" WHERE "ar_internal_metadata"."key" = ? LIMIT ?[0m  [["key", "environment"], ["LIMIT", 1]]
  [1m[35m (0.1ms)[0m  [1m[36mbegin transaction[0m
  [1m[35m (0.0ms)[0m  [1m[36mcommit transaction[0m
  [1m[35m (0.3ms)[0m  [1m[34mSELECT "schema_migrations"."version" FROM "schema_migrations" ORDER BY "schema_migrations"."version" ASC[0m
  [1m[35m (0.1ms)[0m  [1m[34mSELECT "schema_migrations"."version" FROM "schema_migrations" ORDER BY "schema_migrations"."version" ASC[0m
  [1m[36mDirector Load (0.7ms)[0m  [1m[34mSELECT "directors".* FROM "directors"[0m
  [1m[35m (0.1ms)[0m  [1m[36mbegin transaction[0m
  [1m[35mSQL (0.5ms)[0m  [1m[31mDELETE FROM "directors" WHERE "directors"."id" = ?[0m  [["id", 4]]
  [1m[35m (1.0ms)[0m  [1m[36mcommit transaction[0m
  [1m[35m (0.0ms)[0m  [1m[36mbegin transaction[0m
  [1m[35mSQL (0.6ms)[0m  [1m[32mINSERT INTO "directors" ("name", "nationality", "image", "created_at", "updated_at") VALUES (?, ?, ?, ?, ?)[0m  [["name", "Yorgos Lanthimos"], ["nationality", "Greek"], ["image", "https://i.kinja-img.com/gawker-media/image/upload/s--2JCY3Shq--/c_scale,fl_progressive,q_80,w_800/kiofe31xbdwzwutanqoc.jpg"], ["created_at", "2017-11-22 21:26:56.485990"], ["updated_at", "2017-11-22 21:26:56.485990"]]
  [1m[35m (0.7ms)[0m  [1m[36mcommit transaction[0m
  [1m[36mFilm Load (0.2ms)[0m  [1m[34mSELECT "films".* FROM "films"[0m
  [1m[35m (0.1ms)[0m  [1m[36mbegin transaction[0m
  [1m[35mSQL (0.3ms)[0m  [1m[32mINSERT INTO "films" ("title", "year", "image", "created_at", "updated_at") VALUES (?, ?, ?, ?, ?)[0m  [["title", "The Lobster"], ["year", "2015"], ["image", "https://photos.vanityfair.com/2015/05/15/5555fc9e1aaec7043ea4aa08_cannes-film-festival-2015-the-lobster-colin-farrell.jpg"], ["created_at", "2017-11-22 21:26:56.495437"], ["updated_at", "2017-11-22 21:26:56.495437"]]
  [1m[35m (1.0ms)[0m  [1m[36mcommit transaction[0m
  [1m[35m (0.1ms)[0m  [1m[34mSELECT "schema_migrations"."version" FROM "schema_migrations" ORDER BY "schema_migrations"."version" ASC[0m
  [1m[35m (0.1ms)[0m  [1m[34mSELECT "schema_migrations"."version" FROM "schema_migrations" ORDER BY "schema_migrations"."version" ASC[0m
  [1m[36mFilm Load (0.9ms)[0m  [1m[34mSELECT "films".* FROM "films"[0m
  [1m[36mDirector Load (0.2ms)[0m  [1m[34mSELECT "directors".* FROM "directors"[0m
Started GET "/" for 127.0.0.1 at 2017-11-23 08:37:57 +1100
  [1m[35m (0.5ms)[0m  [1m[34mSELECT "schema_migrations"."version" FROM "schema_migrations" ORDER BY "schema_migrations"."version" ASC[0m
Processing by FilmsController#index as HTML
  Rendering films/index.html.erb within layouts/application
  Rendered films/index.html.erb within layouts/application (1.6ms)
Completed 200 OK in 648ms (Views: 637.8ms | ActiveRecord: 0.0ms)


Started GET "/directors" for 127.0.0.1 at 2017-11-23 08:38:10 +1100
Processing by DirectorsController#index as HTML
  Rendering directors/index.html.erb within layouts/application
  [1m[36mDirector Load (0.6ms)[0m  [1m[34mSELECT "directors".* FROM "directors"[0m
  Rendered directors/index.html.erb within layouts/application (13.3ms)
Completed 200 OK in 45ms (Views: 38.0ms | ActiveRecord: 1.6ms)


Started GET "/director" for 127.0.0.1 at 2017-11-23 08:38:14 +1100
  
ActionController::RoutingError (No route matches [GET] "/director"):
  
actionpack (5.1.4) lib/action_dispatch/middleware/debug_exceptions.rb:63:in `call'
web-console (3.5.1) lib/web_console/middleware.rb:135:in `call_app'
web-console (3.5.1) lib/web_console/middleware.rb:28:in `block in call'
web-console (3.5.1) lib/web_console/middleware.rb:18:in `catch'
web-console (3.5.1) lib/web_console/middleware.rb:18:in `call'
actionpack (5.1.4) lib/action_dispatch/middleware/show_exceptions.rb:31:in `call'
railties (5.1.4) lib/rails/rack/logger.rb:36:in `call_app'
railties (5.1.4) lib/rails/rack/logger.rb:24:in `block in call'
activesupport (5.1.4) lib/active_support/tagged_logging.rb:69:in `block in tagged'
activesupport (5.1.4) lib/active_support/tagged_logging.rb:26:in `tagged'
activesupport (5.1.4) lib/active_support/tagged_logging.rb:69:in `tagged'
railties (5.1.4) lib/rails/rack/logger.rb:24:in `call'
sprockets-rails (3.2.1) lib/sprockets/rails/quiet_assets.rb:13:in `call'
actionpack (5.1.4) lib/action_dispatch/middleware/remote_ip.rb:79:in `call'
actionpack (5.1.4) lib/action_dispatch/middleware/request_id.rb:25:in `call'
rack (2.0.3) lib/rack/method_override.rb:22:in `call'
rack (2.0.3) lib/rack/runtime.rb:22:in `call'
activesupport (5.1.4) lib/active_support/cache/strategy/local_cache_middleware.rb:27:in `call'
actionpack (5.1.4) lib/action_dispatch/middleware/executor.rb:12:in `call'
actionpack (5.1.4) lib/action_dispatch/middleware/static.rb:125:in `call'
rack (2.0.3) lib/rack/sendfile.rb:111:in `call'
railties (5.1.4) lib/rails/engine.rb:522:in `call'
puma (3.11.0) lib/puma/configuration.rb:225:in `call'
puma (3.11.0) lib/puma/server.rb:624:in `handle_request'
puma (3.11.0) lib/puma/server.rb:438:in `process_client'
puma (3.11.0) lib/puma/server.rb:302:in `block in run'
puma (3.11.0) lib/puma/thread_pool.rb:120:in `block in spawn_thread'
Started GET "/directors" for 127.0.0.1 at 2017-11-23 08:38:31 +1100
Processing by DirectorsController#index as HTML
  Rendering directors/index.html.erb within layouts/application
  [1m[36mDirector Load (0.2ms)[0m  [1m[34mSELECT "directors".* FROM "directors"[0m
  Rendered directors/index.html.erb within layouts/application (1.2ms)
Completed 200 OK in 32ms (Views: 29.9ms | ActiveRecord: 0.2ms)


Started GET "/directors/5" for 127.0.0.1 at 2017-11-23 08:38:34 +1100
Processing by DirectorsController#show as HTML
  Parameters: {"id"=>"5"}
  Rendering directors/show.html.erb within layouts/application
  Rendered directors/show.html.erb within layouts/application (0.4ms)
Completed 200 OK in 36ms (Views: 31.1ms | ActiveRecord: 0.0ms)


Started GET "/directors/5" for 127.0.0.1 at 2017-11-23 08:40:50 +1100
Processing by DirectorsController#show as HTML
  Parameters: {"id"=>"5"}
  Rendering directors/show.html.erb within layouts/application
  Rendered directors/show.html.erb within layouts/application (11.7ms)
Completed 500 Internal Server Error in 21ms (ActiveRecord: 0.0ms)


  
ActionView::Template::Error (undefined method `name' for nil:NilClass):
    1: <h1> <%= @director.name %></h1>
    2: 
    3: <%= image.tag(@director.image, :class => 'feature') %>
  
app/views/directors/show.html.erb:1:in `_app_views_directors_show_html_erb___1881745966815317266_70148936079280'
Started GET "/directors/5" for 127.0.0.1 at 2017-11-23 08:40:52 +1100
Processing by DirectorsController#show as HTML
  Parameters: {"id"=>"5"}
  Rendering directors/show.html.erb within layouts/application
  Rendered directors/show.html.erb within layouts/application (3.6ms)
Completed 500 Internal Server Error in 18ms (ActiveRecord: 0.0ms)


  
ActionView::Template::Error (undefined method `name' for nil:NilClass):
    1: <h1> <%= @director.name %></h1>
    2: 
    3: <%= image.tag(@director.image, :class => 'feature') %>
  
app/views/directors/show.html.erb:1:in `_app_views_directors_show_html_erb___1881745966815317266_70148973577900'
Started GET "/directors/5" for 127.0.0.1 at 2017-11-23 08:42:28 +1100
Processing by DirectorsController#show as HTML
Started GET "/directors" for 127.0.0.1 at 2017-11-23 08:42:38 +1100
  Parameters: {"id"=>"5"}
  [1m[36mDirector Load (0.8ms)[0m  [1m[34mSELECT  "directors".* FROM "directors" WHERE "directors"."id" = ? LIMIT ?[0m  [["id", 5], ["LIMIT", 1]]
  Rendering directors/show.html.erb within layouts/application
  Rendered directors/show.html.erb within layouts/application (214.5ms)
Completed 500 Internal Server Error in 264ms (ActiveRecord: 1.4ms)


  
ActionView::Template::Error (undefined local variable or method `image' for #<#<Class:0x00007f99a4722438>:0x00007f99a4719e28>
Did you mean?  image_url):
    1: <h1> <%= @director.name %> </h1>
    2: 
    3: <%= image.tag(@director.image, :class => 'feature') %>
    4: 
    5: <ul>
    6:   <li><%= @director.nationality %></li>
  
app/views/directors/show.html.erb:3:in `_app_views_directors_show_html_erb___1881745966815317266_70148932836460'
Processing by DirectorsController#index as HTML
  Rendering directors/index.html.erb within layouts/application
  [1m[36mDirector Load (0.2ms)[0m  [1m[34mSELECT "directors".* FROM "directors"[0m
  Rendered directors/index.html.erb within layouts/application (6.9ms)
Completed 200 OK in 38ms (Views: 34.8ms | ActiveRecord: 0.7ms)


Started GET "/directors/5" for 127.0.0.1 at 2017-11-23 08:42:40 +1100
Processing by DirectorsController#show as HTML
  Parameters: {"id"=>"5"}
  [1m[36mDirector Load (0.9ms)[0m  [1m[34mSELECT  "directors".* FROM "directors" WHERE "directors"."id" = ? LIMIT ?[0m  [["id", 5], ["LIMIT", 1]]
  Rendering directors/show.html.erb within layouts/application
  Rendered directors/show.html.erb within layouts/application (168.4ms)
Completed 500 Internal Server Error in 185ms (ActiveRecord: 0.9ms)


  
ActionView::Template::Error (undefined local variable or method `image' for #<#<Class:0x00007f99a945cb18>:0x00007f99a99ddd80>
Did you mean?  image_url):
    1: <h1> <%= @director.name %> </h1>
    2: 
    3: <%= image.tag(@director.image, :class => 'feature') %>
    4: 
    5: <ul>
    6:   <li><%= @director.nationality %></li>
  
app/views/directors/show.html.erb:3:in `_app_views_directors_show_html_erb___1881745966815317266_70148976210860'
Started GET "/directors/5" for 127.0.0.1 at 2017-11-23 08:43:02 +1100
Processing by DirectorsController#show as HTML
  Parameters: {"id"=>"5"}
  [1m[36mDirector Load (0.2ms)[0m  [1m[34mSELECT  "directors".* FROM "directors" WHERE "directors"."id" = ? LIMIT ?[0m  [["id", 5], ["LIMIT", 1]]
  Rendering directors/show.html.erb within layouts/application
  Rendered directors/show.html.erb within layouts/application (0.5ms)
Completed 200 OK in 24ms (Views: 20.3ms | ActiveRecord: 0.2ms)


Started GET "/directors" for 127.0.0.1 at 2017-11-23 08:43:04 +1100
Processing by DirectorsController#index as HTML
  Rendering directors/index.html.erb within layouts/application
  [1m[36mDirector Load (0.1ms)[0m  [1m[34mSELECT "directors".* FROM "directors"[0m
  Rendered directors/index.html.erb within layouts/application (1.1ms)
Completed 200 OK in 21ms (Views: 18.8ms | ActiveRecord: 0.1ms)


Started GET "/" for 127.0.0.1 at 2017-11-23 09:07:01 +1100
  [1m[35m (0.6ms)[0m  [1m[34mSELECT "schema_migrations"."version" FROM "schema_migrations" ORDER BY "schema_migrations"."version" ASC[0m
Processing by FilmsController#index as HTML
  Rendering films/index.html.erb within layouts/application
  Rendered films/index.html.erb within layouts/application (1.2ms)
Completed 200 OK in 276ms (Views: 265.3ms | ActiveRecord: 0.0ms)


Started GET "/directors/new" for 127.0.0.1 at 2017-11-23 09:11:10 +1100
Processing by DirectorsController#new as HTML
  Rendering directors/new.html.erb within layouts/application
  Rendered directors/_form.html.erb (59.1ms)
  Rendered directors/new.html.erb within layouts/application (63.0ms)
Completed 200 OK in 111ms (Views: 91.6ms | ActiveRecord: 2.6ms)


Started POST "/directors" for 127.0.0.1 at 2017-11-23 09:14:07 +1100
Processing by DirectorsController#create as HTML
  Parameters: {"utf8"=>"✓", "authenticity_token"=>"ACxSBJMbX/snzSjqXvxRuu2FRIm5RfhOeqVTV5cyYOiBr4LgguHJZUIMO3eklfm/6ySRfLRHJVYuvIo0CUqiFw==", "director"=>{"name"=>"takeshi kitano", "nationality"=>"japanese", "image"=>""}, "commit"=>"Create Director"}
Completed 500 Internal Server Error in 149ms


  
NameError (undefined local variable or method `director_params' for #<DirectorsController:0x00007ff952f73f70>
Did you mean?  director_path):
  
app/controllers/directors_controller.rb:11:in `create'
Started POST "/directors" for 127.0.0.1 at 2017-11-23 09:15:55 +1100
Processing by DirectorsController#create as HTML
  Parameters: {"utf8"=>"✓", "authenticity_token"=>"ACxSBJMbX/snzSjqXvxRuu2FRIm5RfhOeqVTV5cyYOiBr4LgguHJZUIMO3eklfm/6ySRfLRHJVYuvIo0CUqiFw==", "director"=>{"name"=>"takeshi kitano", "nationality"=>"japanese", "image"=>""}, "commit"=>"Create Director"}
  [1m[35m (0.1ms)[0m  [1m[36mbegin transaction[0m
  [1m[35mSQL (1.6ms)[0m  [1m[32mINSERT INTO "directors" ("name", "nationality", "image", "created_at", "updated_at") VALUES (?, ?, ?, ?, ?)[0m  [["name", "takeshi kitano"], ["nationality", "japanese"], ["image", ""], ["created_at", "2017-11-22 22:15:56.071553"], ["updated_at", "2017-11-22 22:15:56.071553"]]
  [1m[35m (1.9ms)[0m  [1m[36mcommit transaction[0m
Redirected to http://localhost:3000/directors/6
Completed 302 Found in 40ms (ActiveRecord: 5.7ms)


Started GET "/directors/6" for 127.0.0.1 at 2017-11-23 09:15:56 +1100
Processing by DirectorsController#show as HTML
  Parameters: {"id"=>"6"}
  [1m[36mDirector Load (0.3ms)[0m  [1m[34mSELECT  "directors".* FROM "directors" WHERE "directors"."id" = ? LIMIT ?[0m  [["id", 6], ["LIMIT", 1]]
  Rendering directors/show.html.erb within layouts/application
  Rendered directors/show.html.erb within layouts/application (2.2ms)
Completed 200 OK in 131ms (Views: 93.7ms | ActiveRecord: 0.3ms)


Started GET "/directors/" for 127.0.0.1 at 2017-11-23 09:15:59 +1100
Processing by DirectorsController#index as HTML
  Rendering directors/index.html.erb within layouts/application
  [1m[36mDirector Load (0.2ms)[0m  [1m[34mSELECT "directors".* FROM "directors"[0m
  Rendered directors/index.html.erb within layouts/application (1.7ms)
Completed 200 OK in 32ms (Views: 29.4ms | ActiveRecord: 0.2ms)


Started GET "/directors/6" for 127.0.0.1 at 2017-11-23 09:16:02 +1100
Processing by DirectorsController#show as HTML
  Parameters: {"id"=>"6"}
  [1m[36mDirector Load (0.4ms)[0m  [1m[34mSELECT  "directors".* FROM "directors" WHERE "directors"."id" = ? LIMIT ?[0m  [["id", 6], ["LIMIT", 1]]
  Rendering directors/show.html.erb within layouts/application
  Rendered directors/show.html.erb within layouts/application (0.5ms)
Completed 200 OK in 36ms (Views: 31.6ms | ActiveRecord: 0.4ms)


Started GET "/directors/5" for 127.0.0.1 at 2017-11-23 09:20:55 +1100
Processing by DirectorsController#show as HTML
  Parameters: {"id"=>"5"}
  [1m[36mDirector Load (0.1ms)[0m  [1m[34mSELECT  "directors".* FROM "directors" WHERE "directors"."id" = ? LIMIT ?[0m  [["id", 5], ["LIMIT", 1]]
  Rendering directors/show.html.erb within layouts/application
  Rendered directors/show.html.erb within layouts/application (1.0ms)
Completed 200 OK in 48ms (Views: 32.9ms | ActiveRecord: 0.9ms)


Started GET "/directors/6" for 127.0.0.1 at 2017-11-23 09:21:04 +1100
Processing by DirectorsController#show as HTML
  Parameters: {"id"=>"6"}
  [1m[36mDirector Load (0.2ms)[0m  [1m[34mSELECT  "directors".* FROM "directors" WHERE "directors"."id" = ? LIMIT ?[0m  [["id", 6], ["LIMIT", 1]]
  Rendering directors/show.html.erb within layouts/application
  Rendered directors/show.html.erb within layouts/application (0.8ms)
Completed 200 OK in 31ms (Views: 23.1ms | ActiveRecord: 0.2ms)


Started DELETE "/directors/6" for 127.0.0.1 at 2017-11-23 09:21:06 +1100
Processing by DirectorsController#destroy as HTML
  Parameters: {"authenticity_token"=>"dY2NfhWBFLd2CnNx4MgtHU1Djb1ejmaJB17W/z6NQRP0Dl2aBHuCKRPLYOwaoYUYS+JYSFOMu5FTRw+coPWD7A==", "id"=>"6"}
  [1m[36mDirector Load (0.2ms)[0m  [1m[34mSELECT  "directors".* FROM "directors" WHERE "directors"."id" = ? LIMIT ?[0m  [["id", 6], ["LIMIT", 1]]
  [1m[35m (0.1ms)[0m  [1m[36mbegin transaction[0m
  [1m[35mSQL (4.3ms)[0m  [1m[31mDELETE FROM "directors" WHERE "directors"."id" = ?[0m  [["id", 6]]
  [1m[35m (1.2ms)[0m  [1m[36mcommit transaction[0m
Redirected to http://localhost:3000/directors
Completed 302 Found in 11ms (ActiveRecord: 5.8ms)


Started GET "/directors" for 127.0.0.1 at 2017-11-23 09:21:06 +1100
Processing by DirectorsController#index as HTML
  Rendering directors/index.html.erb within layouts/application
  [1m[36mDirector Load (0.2ms)[0m  [1m[34mSELECT "directors".* FROM "directors"[0m
  Rendered directors/index.html.erb within layouts/application (2.3ms)
Completed 200 OK in 31ms (Views: 26.3ms | ActiveRecord: 0.2ms)


Started GET "/directors/new" for 127.0.0.1 at 2017-11-23 09:24:09 +1100
Processing by DirectorsController#new as HTML
  Rendering directors/new.html.erb within layouts/application
  Rendered directors/_form.html.erb (3.2ms)
  Rendered directors/new.html.erb within layouts/application (6.5ms)
Completed 200 OK in 104ms (Views: 90.1ms | ActiveRecord: 1.1ms)


Started POST "/directors" for 127.0.0.1 at 2017-11-23 09:24:13 +1100
Processing by DirectorsController#create as HTML
  Parameters: {"utf8"=>"✓", "authenticity_token"=>"lRPsHEk+bWA+5IMt492OOoN21Sk6zJOPSNGI/OrmeiIUkDz4WMT7/lslkLAZtCY/hdcA3DfOTpccyFGfdJ643Q==", "director"=>{"name"=>"takeshi kitano", "nationality"=>"", "image"=>""}, "commit"=>"Create Director"}
  [1m[35m (0.1ms)[0m  [1m[36mbegin transaction[0m
  [1m[35mSQL (0.6ms)[0m  [1m[32mINSERT INTO "directors" ("name", "nationality", "image", "created_at", "updated_at") VALUES (?, ?, ?, ?, ?)[0m  [["name", "takeshi kitano"], ["nationality", ""], ["image", ""], ["created_at", "2017-11-22 22:24:13.254849"], ["updated_at", "2017-11-22 22:24:13.254849"]]
  [1m[35m (5.7ms)[0m  [1m[36mcommit transaction[0m
Redirected to http://localhost:3000/directors/7
Completed 302 Found in 10ms (ActiveRecord: 6.3ms)


Started GET "/directors/7" for 127.0.0.1 at 2017-11-23 09:24:13 +1100
Processing by DirectorsController#show as HTML
  Parameters: {"id"=>"7"}
  [1m[36mDirector Load (0.2ms)[0m  [1m[34mSELECT  "directors".* FROM "directors" WHERE "directors"."id" = ? LIMIT ?[0m  [["id", 7], ["LIMIT", 1]]
  Rendering directors/show.html.erb within layouts/application
  Rendered directors/show.html.erb within layouts/application (0.7ms)
Completed 200 OK in 28ms (Views: 24.7ms | ActiveRecord: 0.2ms)


Started GET "/directors/7/edit" for 127.0.0.1 at 2017-11-23 09:24:16 +1100
Processing by DirectorsController#edit as HTML
  Parameters: {"id"=>"7"}
  [1m[36mDirector Load (0.2ms)[0m  [1m[34mSELECT  "directors".* FROM "directors" WHERE "directors"."id" = ? LIMIT ?[0m  [["id", 7], ["LIMIT", 1]]
  Rendering directors/edit.html.erb within layouts/application
  Rendered directors/_form.html.erb (1.6ms)
  Rendered directors/edit.html.erb within layouts/application (3.7ms)
Completed 200 OK in 33ms (Views: 27.2ms | ActiveRecord: 0.2ms)


Started PATCH "/directors/7" for 127.0.0.1 at 2017-11-23 09:24:19 +1100
Processing by DirectorsController#update as HTML
  Parameters: {"utf8"=>"✓", "authenticity_token"=>"nHyRKGjewTI29RZu+8V7+kDZMP5+uik81Xd4CTKAniVZolDDsLuDZXwF5LZyAqoXB2bdIHOp5jZnG0Vq/Eg/dQ==", "director"=>{"name"=>"takeshi kitano", "nationality"=>"japanese", "image"=>""}, "commit"=>"Update Director", "id"=>"7"}
  [1m[36mDirector Load (0.2ms)[0m  [1m[34mSELECT  "directors".* FROM "directors" WHERE "directors"."id" = ? LIMIT ?[0m  [["id", 7], ["LIMIT", 1]]
  [1m[35m (0.1ms)[0m  [1m[36mbegin transaction[0m
  [1m[35mSQL (0.7ms)[0m  [1m[33mUPDATE "directors" SET "nationality" = ?, "updated_at" = ? WHERE "directors"."id" = ?[0m  [["nationality", "japanese"], ["updated_at", "2017-11-22 22:24:19.190315"], ["id", 7]]
  [1m[35m (1.9ms)[0m  [1m[36mcommit transaction[0m
Redirected to http://localhost:3000/directors/7
Completed 302 Found in 7ms (ActiveRecord: 2.8ms)


Started GET "/directors/7" for 127.0.0.1 at 2017-11-23 09:24:19 +1100
Processing by DirectorsController#show as HTML
  Parameters: {"id"=>"7"}
  [1m[36mDirector Load (0.2ms)[0m  [1m[34mSELECT  "directors".* FROM "directors" WHERE "directors"."id" = ? LIMIT ?[0m  [["id", 7], ["LIMIT", 1]]
  Rendering directors/show.html.erb within layouts/application
  Rendered directors/show.html.erb within layouts/application (0.7ms)
Completed 200 OK in 34ms (Views: 22.2ms | ActiveRecord: 0.2ms)


Started GET "/directors/" for 127.0.0.1 at 2017-11-23 09:24:24 +1100
Processing by DirectorsController#index as HTML
  Rendering directors/index.html.erb within layouts/application
  [1m[36mDirector Load (0.2ms)[0m  [1m[34mSELECT "directors".* FROM "directors"[0m
  Rendered directors/index.html.erb within layouts/application (1.8ms)
Completed 200 OK in 29ms (Views: 26.6ms | ActiveRecord: 0.2ms)


Started GET "/" for 127.0.0.1 at 2017-11-23 09:26:36 +1100
Processing by FilmsController#index as HTML
  Rendering films/index.html.erb within layouts/application
  [1m[36mFilm Load (0.8ms)[0m  [1m[34mSELECT "films".* FROM "films"[0m
  Rendered films/index.html.erb within layouts/application (10.2ms)
Completed 200 OK in 118ms (Views: 113.9ms | ActiveRecord: 2.2ms)


Started GET "/films/1" for 127.0.0.1 at 2017-11-23 09:26:39 +1100
Processing by FilmsController#show as HTML
  Parameters: {"id"=>"1"}
  Rendering films/show.html.erb within layouts/application
  Rendered films/show.html.erb within layouts/application (0.3ms)
Completed 200 OK in 24ms (Views: 21.5ms | ActiveRecord: 0.0ms)


Started GET "/films/1" for 127.0.0.1 at 2017-11-23 09:27:34 +1100
Processing by FilmsController#show as HTML
  Parameters: {"id"=>"1"}
  [1m[36mFilm Load (0.6ms)[0m  [1m[34mSELECT  "films".* FROM "films" WHERE "films"."id" = ? LIMIT ?[0m  [["id", 1], ["LIMIT", 1]]
  Rendering films/show.html.erb within layouts/application
  Rendered films/show.html.erb within layouts/application (0.3ms)
Completed 200 OK in 37ms (Views: 25.7ms | ActiveRecord: 1.2ms)


Started GET "/films/1" for 127.0.0.1 at 2017-11-23 09:28:55 +1100
Processing by FilmsController#show as HTML
  Parameters: {"id"=>"1"}
  [1m[36mFilm Load (0.2ms)[0m  [1m[34mSELECT  "films".* FROM "films" WHERE "films"."id" = ? LIMIT ?[0m  [["id", 1], ["LIMIT", 1]]
  Rendering films/show.html.erb within layouts/application
  Rendered films/show.html.erb within layouts/application (0.8ms)
Completed 200 OK in 48ms (Views: 35.9ms | ActiveRecord: 0.2ms)


Started GET "/films/new" for 127.0.0.1 at 2017-11-23 09:33:04 +1100
Processing by FilmsController#new as HTML
  Rendering films/new.html.erb within layouts/application
  Rendered films/_form.html.erb (2.0ms)
  Rendered films/new.html.erb within layouts/application (4.0ms)
Completed 200 OK in 43ms (Views: 33.6ms | ActiveRecord: 0.6ms)


Started POST "/films" for 127.0.0.1 at 2017-11-23 09:33:11 +1100
Processing by FilmsController#create as HTML
  Parameters: {"utf8"=>"✓", "authenticity_token"=>"qtTVhKgltsPyajZAt4xbZDyTjCnoKbwVZtVPqGNPK5YrVwVgud8gXZerJd1N5fNhOjJZ3OUrYQ0yzJbL/TfpaQ==", "film"=>{"title"=>"some film", "year"=>"", "image"=>""}, "commit"=>"Create Film"}
  [1m[35m (0.1ms)[0m  [1m[36mbegin transaction[0m
  [1m[35mSQL (0.7ms)[0m  [1m[32mINSERT INTO "films" ("title", "year", "image", "created_at", "updated_at") VALUES (?, ?, ?, ?, ?)[0m  [["title", "some film"], ["year", ""], ["image", ""], ["created_at", "2017-11-22 22:33:11.587405"], ["updated_at", "2017-11-22 22:33:11.587405"]]
  [1m[35m (1.1ms)[0m  [1m[36mcommit transaction[0m
Redirected to http://localhost:3000/films/2
Completed 302 Found in 6ms (ActiveRecord: 1.9ms)


Started GET "/films/2" for 127.0.0.1 at 2017-11-23 09:33:11 +1100
Processing by FilmsController#show as HTML
  Parameters: {"id"=>"2"}
  [1m[36mFilm Load (0.5ms)[0m  [1m[34mSELECT  "films".* FROM "films" WHERE "films"."id" = ? LIMIT ?[0m  [["id", 2], ["LIMIT", 1]]
  Rendering films/show.html.erb within layouts/application
  Rendered films/show.html.erb within layouts/application (0.8ms)
Completed 200 OK in 44ms (Views: 36.9ms | ActiveRecord: 0.5ms)


Started GET "/films" for 127.0.0.1 at 2017-11-23 09:33:14 +1100
Processing by FilmsController#index as HTML
  Rendering films/index.html.erb within layouts/application
  [1m[36mFilm Load (0.2ms)[0m  [1m[34mSELECT "films".* FROM "films"[0m
  Rendered films/index.html.erb within layouts/application (1.4ms)
Completed 200 OK in 26ms (Views: 22.3ms | ActiveRecord: 0.2ms)


Started GET "/films" for 127.0.0.1 at 2017-11-23 09:35:37 +1100
Processing by FilmsController#index as HTML
  Rendering films/index.html.erb within layouts/application
  [1m[36mFilm Load (0.1ms)[0m  [1m[34mSELECT "films".* FROM "films"[0m
  Rendered films/index.html.erb within layouts/application (8.9ms)
Completed 200 OK in 85ms (Views: 81.6ms | ActiveRecord: 1.1ms)


Started GET "/films/2" for 127.0.0.1 at 2017-11-23 09:35:39 +1100
Processing by FilmsController#show as HTML
  Parameters: {"id"=>"2"}
  [1m[36mFilm Load (0.2ms)[0m  [1m[34mSELECT  "films".* FROM "films" WHERE "films"."id" = ? LIMIT ?[0m  [["id", 2], ["LIMIT", 1]]
  Rendering films/show.html.erb within layouts/application
  Rendered films/show.html.erb within layouts/application (1.0ms)
Completed 200 OK in 26ms (Views: 22.5ms | ActiveRecord: 0.2ms)


Started GET "/films/2/edit" for 127.0.0.1 at 2017-11-23 09:35:40 +1100
Processing by FilmsController#edit as HTML
  Parameters: {"id"=>"2"}
  [1m[36mFilm Load (0.1ms)[0m  [1m[34mSELECT  "films".* FROM "films" WHERE "films"."id" = ? LIMIT ?[0m  [["id", 2], ["LIMIT", 1]]
  Rendering films/edit.html.erb within layouts/application
  Rendered films/_form.html.erb (3.7ms)
  Rendered films/edit.html.erb within layouts/application (6.3ms)
Completed 200 OK in 30ms (Views: 27.3ms | ActiveRecord: 0.1ms)


Started PATCH "/films/2" for 127.0.0.1 at 2017-11-23 09:35:43 +1100
  
AbstractController::ActionNotFound (The action 'update' could not be found for FilmsController):
  
actionpack (5.1.4) lib/abstract_controller/base.rb:119:in `process'
actionview (5.1.4) lib/action_view/rendering.rb:30:in `process'
actionpack (5.1.4) lib/action_controller/metal.rb:189:in `dispatch'
actionpack (5.1.4) lib/action_controller/metal.rb:253:in `dispatch'
actionpack (5.1.4) lib/action_dispatch/routing/route_set.rb:49:in `dispatch'
actionpack (5.1.4) lib/action_dispatch/routing/route_set.rb:31:in `serve'
actionpack (5.1.4) lib/action_dispatch/journey/router.rb:50:in `block in serve'
actionpack (5.1.4) lib/action_dispatch/journey/router.rb:33:in `each'
actionpack (5.1.4) lib/action_dispatch/journey/router.rb:33:in `serve'
actionpack (5.1.4) lib/action_dispatch/routing/route_set.rb:834:in `call'
rack (2.0.3) lib/rack/etag.rb:25:in `call'
rack (2.0.3) lib/rack/conditional_get.rb:38:in `call'
rack (2.0.3) lib/rack/head.rb:12:in `call'
rack (2.0.3) lib/rack/session/abstract/id.rb:232:in `context'
rack (2.0.3) lib/rack/session/abstract/id.rb:226:in `call'
actionpack (5.1.4) lib/action_dispatch/middleware/cookies.rb:613:in `call'
activerecord (5.1.4) lib/active_record/migration.rb:556:in `call'
actionpack (5.1.4) lib/action_dispatch/middleware/callbacks.rb:26:in `block in call'
activesupport (5.1.4) lib/active_support/callbacks.rb:97:in `run_callbacks'
actionpack (5.1.4) lib/action_dispatch/middleware/callbacks.rb:24:in `call'
actionpack (5.1.4) lib/action_dispatch/middleware/executor.rb:12:in `call'
actionpack (5.1.4) lib/action_dispatch/middleware/debug_exceptions.rb:59:in `call'
web-console (3.5.1) lib/web_console/middleware.rb:135:in `call_app'
web-console (3.5.1) lib/web_console/middleware.rb:28:in `block in call'
web-console (3.5.1) lib/web_console/middleware.rb:18:in `catch'
web-console (3.5.1) lib/web_console/middleware.rb:18:in `call'
actionpack (5.1.4) lib/action_dispatch/middleware/show_exceptions.rb:31:in `call'
railties (5.1.4) lib/rails/rack/logger.rb:36:in `call_app'
railties (5.1.4) lib/rails/rack/logger.rb:24:in `block in call'
activesupport (5.1.4) lib/active_support/tagged_logging.rb:69:in `block in tagged'
activesupport (5.1.4) lib/active_support/tagged_logging.rb:26:in `tagged'
activesupport (5.1.4) lib/active_support/tagged_logging.rb:69:in `tagged'
railties (5.1.4) lib/rails/rack/logger.rb:24:in `call'
sprockets-rails (3.2.1) lib/sprockets/rails/quiet_assets.rb:13:in `call'
actionpack (5.1.4) lib/action_dispatch/middleware/remote_ip.rb:79:in `call'
actionpack (5.1.4) lib/action_dispatch/middleware/request_id.rb:25:in `call'
rack (2.0.3) lib/rack/method_override.rb:22:in `call'
rack (2.0.3) lib/rack/runtime.rb:22:in `call'
activesupport (5.1.4) lib/active_support/cache/strategy/local_cache_middleware.rb:27:in `call'
actionpack (5.1.4) lib/action_dispatch/middleware/executor.rb:12:in `call'
actionpack (5.1.4) lib/action_dispatch/middleware/static.rb:125:in `call'
rack (2.0.3) lib/rack/sendfile.rb:111:in `call'
railties (5.1.4) lib/rails/engine.rb:522:in `call'
puma (3.11.0) lib/puma/configuration.rb:225:in `call'
puma (3.11.0) lib/puma/server.rb:624:in `handle_request'
puma (3.11.0) lib/puma/server.rb:438:in `process_client'
puma (3.11.0) lib/puma/server.rb:302:in `block in run'
puma (3.11.0) lib/puma/thread_pool.rb:120:in `block in spawn_thread'
Started PATCH "/films/2" for 127.0.0.1 at 2017-11-23 09:36:30 +1100
Processing by FilmsController#update as HTML
  Parameters: {"utf8"=>"✓", "authenticity_token"=>"NuOp0Lopzncoiglkwp1+6zIfLqB0lSOTR9h3h1D7J4/fCjJmj1gcaf2wHb9ZxRb646EbZi/hCghD+AP0Noof8Q==", "film"=>{"title"=>"some films", "year"=>"", "image"=>""}, "commit"=>"Update Film", "id"=>"2"}
  [1m[36mFilm Load (0.1ms)[0m  [1m[34mSELECT  "films".* FROM "films" WHERE "films"."id" = ? LIMIT ?[0m  [["id", 2], ["LIMIT", 1]]
  [1m[35m (0.2ms)[0m  [1m[36mbegin transaction[0m
  [1m[35mSQL (0.3ms)[0m  [1m[33mUPDATE "films" SET "title" = ?, "updated_at" = ? WHERE "films"."id" = ?[0m  [["title", "some films"], ["updated_at", "2017-11-22 22:36:30.579175"], ["id", 2]]
  [1m[35m (1.0ms)[0m  [1m[36mcommit transaction[0m
Redirected to http://localhost:3000/films/2
Completed 302 Found in 18ms (ActiveRecord: 3.8ms)


Started GET "/films/2" for 127.0.0.1 at 2017-11-23 09:36:30 +1100
Processing by FilmsController#show as HTML
  Parameters: {"id"=>"2"}
  [1m[36mFilm Load (0.1ms)[0m  [1m[34mSELECT  "films".* FROM "films" WHERE "films"."id" = ? LIMIT ?[0m  [["id", 2], ["LIMIT", 1]]
  Rendering films/show.html.erb within layouts/application
  Rendered films/show.html.erb within layouts/application (0.9ms)
Completed 200 OK in 34ms (Views: 27.7ms | ActiveRecord: 0.1ms)


Started DELETE "/films/2" for 127.0.0.1 at 2017-11-23 09:37:17 +1100
Processing by FilmsController#destroy as HTML
  Parameters: {"authenticity_token"=>"QlwDiYYyaVjzfLOt6u5R7/12np9KrVUmjnGL+C4rynPD39Ntl8j/xpa9oDAQh/nq+9dLakeviD7aaFKbsFMIjA==", "id"=>"2"}
  [1m[36mFilm Load (0.1ms)[0m  [1m[34mSELECT  "films".* FROM "films" WHERE "films"."id" = ? LIMIT ?[0m  [["id", 2], ["LIMIT", 1]]
  [1m[35m (0.1ms)[0m  [1m[36mbegin transaction[0m
  [1m[35mSQL (0.3ms)[0m  [1m[31mDELETE FROM "films" WHERE "films"."id" = ?[0m  [["id", 2]]
  [1m[35m (0.8ms)[0m  [1m[36mcommit transaction[0m
Redirected to http://localhost:3000/films
Completed 302 Found in 12ms (ActiveRecord: 2.0ms)


Started GET "/films" for 127.0.0.1 at 2017-11-23 09:37:17 +1100
Processing by FilmsController#index as HTML
  Rendering films/index.html.erb within layouts/application
  [1m[36mFilm Load (1.5ms)[0m  [1m[34mSELECT "films".* FROM "films"[0m
  Rendered films/index.html.erb within layouts/application (4.1ms)
Completed 200 OK in 58ms (Views: 52.9ms | ActiveRecord: 1.5ms)


  [1m[35m (0.6ms)[0m  [1m[34mSELECT "schema_migrations"."version" FROM "schema_migrations" ORDER BY "schema_migrations"."version" ASC[0m
Migrating to AddDirectorIdToFilms (20171122224529)
  [1m[35m (0.1ms)[0m  [1m[36mbegin transaction[0m
  [1m[35m (0.4ms)[0m  [1m[35mALTER TABLE "films" ADD "director_id" integer[0m
  [1m[35mSQL (0.5ms)[0m  [1m[32mINSERT INTO "schema_migrations" ("version") VALUES (?)[0m  [["version", "20171122224529"]]
  [1m[35m (0.8ms)[0m  [1m[36mcommit transaction[0m
  [1m[36mActiveRecord::InternalMetadata Load (0.6ms)[0m  [1m[34mSELECT  "ar_internal_metadata".* FROM "ar_internal_metadata" WHERE "ar_internal_metadata"."key" = ? LIMIT ?[0m  [["key", "environment"], ["LIMIT", 1]]
  [1m[35m (0.1ms)[0m  [1m[36mbegin transaction[0m
  [1m[35m (0.1ms)[0m  [1m[36mcommit transaction[0m
  [1m[35m (0.5ms)[0m  [1m[34mSELECT "schema_migrations"."version" FROM "schema_migrations" ORDER BY "schema_migrations"."version" ASC[0m
  [1m[35m (0.2ms)[0m  [1m[34mSELECT "schema_migrations"."version" FROM "schema_migrations" ORDER BY "schema_migrations"."version" ASC[0m
Started GET "/films/1" for 127.0.0.1 at 2017-11-23 09:56:49 +1100
  [1m[35m (0.3ms)[0m  [1m[34mSELECT "schema_migrations"."version" FROM "schema_migrations" ORDER BY "schema_migrations"."version" ASC[0m
Processing by FilmsController#show as HTML
  Parameters: {"id"=>"1"}
  [1m[36mFilm Load (0.3ms)[0m  [1m[34mSELECT  "films".* FROM "films" WHERE "films"."id" = ? LIMIT ?[0m  [["id", 1], ["LIMIT", 1]]
  Rendering films/show.html.erb within layouts/application
  Rendered films/show.html.erb within layouts/application (20.3ms)
Completed 200 OK in 102ms (Views: 61.7ms | ActiveRecord: 1.5ms)


Started GET "/films" for 127.0.0.1 at 2017-11-23 09:56:51 +1100
Processing by FilmsController#index as HTML
  Rendering films/index.html.erb within layouts/application
  [1m[36mFilm Load (0.4ms)[0m  [1m[34mSELECT "films".* FROM "films"[0m
  Rendered films/index.html.erb within layouts/application (4.2ms)
Completed 200 OK in 52ms (Views: 45.2ms | ActiveRecord: 0.4ms)


Started GET "/directors" for 127.0.0.1 at 2017-11-23 09:56:54 +1100
Processing by DirectorsController#index as HTML
  Rendering directors/index.html.erb within layouts/application
  [1m[36mDirector Load (0.2ms)[0m  [1m[34mSELECT "directors".* FROM "directors"[0m
  Rendered directors/index.html.erb within layouts/application (12.4ms)
Completed 200 OK in 50ms (Views: 45.2ms | ActiveRecord: 1.0ms)


Started GET "/directors/new" for 127.0.0.1 at 2017-11-23 09:56:58 +1100
Processing by DirectorsController#new as HTML
  Rendering directors/new.html.erb within layouts/application
  Rendered directors/_form.html.erb (4.2ms)
  Rendered directors/new.html.erb within layouts/application (10.3ms)
Completed 200 OK in 50ms (Views: 46.4ms | ActiveRecord: 0.0ms)


Started GET "/films/new" for 127.0.0.1 at 2017-11-23 09:57:00 +1100
Processing by FilmsController#new as HTML
  Rendering films/new.html.erb within layouts/application
  [1m[35m (0.2ms)[0m  [1m[34mSELECT "directors"."name", "directors"."id" FROM "directors" ORDER BY "directors"."name" ASC[0m
  Rendered films/_form.html.erb (8.4ms)
  Rendered films/new.html.erb within layouts/application (11.3ms)
Completed 200 OK in 43ms (Views: 40.2ms | ActiveRecord: 0.2ms)


Started POST "/films" for 127.0.0.1 at 2017-11-23 09:57:30 +1100
Processing by FilmsController#create as HTML
  Parameters: {"utf8"=>"✓", "authenticity_token"=>"5qgLnmX+JjHozvuvwM9YCNIlme/sMPAI2SbRWoA/504p/74Qc/FQuHVn8A8b8ZyM+ToKKam9tzGcz6lRGWNigg==", "film"=>{"title"=>"gewalt! gewalt: shojo geba geba", "year"=>"1969", "image"=>"", "director_id"=>""}, "commit"=>"Create Film"}
Unpermitted parameter: :director_id
  [1m[35m (0.1ms)[0m  [1m[36mbegin transaction[0m
  [1m[35m (0.0ms)[0m  [1m[31mrollback transaction[0m
Completed 500 Internal Server Error in 4ms (ActiveRecord: 0.1ms)


  
ActionController::UrlGenerationError (No route matches {:action=>"show", :controller=>"films", :id=>nil}, missing required keys: [:id]):
  
app/controllers/films_controller.rb:12:in `create'
Started POST "/films" for 127.0.0.1 at 2017-11-23 09:58:35 +1100
Processing by FilmsController#create as HTML
  Parameters: {"utf8"=>"✓", "authenticity_token"=>"5qgLnmX+JjHozvuvwM9YCNIlme/sMPAI2SbRWoA/504p/74Qc/FQuHVn8A8b8ZyM+ToKKam9tzGcz6lRGWNigg==", "film"=>{"title"=>"gewalt! gewalt: shojo geba geba", "year"=>"1969", "image"=>"", "director_id"=>""}, "commit"=>"Create Film"}
  [1m[35m (0.1ms)[0m  [1m[36mbegin transaction[0m
  [1m[35m (0.0ms)[0m  [1m[31mrollback transaction[0m
Completed 500 Internal Server Error in 20ms (ActiveRecord: 2.5ms)


  
ActionController::UrlGenerationError (No route matches {:action=>"show", :controller=>"films", :id=>nil}, missing required keys: [:id]):
  
app/controllers/films_controller.rb:12:in `create'
Started GET "/films" for 127.0.0.1 at 2017-11-23 10:04:07 +1100
Processing by FilmsController#index as HTML
  Rendering films/index.html.erb within layouts/application
  [1m[36mFilm Load (0.9ms)[0m  [1m[34mSELECT "films".* FROM "films"[0m
  Rendered films/index.html.erb within layouts/application (16.9ms)
Completed 200 OK in 72ms (Views: 58.7ms | ActiveRecord: 0.9ms)


Started GET "/films/new" for 127.0.0.1 at 2017-11-23 10:04:08 +1100
Processing by FilmsController#new as HTML
  Rendering films/new.html.erb within layouts/application
  [1m[35m (1.0ms)[0m  [1m[34mSELECT "directors"."name", "directors"."id" FROM "directors" ORDER BY "directors"."name" ASC[0m
  Rendered films/_form.html.erb (11.1ms)
  Rendered films/new.html.erb within layouts/application (14.4ms)
Completed 200 OK in 50ms (Views: 42.9ms | ActiveRecord: 1.3ms)


Started POST "/films" for 127.0.0.1 at 2017-11-23 10:04:20 +1100
Processing by FilmsController#create as HTML
  Parameters: {"utf8"=>"✓", "authenticity_token"=>"6mrpCS1cFFz+R5x149sIPfojyF3NRtBEeUt0GPSxSsElPVyHO1Ni1WPul9U45cy50Txbm4jLl308ogwTbe3PDQ==", "film"=>{"title"=>"some films", "year"=>"1990", "image"=>"", "director_id"=>"5"}, "commit"=>"Create Film"}
  [1m[35m (0.2ms)[0m  [1m[36mbegin transaction[0m
  [1m[36mDirector Load (1.2ms)[0m  [1m[34mSELECT  "directors".* FROM "directors" WHERE "directors"."id" = ? LIMIT ?[0m  [["id", 5], ["LIMIT", 1]]
  [1m[35mSQL (0.8ms)[0m  [1m[32mINSERT INTO "films" ("title", "year", "image", "created_at", "updated_at", "director_id") VALUES (?, ?, ?, ?, ?, ?)[0m  [["title", "some films"], ["year", "1990"], ["image", ""], ["created_at", "2017-11-22 23:04:20.695874"], ["updated_at", "2017-11-22 23:04:20.695874"], ["director_id", 5]]
  [1m[35m (1.1ms)[0m  [1m[36mcommit transaction[0m
Redirected to http://localhost:3000/films/3
Completed 302 Found in 36ms (ActiveRecord: 3.6ms)


Started GET "/films/3" for 127.0.0.1 at 2017-11-23 10:04:20 +1100
Processing by FilmsController#show as HTML
  Parameters: {"id"=>"3"}
  [1m[36mFilm Load (0.3ms)[0m  [1m[34mSELECT  "films".* FROM "films" WHERE "films"."id" = ? LIMIT ?[0m  [["id", 3], ["LIMIT", 1]]
  Rendering films/show.html.erb within layouts/application
  [1m[36mDirector Load (0.1ms)[0m  [1m[34mSELECT  "directors".* FROM "directors" WHERE "directors"."id" = ? LIMIT ?[0m  [["id", 5], ["LIMIT", 1]]
  Rendered films/show.html.erb within layouts/application (5.3ms)
Completed 200 OK in 42ms (Views: 38.6ms | ActiveRecord: 0.4ms)


Started GET "/directors/new" for 127.0.0.1 at 2017-11-23 10:04:30 +1100
Processing by DirectorsController#new as HTML
  Rendering directors/new.html.erb within layouts/application
  Rendered directors/_form.html.erb (1.8ms)
  Rendered directors/new.html.erb within layouts/application (6.6ms)
Completed 200 OK in 28ms (Views: 25.2ms | ActiveRecord: 0.0ms)


Started POST "/directors" for 127.0.0.1 at 2017-11-23 10:05:01 +1100
Processing by DirectorsController#create as HTML
  Parameters: {"utf8"=>"✓", "authenticity_token"=>"HImWDibrOdNImZQyXCYAsqJEMWcwcGhje8BTdS/TJv+hvRrCMIuAhyPmcI7C2s4qoAep8ExyMyF98WpyhSArGQ==", "director"=>{"name"=>"some guy", "nationality"=>"place", "image"=>""}, "commit"=>"Create Director"}
  [1m[35m (0.1ms)[0m  [1m[36mbegin transaction[0m
  [1m[35mSQL (0.6ms)[0m  [1m[32mINSERT INTO "directors" ("name", "nationality", "image", "created_at", "updated_at") VALUES (?, ?, ?, ?, ?)[0m  [["name", "some guy"], ["nationality", "place"], ["image", ""], ["created_at", "2017-11-22 23:05:02.002533"], ["updated_at", "2017-11-22 23:05:02.002533"]]
  [1m[35m (1.0ms)[0m  [1m[36mcommit transaction[0m
Redirected to http://localhost:3000/directors/8
Completed 302 Found in 7ms (ActiveRecord: 1.7ms)


Started GET "/directors/8" for 127.0.0.1 at 2017-11-23 10:05:02 +1100
Processing by DirectorsController#show as HTML
  Parameters: {"id"=>"8"}
  [1m[36mDirector Load (0.2ms)[0m  [1m[34mSELECT  "directors".* FROM "directors" WHERE "directors"."id" = ? LIMIT ?[0m  [["id", 8], ["LIMIT", 1]]
  Rendering directors/show.html.erb within layouts/application
  [1m[36mFilm Load (0.2ms)[0m  [1m[34mSELECT "films".* FROM "films" WHERE "films"."director_id" = ?[0m  [["director_id", 8]]
  Rendered directors/show.html.erb within layouts/application (14.2ms)
Completed 200 OK in 90ms (Views: 75.3ms | ActiveRecord: 0.4ms)


Started GET "/directors" for 127.0.0.1 at 2017-11-23 10:05:03 +1100
Processing by DirectorsController#index as HTML
  Rendering directors/index.html.erb within layouts/application
  [1m[36mDirector Load (0.2ms)[0m  [1m[34mSELECT "directors".* FROM "directors"[0m
  Rendered directors/index.html.erb within layouts/application (2.0ms)
Completed 200 OK in 25ms (Views: 20.1ms | ActiveRecord: 0.2ms)


Started GET "/films/new" for 127.0.0.1 at 2017-11-23 10:05:06 +1100
Processing by FilmsController#new as HTML
  Rendering films/new.html.erb within layouts/application
  [1m[35m (0.2ms)[0m  [1m[34mSELECT "directors"."name", "directors"."id" FROM "directors" ORDER BY "directors"."name" ASC[0m
  Rendered films/_form.html.erb (4.7ms)
  Rendered films/new.html.erb within layouts/application (13.4ms)
Completed 200 OK in 40ms (Views: 37.2ms | ActiveRecord: 0.2ms)


Started GET "/films" for 127.0.0.1 at 2017-11-23 10:05:07 +1100
Processing by FilmsController#index as HTML
  Rendering films/index.html.erb within layouts/application
  [1m[36mFilm Load (0.9ms)[0m  [1m[34mSELECT "films".* FROM "films"[0m
  Rendered films/index.html.erb within layouts/application (4.3ms)
Completed 200 OK in 30ms (Views: 25.4ms | ActiveRecord: 0.9ms)


Started GET "/films/new" for 127.0.0.1 at 2017-11-23 10:05:12 +1100
Processing by FilmsController#new as HTML
  Rendering films/new.html.erb within layouts/application
  [1m[35m (0.2ms)[0m  [1m[34mSELECT "directors"."name", "directors"."id" FROM "directors" ORDER BY "directors"."name" ASC[0m
  Rendered films/_form.html.erb (5.2ms)
  Rendered films/new.html.erb within layouts/application (10.1ms)
Completed 200 OK in 50ms (Views: 43.7ms | ActiveRecord: 0.2ms)


Started POST "/films" for 127.0.0.1 at 2017-11-23 10:05:21 +1100
Processing by FilmsController#create as HTML
  Parameters: {"utf8"=>"✓", "authenticity_token"=>"aRg+WAKc+JVuv8alLdp8lRi0UgbYfFW0UG3aTfsgAyOmT4vWFJOOHPMWzQX25LgRM6vBwJ3xEo0VhKJGYnyG7w==", "film"=>{"title"=>"gewalt! gewalt: shojo geba geba", "year"=>"1969", "image"=>"", "director_id"=>""}, "commit"=>"Create Film"}
  [1m[35m (0.0ms)[0m  [1m[36mbegin transaction[0m
  [1m[35m (0.0ms)[0m  [1m[31mrollback transaction[0m
Completed 500 Internal Server Error in 2ms (ActiveRecord: 0.1ms)


  
ActionController::UrlGenerationError (No route matches {:action=>"show", :controller=>"films", :id=>nil}, missing required keys: [:id]):
  
app/controllers/films_controller.rb:12:in `create'
Started GET "/directors/new" for 127.0.0.1 at 2017-11-23 10:05:27 +1100
Processing by DirectorsController#new as HTML
  Rendering directors/new.html.erb within layouts/application
  Rendered directors/_form.html.erb (1.7ms)
  Rendered directors/new.html.erb within layouts/application (4.3ms)
Completed 200 OK in 33ms (Views: 26.8ms | ActiveRecord: 0.0ms)


Started POST "/directors" for 127.0.0.1 at 2017-11-23 10:05:34 +1100
Processing by DirectorsController#create as HTML
  Parameters: {"utf8"=>"✓", "authenticity_token"=>"OtjRGztlJ0nh7pkZBk5ZWuVIVRykamQAJbZxz/CZ0VyH7F3XLQWeHYqRfaWYspfC5wvNi9hoP0Ijh0jIWmrcug==", "director"=>{"name"=>"koji wakamatsu", "nationality"=>"japanese", "image"=>""}, "commit"=>"Create Director"}
  [1m[35m (0.1ms)[0m  [1m[36mbegin transaction[0m
  [1m[35mSQL (0.5ms)[0m  [1m[32mINSERT INTO "directors" ("name", "nationality", "image", "created_at", "updated_at") VALUES (?, ?, ?, ?, ?)[0m  [["name", "koji wakamatsu"], ["nationality", "japanese"], ["image", ""], ["created_at", "2017-11-22 23:05:34.381198"], ["updated_at", "2017-11-22 23:05:34.381198"]]
  [1m[35m (0.9ms)[0m  [1m[36mcommit transaction[0m
Redirected to http://localhost:3000/directors/9
Completed 302 Found in 6ms (ActiveRecord: 1.5ms)


Started GET "/directors/9" for 127.0.0.1 at 2017-11-23 10:05:34 +1100
Processing by DirectorsController#show as HTML
  Parameters: {"id"=>"9"}
  [1m[36mDirector Load (0.1ms)[0m  [1m[34mSELECT  "directors".* FROM "directors" WHERE "directors"."id" = ? LIMIT ?[0m  [["id", 9], ["LIMIT", 1]]
  Rendering directors/show.html.erb within layouts/application
  [1m[36mFilm Load (0.3ms)[0m  [1m[34mSELECT "films".* FROM "films" WHERE "films"."director_id" = ?[0m  [["director_id", 9]]
  Rendered directors/show.html.erb within layouts/application (5.9ms)
Completed 200 OK in 45ms (Views: 41.0ms | ActiveRecord: 0.5ms)


Started GET "/films/new" for 127.0.0.1 at 2017-11-23 10:05:36 +1100
Processing by FilmsController#new as HTML
  Rendering films/new.html.erb within layouts/application
  [1m[35m (0.2ms)[0m  [1m[34mSELECT "directors"."name", "directors"."id" FROM "directors" ORDER BY "directors"."name" ASC[0m
  Rendered films/_form.html.erb (3.0ms)
  Rendered films/new.html.erb within layouts/application (6.4ms)
Completed 200 OK in 35ms (Views: 31.6ms | ActiveRecord: 0.2ms)


Started POST "/films" for 127.0.0.1 at 2017-11-23 10:05:46 +1100
Processing by FilmsController#create as HTML
  Parameters: {"utf8"=>"✓", "authenticity_token"=>"C5V5aMFqPrnfXwtXPyUlwINh8MHOhGfX/+FiuPfT/c7Ewszm12VIMEL2APfkG+FEqH5jB4sJIO66CBqzbo94Ag==", "film"=>{"title"=>"gewalt! gewalt: shojo geba geba", "year"=>"1969", "image"=>"", "director_id"=>"9"}, "commit"=>"Create Film"}
  [1m[35m (0.1ms)[0m  [1m[36mbegin transaction[0m
  [1m[36mDirector Load (0.1ms)[0m  [1m[34mSELECT  "directors".* FROM "directors" WHERE "directors"."id" = ? LIMIT ?[0m  [["id", 9], ["LIMIT", 1]]
  [1m[35mSQL (0.4ms)[0m  [1m[32mINSERT INTO "films" ("title", "year", "image", "created_at", "updated_at", "director_id") VALUES (?, ?, ?, ?, ?, ?)[0m  [["title", "gewalt! gewalt: shojo geba geba"], ["year", "1969"], ["image", ""], ["created_at", "2017-11-22 23:05:46.530500"], ["updated_at", "2017-11-22 23:05:46.530500"], ["director_id", 9]]
  [1m[35m (0.9ms)[0m  [1m[36mcommit transaction[0m
Redirected to http://localhost:3000/films/4
Completed 302 Found in 6ms (ActiveRecord: 1.5ms)


Started GET "/films/4" for 127.0.0.1 at 2017-11-23 10:05:46 +1100
Processing by FilmsController#show as HTML
  Parameters: {"id"=>"4"}
  [1m[36mFilm Load (0.2ms)[0m  [1m[34mSELECT  "films".* FROM "films" WHERE "films"."id" = ? LIMIT ?[0m  [["id", 4], ["LIMIT", 1]]
  Rendering films/show.html.erb within layouts/application
  [1m[36mDirector Load (0.1ms)[0m  [1m[34mSELECT  "directors".* FROM "directors" WHERE "directors"."id" = ? LIMIT ?[0m  [["id", 9], ["LIMIT", 1]]
  Rendered films/show.html.erb within layouts/application (4.5ms)
Completed 200 OK in 36ms (Views: 31.4ms | ActiveRecord: 0.3ms)


Started GET "/films" for 127.0.0.1 at 2017-11-23 10:05:54 +1100
Processing by FilmsController#index as HTML
  Rendering films/index.html.erb within layouts/application
  [1m[36mFilm Load (0.2ms)[0m  [1m[34mSELECT "films".* FROM "films"[0m
  Rendered films/index.html.erb within layouts/application (1.5ms)
Completed 200 OK in 28ms (Views: 25.5ms | ActiveRecord: 0.2ms)


Started GET "/films/4" for 127.0.0.1 at 2017-11-23 10:05:56 +1100
Processing by FilmsController#show as HTML
  Parameters: {"id"=>"4"}
  [1m[36mFilm Load (0.2ms)[0m  [1m[34mSELECT  "films".* FROM "films" WHERE "films"."id" = ? LIMIT ?[0m  [["id", 4], ["LIMIT", 1]]
  Rendering films/show.html.erb within layouts/application
  [1m[36mDirector Load (0.1ms)[0m  [1m[34mSELECT  "directors".* FROM "directors" WHERE "directors"."id" = ? LIMIT ?[0m  [["id", 9], ["LIMIT", 1]]
  Rendered films/show.html.erb within layouts/application (4.5ms)
Completed 200 OK in 37ms (Views: 29.9ms | ActiveRecord: 0.4ms)


Started GET "/films" for 127.0.0.1 at 2017-11-23 10:06:02 +1100
Processing by FilmsController#index as HTML
  Rendering films/index.html.erb within layouts/application
  [1m[36mFilm Load (0.2ms)[0m  [1m[34mSELECT "films".* FROM "films"[0m
  Rendered films/index.html.erb within layouts/application (1.8ms)
Completed 200 OK in 48ms (Views: 44.1ms | ActiveRecord: 0.2ms)


